Determining if the function floor exists failed with the following output:
Change Dir: /home/tcs/server/CMakeFiles/CMakeTmp

Run Build Command:"/usr/bin/make" "cmTC_be8fc/fast"
/usr/bin/make -f CMakeFiles/cmTC_be8fc.dir/build.make CMakeFiles/cmTC_be8fc.dir/build
make[1]: Entering directory '/home/tcs/server/CMakeFiles/CMakeTmp'
Building C object CMakeFiles/cmTC_be8fc.dir/CheckFunctionExists.c.o
/usr/bin/cc -D_GNU_SOURCE=1  -pie -fPIC -Wl,-z,relro,-z,now -fstack-protector --param=ssp-buffer-size=4 -fPIC -DCHECK_FUNCTION_EXISTS=floor   -o CMakeFiles/cmTC_be8fc.dir/CheckFunctionExists.c.o   -c /usr/share/cmake-3.10/Modules/CheckFunctionExists.c
<command-line>:0:23: warning: conflicting types for built-in function ‘floor’ [-Wbuiltin-declaration-mismatch]
/usr/share/cmake-3.10/Modules/CheckFunctionExists.c:7:3: note: in expansion of macro ‘CHECK_FUNCTION_EXISTS’
   CHECK_FUNCTION_EXISTS(void);
   ^~~~~~~~~~~~~~~~~~~~~
Linking C executable cmTC_be8fc
/usr/bin/cmake -E cmake_link_script CMakeFiles/cmTC_be8fc.dir/link.txt --verbose=1
/usr/bin/cc  -pie -fPIC -Wl,-z,relro,-z,now -fstack-protector --param=ssp-buffer-size=4 -fPIC -DCHECK_FUNCTION_EXISTS=floor    -rdynamic CMakeFiles/cmTC_be8fc.dir/CheckFunctionExists.c.o  -o cmTC_be8fc 
CMakeFiles/cmTC_be8fc.dir/CheckFunctionExists.c.o: In function `main':
CheckFunctionExists.c:(.text+0x10): undefined reference to `floor'
collect2: error: ld returned 1 exit status
CMakeFiles/cmTC_be8fc.dir/build.make:97: recipe for target 'cmTC_be8fc' failed
make[1]: *** [cmTC_be8fc] Error 1
make[1]: Leaving directory '/home/tcs/server/CMakeFiles/CMakeTmp'
Makefile:126: recipe for target 'cmTC_be8fc/fast' failed
make: *** [cmTC_be8fc/fast] Error 2


Determining if the function crypt exists failed with the following output:
Change Dir: /home/tcs/server/CMakeFiles/CMakeTmp

Run Build Command:"/usr/bin/make" "cmTC_6b8cc/fast"
/usr/bin/make -f CMakeFiles/cmTC_6b8cc.dir/build.make CMakeFiles/cmTC_6b8cc.dir/build
make[1]: Entering directory '/home/tcs/server/CMakeFiles/CMakeTmp'
Building C object CMakeFiles/cmTC_6b8cc.dir/CheckFunctionExists.c.o
/usr/bin/cc -D_GNU_SOURCE=1  -pie -fPIC -Wl,-z,relro,-z,now -fstack-protector --param=ssp-buffer-size=4 -fPIC -DCHECK_FUNCTION_EXISTS=crypt   -o CMakeFiles/cmTC_6b8cc.dir/CheckFunctionExists.c.o   -c /usr/share/cmake-3.10/Modules/CheckFunctionExists.c
Linking C executable cmTC_6b8cc
/usr/bin/cmake -E cmake_link_script CMakeFiles/cmTC_6b8cc.dir/link.txt --verbose=1
/usr/bin/cc  -pie -fPIC -Wl,-z,relro,-z,now -fstack-protector --param=ssp-buffer-size=4 -fPIC -DCHECK_FUNCTION_EXISTS=crypt    -rdynamic CMakeFiles/cmTC_6b8cc.dir/CheckFunctionExists.c.o  -o cmTC_6b8cc 
CMakeFiles/cmTC_6b8cc.dir/CheckFunctionExists.c.o: In function `main':
CheckFunctionExists.c:(.text+0x10): undefined reference to `crypt'
collect2: error: ld returned 1 exit status
CMakeFiles/cmTC_6b8cc.dir/build.make:97: recipe for target 'cmTC_6b8cc' failed
make[1]: *** [cmTC_6b8cc] Error 1
make[1]: Leaving directory '/home/tcs/server/CMakeFiles/CMakeTmp'
Makefile:126: recipe for target 'cmTC_6b8cc/fast' failed
make: *** [cmTC_6b8cc/fast] Error 2


Determining if the function dlopen exists failed with the following output:
Change Dir: /home/tcs/server/CMakeFiles/CMakeTmp

Run Build Command:"/usr/bin/make" "cmTC_2e627/fast"
/usr/bin/make -f CMakeFiles/cmTC_2e627.dir/build.make CMakeFiles/cmTC_2e627.dir/build
make[1]: Entering directory '/home/tcs/server/CMakeFiles/CMakeTmp'
Building C object CMakeFiles/cmTC_2e627.dir/CheckFunctionExists.c.o
/usr/bin/cc -D_GNU_SOURCE=1  -pie -fPIC -Wl,-z,relro,-z,now -fstack-protector --param=ssp-buffer-size=4 -fPIC -DCHECK_FUNCTION_EXISTS=dlopen   -o CMakeFiles/cmTC_2e627.dir/CheckFunctionExists.c.o   -c /usr/share/cmake-3.10/Modules/CheckFunctionExists.c
Linking C executable cmTC_2e627
/usr/bin/cmake -E cmake_link_script CMakeFiles/cmTC_2e627.dir/link.txt --verbose=1
/usr/bin/cc  -pie -fPIC -Wl,-z,relro,-z,now -fstack-protector --param=ssp-buffer-size=4 -fPIC -DCHECK_FUNCTION_EXISTS=dlopen    -rdynamic CMakeFiles/cmTC_2e627.dir/CheckFunctionExists.c.o  -o cmTC_2e627 
CMakeFiles/cmTC_2e627.dir/CheckFunctionExists.c.o: In function `main':
CheckFunctionExists.c:(.text+0x10): undefined reference to `dlopen'
collect2: error: ld returned 1 exit status
CMakeFiles/cmTC_2e627.dir/build.make:97: recipe for target 'cmTC_2e627' failed
make[1]: *** [cmTC_2e627] Error 1
make[1]: Leaving directory '/home/tcs/server/CMakeFiles/CMakeTmp'
Makefile:126: recipe for target 'cmTC_2e627/fast' failed
make: *** [cmTC_2e627/fast] Error 2


Determining if the pthread_create exist failed with the following output:
Change Dir: /home/tcs/server/CMakeFiles/CMakeTmp

Run Build Command:"/usr/bin/make" "cmTC_a7785/fast"
/usr/bin/make -f CMakeFiles/cmTC_a7785.dir/build.make CMakeFiles/cmTC_a7785.dir/build
make[1]: Entering directory '/home/tcs/server/CMakeFiles/CMakeTmp'
Building C object CMakeFiles/cmTC_a7785.dir/CheckSymbolExists.c.o
/usr/bin/cc -D_GNU_SOURCE=1  -pie -fPIC -Wl,-z,relro,-z,now -fstack-protector --param=ssp-buffer-size=4 -fPIC    -o CMakeFiles/cmTC_a7785.dir/CheckSymbolExists.c.o   -c /home/tcs/server/CMakeFiles/CMakeTmp/CheckSymbolExists.c
Linking C executable cmTC_a7785
/usr/bin/cmake -E cmake_link_script CMakeFiles/cmTC_a7785.dir/link.txt --verbose=1
/usr/bin/cc  -pie -fPIC -Wl,-z,relro,-z,now -fstack-protector --param=ssp-buffer-size=4 -fPIC     -rdynamic CMakeFiles/cmTC_a7785.dir/CheckSymbolExists.c.o  -o cmTC_a7785 
CMakeFiles/cmTC_a7785.dir/CheckSymbolExists.c.o: In function `main':
CheckSymbolExists.c:(.text+0x1b): undefined reference to `pthread_create'
collect2: error: ld returned 1 exit status
CMakeFiles/cmTC_a7785.dir/build.make:97: recipe for target 'cmTC_a7785' failed
make[1]: *** [cmTC_a7785] Error 1
make[1]: Leaving directory '/home/tcs/server/CMakeFiles/CMakeTmp'
Makefile:126: recipe for target 'cmTC_a7785/fast' failed
make: *** [cmTC_a7785/fast] Error 2

File /home/tcs/server/CMakeFiles/CMakeTmp/CheckSymbolExists.c:
/* */
#include <pthread.h>

int main(int argc, char** argv)
{
  (void)argv;
#ifndef pthread_create
  return ((int*)(&pthread_create))[argc];
#else
  (void)argc;
  return 0;
#endif
}

Determining if the function pthread_create exists in the pthreads failed with the following output:
Change Dir: /home/tcs/server/CMakeFiles/CMakeTmp

Run Build Command:"/usr/bin/make" "cmTC_7740f/fast"
/usr/bin/make -f CMakeFiles/cmTC_7740f.dir/build.make CMakeFiles/cmTC_7740f.dir/build
make[1]: Entering directory '/home/tcs/server/CMakeFiles/CMakeTmp'
Building C object CMakeFiles/cmTC_7740f.dir/CheckFunctionExists.c.o
/usr/bin/cc -D_GNU_SOURCE=1  -pie -fPIC -Wl,-z,relro,-z,now -fstack-protector --param=ssp-buffer-size=4 -fPIC -DCHECK_FUNCTION_EXISTS=pthread_create   -o CMakeFiles/cmTC_7740f.dir/CheckFunctionExists.c.o   -c /usr/share/cmake-3.10/Modules/CheckFunctionExists.c
Linking C executable cmTC_7740f
/usr/bin/cmake -E cmake_link_script CMakeFiles/cmTC_7740f.dir/link.txt --verbose=1
/usr/bin/cc  -pie -fPIC -Wl,-z,relro,-z,now -fstack-protector --param=ssp-buffer-size=4 -fPIC -DCHECK_FUNCTION_EXISTS=pthread_create    -rdynamic CMakeFiles/cmTC_7740f.dir/CheckFunctionExists.c.o  -o cmTC_7740f -lpthreads 
/usr/bin/x86_64-linux-gnu-ld: cannot find -lpthreads
collect2: error: ld returned 1 exit status
CMakeFiles/cmTC_7740f.dir/build.make:97: recipe for target 'cmTC_7740f' failed
make[1]: *** [cmTC_7740f] Error 1
make[1]: Leaving directory '/home/tcs/server/CMakeFiles/CMakeTmp'
Makefile:126: recipe for target 'cmTC_7740f/fast' failed
make: *** [cmTC_7740f/fast] Error 2


Determining if files ieeefp.h exist failed with the following output:
Change Dir: /home/tcs/server/CMakeFiles/CMakeTmp

Run Build Command:"/usr/bin/make" "cmTC_4339f/fast"
/usr/bin/make -f CMakeFiles/cmTC_4339f.dir/build.make CMakeFiles/cmTC_4339f.dir/build
make[1]: Entering directory '/home/tcs/server/CMakeFiles/CMakeTmp'
Building C object CMakeFiles/cmTC_4339f.dir/CheckIncludeFiles.c.o
/usr/bin/cc -D_GNU_SOURCE=1  -pie -fPIC -Wl,-z,relro,-z,now -fstack-protector --param=ssp-buffer-size=4 -fPIC    -o CMakeFiles/cmTC_4339f.dir/CheckIncludeFiles.c.o   -c /home/tcs/server/CMakeFiles/CMakeTmp/CheckIncludeFiles.c
/home/tcs/server/CMakeFiles/CMakeTmp/CheckIncludeFiles.c:2:10: fatal error: ieeefp.h: No such file or directory
 #include <ieeefp.h>
          ^~~~~~~~~~
compilation terminated.
CMakeFiles/cmTC_4339f.dir/build.make:65: recipe for target 'CMakeFiles/cmTC_4339f.dir/CheckIncludeFiles.c.o' failed
make[1]: *** [CMakeFiles/cmTC_4339f.dir/CheckIncludeFiles.c.o] Error 1
make[1]: Leaving directory '/home/tcs/server/CMakeFiles/CMakeTmp'
Makefile:126: recipe for target 'cmTC_4339f/fast' failed
make: *** [cmTC_4339f/fast] Error 2

Source:
/* */
#include <ieeefp.h>


int main(void){return 0;}

Determining if files ndir.h exist failed with the following output:
Change Dir: /home/tcs/server/CMakeFiles/CMakeTmp

Run Build Command:"/usr/bin/make" "cmTC_bfa7c/fast"
/usr/bin/make -f CMakeFiles/cmTC_bfa7c.dir/build.make CMakeFiles/cmTC_bfa7c.dir/build
make[1]: Entering directory '/home/tcs/server/CMakeFiles/CMakeTmp'
Building C object CMakeFiles/cmTC_bfa7c.dir/CheckIncludeFiles.c.o
/usr/bin/cc -D_GNU_SOURCE=1  -pie -fPIC -Wl,-z,relro,-z,now -fstack-protector --param=ssp-buffer-size=4 -fPIC    -o CMakeFiles/cmTC_bfa7c.dir/CheckIncludeFiles.c.o   -c /home/tcs/server/CMakeFiles/CMakeTmp/CheckIncludeFiles.c
/home/tcs/server/CMakeFiles/CMakeTmp/CheckIncludeFiles.c:2:10: fatal error: ndir.h: No such file or directory
 #include <ndir.h>
          ^~~~~~~~
compilation terminated.
CMakeFiles/cmTC_bfa7c.dir/build.make:65: recipe for target 'CMakeFiles/cmTC_bfa7c.dir/CheckIncludeFiles.c.o' failed
make[1]: *** [CMakeFiles/cmTC_bfa7c.dir/CheckIncludeFiles.c.o] Error 1
make[1]: Leaving directory '/home/tcs/server/CMakeFiles/CMakeTmp'
Makefile:126: recipe for target 'cmTC_bfa7c/fast' failed
make: *** [cmTC_bfa7c/fast] Error 2

Source:
/* */
#include <ndir.h>


int main(void){return 0;}

Determining if files select.h exist failed with the following output:
Change Dir: /home/tcs/server/CMakeFiles/CMakeTmp

Run Build Command:"/usr/bin/make" "cmTC_6502b/fast"
/usr/bin/make -f CMakeFiles/cmTC_6502b.dir/build.make CMakeFiles/cmTC_6502b.dir/build
make[1]: Entering directory '/home/tcs/server/CMakeFiles/CMakeTmp'
Building C object CMakeFiles/cmTC_6502b.dir/CheckIncludeFiles.c.o
/usr/bin/cc -D_GNU_SOURCE=1  -pie -fPIC -Wl,-z,relro,-z,now -fstack-protector --param=ssp-buffer-size=4 -fPIC    -o CMakeFiles/cmTC_6502b.dir/CheckIncludeFiles.c.o   -c /home/tcs/server/CMakeFiles/CMakeTmp/CheckIncludeFiles.c
/home/tcs/server/CMakeFiles/CMakeTmp/CheckIncludeFiles.c:2:10: fatal error: select.h: No such file or directory
 #include <select.h>
          ^~~~~~~~~~
compilation terminated.
CMakeFiles/cmTC_6502b.dir/build.make:65: recipe for target 'CMakeFiles/cmTC_6502b.dir/CheckIncludeFiles.c.o' failed
make[1]: *** [CMakeFiles/cmTC_6502b.dir/CheckIncludeFiles.c.o] Error 1
make[1]: Leaving directory '/home/tcs/server/CMakeFiles/CMakeTmp'
Makefile:126: recipe for target 'cmTC_6502b/fast' failed
make: *** [cmTC_6502b/fast] Error 2

Source:
/* */
#include <select.h>


int main(void){return 0;}

Determining if files sys/types.h;sys/event.h exist failed with the following output:
Change Dir: /home/tcs/server/CMakeFiles/CMakeTmp

Run Build Command:"/usr/bin/make" "cmTC_2829f/fast"
/usr/bin/make -f CMakeFiles/cmTC_2829f.dir/build.make CMakeFiles/cmTC_2829f.dir/build
make[1]: Entering directory '/home/tcs/server/CMakeFiles/CMakeTmp'
Building C object CMakeFiles/cmTC_2829f.dir/CheckIncludeFiles.c.o
/usr/bin/cc -D_GNU_SOURCE=1  -pie -fPIC -Wl,-z,relro,-z,now -fstack-protector --param=ssp-buffer-size=4 -fPIC    -o CMakeFiles/cmTC_2829f.dir/CheckIncludeFiles.c.o   -c /home/tcs/server/CMakeFiles/CMakeTmp/CheckIncludeFiles.c
/home/tcs/server/CMakeFiles/CMakeTmp/CheckIncludeFiles.c:3:10: fatal error: sys/event.h: No such file or directory
 #include <sys/event.h>
          ^~~~~~~~~~~~~
compilation terminated.
CMakeFiles/cmTC_2829f.dir/build.make:65: recipe for target 'CMakeFiles/cmTC_2829f.dir/CheckIncludeFiles.c.o' failed
make[1]: *** [CMakeFiles/cmTC_2829f.dir/CheckIncludeFiles.c.o] Error 1
make[1]: Leaving directory '/home/tcs/server/CMakeFiles/CMakeTmp'
Makefile:126: recipe for target 'cmTC_2829f/fast' failed
make: *** [cmTC_2829f/fast] Error 2

Source:
/* */
#include <sys/types.h>
#include <sys/event.h>


int main(void){return 0;}

Determining if files sys/ndir.h exist failed with the following output:
Change Dir: /home/tcs/server/CMakeFiles/CMakeTmp

Run Build Command:"/usr/bin/make" "cmTC_86897/fast"
/usr/bin/make -f CMakeFiles/cmTC_86897.dir/build.make CMakeFiles/cmTC_86897.dir/build
make[1]: Entering directory '/home/tcs/server/CMakeFiles/CMakeTmp'
Building C object CMakeFiles/cmTC_86897.dir/CheckIncludeFiles.c.o
/usr/bin/cc -D_GNU_SOURCE=1  -pie -fPIC -Wl,-z,relro,-z,now -fstack-protector --param=ssp-buffer-size=4 -fPIC    -o CMakeFiles/cmTC_86897.dir/CheckIncludeFiles.c.o   -c /home/tcs/server/CMakeFiles/CMakeTmp/CheckIncludeFiles.c
/home/tcs/server/CMakeFiles/CMakeTmp/CheckIncludeFiles.c:2:10: fatal error: sys/ndir.h: No such file or directory
 #include <sys/ndir.h>
          ^~~~~~~~~~~~
compilation terminated.
CMakeFiles/cmTC_86897.dir/build.make:65: recipe for target 'CMakeFiles/cmTC_86897.dir/CheckIncludeFiles.c.o' failed
make[1]: *** [CMakeFiles/cmTC_86897.dir/CheckIncludeFiles.c.o] Error 1
make[1]: Leaving directory '/home/tcs/server/CMakeFiles/CMakeTmp'
Makefile:126: recipe for target 'cmTC_86897/fast' failed
make: *** [cmTC_86897/fast] Error 2

Source:
/* */
#include <sys/ndir.h>


int main(void){return 0;}

Determining if files sys/pte.h exist failed with the following output:
Change Dir: /home/tcs/server/CMakeFiles/CMakeTmp

Run Build Command:"/usr/bin/make" "cmTC_ab7b0/fast"
/usr/bin/make -f CMakeFiles/cmTC_ab7b0.dir/build.make CMakeFiles/cmTC_ab7b0.dir/build
make[1]: Entering directory '/home/tcs/server/CMakeFiles/CMakeTmp'
Building C object CMakeFiles/cmTC_ab7b0.dir/CheckIncludeFiles.c.o
/usr/bin/cc -D_GNU_SOURCE=1  -pie -fPIC -Wl,-z,relro,-z,now -fstack-protector --param=ssp-buffer-size=4 -fPIC    -o CMakeFiles/cmTC_ab7b0.dir/CheckIncludeFiles.c.o   -c /home/tcs/server/CMakeFiles/CMakeTmp/CheckIncludeFiles.c
/home/tcs/server/CMakeFiles/CMakeTmp/CheckIncludeFiles.c:2:10: fatal error: sys/pte.h: No such file or directory
 #include <sys/pte.h>
          ^~~~~~~~~~~
compilation terminated.
CMakeFiles/cmTC_ab7b0.dir/build.make:65: recipe for target 'CMakeFiles/cmTC_ab7b0.dir/CheckIncludeFiles.c.o' failed
make[1]: *** [CMakeFiles/cmTC_ab7b0.dir/CheckIncludeFiles.c.o] Error 1
make[1]: Leaving directory '/home/tcs/server/CMakeFiles/CMakeTmp'
Makefile:126: recipe for target 'cmTC_ab7b0/fast' failed
make: *** [cmTC_ab7b0/fast] Error 2

Source:
/* */
#include <sys/pte.h>


int main(void){return 0;}

Determining if files synch.h exist failed with the following output:
Change Dir: /home/tcs/server/CMakeFiles/CMakeTmp

Run Build Command:"/usr/bin/make" "cmTC_9b445/fast"
/usr/bin/make -f CMakeFiles/cmTC_9b445.dir/build.make CMakeFiles/cmTC_9b445.dir/build
make[1]: Entering directory '/home/tcs/server/CMakeFiles/CMakeTmp'
Building C object CMakeFiles/cmTC_9b445.dir/CheckIncludeFiles.c.o
/usr/bin/cc -D_GNU_SOURCE=1  -pie -fPIC -Wl,-z,relro,-z,now -fstack-protector --param=ssp-buffer-size=4 -fPIC    -o CMakeFiles/cmTC_9b445.dir/CheckIncludeFiles.c.o   -c /home/tcs/server/CMakeFiles/CMakeTmp/CheckIncludeFiles.c
/home/tcs/server/CMakeFiles/CMakeTmp/CheckIncludeFiles.c:2:10: fatal error: synch.h: No such file or directory
 #include <synch.h>
          ^~~~~~~~~
compilation terminated.
CMakeFiles/cmTC_9b445.dir/build.make:65: recipe for target 'CMakeFiles/cmTC_9b445.dir/CheckIncludeFiles.c.o' failed
make[1]: *** [CMakeFiles/cmTC_9b445.dir/CheckIncludeFiles.c.o] Error 1
make[1]: Leaving directory '/home/tcs/server/CMakeFiles/CMakeTmp'
Makefile:126: recipe for target 'cmTC_9b445/fast' failed
make: *** [cmTC_9b445/fast] Error 2

Source:
/* */
#include <synch.h>


int main(void){return 0;}

Determining if files sysent.h exist failed with the following output:
Change Dir: /home/tcs/server/CMakeFiles/CMakeTmp

Run Build Command:"/usr/bin/make" "cmTC_22b1d/fast"
/usr/bin/make -f CMakeFiles/cmTC_22b1d.dir/build.make CMakeFiles/cmTC_22b1d.dir/build
make[1]: Entering directory '/home/tcs/server/CMakeFiles/CMakeTmp'
Building C object CMakeFiles/cmTC_22b1d.dir/CheckIncludeFiles.c.o
/usr/bin/cc -D_GNU_SOURCE=1  -pie -fPIC -Wl,-z,relro,-z,now -fstack-protector --param=ssp-buffer-size=4 -fPIC    -o CMakeFiles/cmTC_22b1d.dir/CheckIncludeFiles.c.o   -c /home/tcs/server/CMakeFiles/CMakeTmp/CheckIncludeFiles.c
/home/tcs/server/CMakeFiles/CMakeTmp/CheckIncludeFiles.c:2:10: fatal error: sysent.h: No such file or directory
 #include <sysent.h>
          ^~~~~~~~~~
compilation terminated.
CMakeFiles/cmTC_22b1d.dir/build.make:65: recipe for target 'CMakeFiles/cmTC_22b1d.dir/CheckIncludeFiles.c.o' failed
make[1]: *** [CMakeFiles/cmTC_22b1d.dir/CheckIncludeFiles.c.o] Error 1
make[1]: Leaving directory '/home/tcs/server/CMakeFiles/CMakeTmp'
Makefile:126: recipe for target 'cmTC_22b1d/fast' failed
make: *** [cmTC_22b1d/fast] Error 2

Source:
/* */
#include <sysent.h>


int main(void){return 0;}

Determining if files sys/fpu.h exist failed with the following output:
Change Dir: /home/tcs/server/CMakeFiles/CMakeTmp

Run Build Command:"/usr/bin/make" "cmTC_f739a/fast"
/usr/bin/make -f CMakeFiles/cmTC_f739a.dir/build.make CMakeFiles/cmTC_f739a.dir/build
make[1]: Entering directory '/home/tcs/server/CMakeFiles/CMakeTmp'
Building C object CMakeFiles/cmTC_f739a.dir/CheckIncludeFiles.c.o
/usr/bin/cc -D_GNU_SOURCE=1  -pie -fPIC -Wl,-z,relro,-z,now -fstack-protector --param=ssp-buffer-size=4 -fPIC    -o CMakeFiles/cmTC_f739a.dir/CheckIncludeFiles.c.o   -c /home/tcs/server/CMakeFiles/CMakeTmp/CheckIncludeFiles.c
/home/tcs/server/CMakeFiles/CMakeTmp/CheckIncludeFiles.c:2:10: fatal error: sys/fpu.h: No such file or directory
 #include <sys/fpu.h>
          ^~~~~~~~~~~
compilation terminated.
CMakeFiles/cmTC_f739a.dir/build.make:65: recipe for target 'CMakeFiles/cmTC_f739a.dir/CheckIncludeFiles.c.o' failed
make[1]: *** [CMakeFiles/cmTC_f739a.dir/CheckIncludeFiles.c.o] Error 1
make[1]: Leaving directory '/home/tcs/server/CMakeFiles/CMakeTmp'
Makefile:126: recipe for target 'cmTC_f739a/fast' failed
make: *** [cmTC_f739a/fast] Error 2

Source:
/* */
#include <sys/fpu.h>


int main(void){return 0;}

Determining if files sys/types.h;sys/malloc.h exist failed with the following output:
Change Dir: /home/tcs/server/CMakeFiles/CMakeTmp

Run Build Command:"/usr/bin/make" "cmTC_b3f60/fast"
/usr/bin/make -f CMakeFiles/cmTC_b3f60.dir/build.make CMakeFiles/cmTC_b3f60.dir/build
make[1]: Entering directory '/home/tcs/server/CMakeFiles/CMakeTmp'
Building C object CMakeFiles/cmTC_b3f60.dir/CheckIncludeFiles.c.o
/usr/bin/cc -D_GNU_SOURCE=1  -pie -fPIC -Wl,-z,relro,-z,now -fstack-protector --param=ssp-buffer-size=4 -fPIC    -o CMakeFiles/cmTC_b3f60.dir/CheckIncludeFiles.c.o   -c /home/tcs/server/CMakeFiles/CMakeTmp/CheckIncludeFiles.c
/home/tcs/server/CMakeFiles/CMakeTmp/CheckIncludeFiles.c:3:10: fatal error: sys/malloc.h: No such file or directory
 #include <sys/malloc.h>
          ^~~~~~~~~~~~~~
compilation terminated.
CMakeFiles/cmTC_b3f60.dir/build.make:65: recipe for target 'CMakeFiles/cmTC_b3f60.dir/CheckIncludeFiles.c.o' failed
make[1]: *** [CMakeFiles/cmTC_b3f60.dir/CheckIncludeFiles.c.o] Error 1
make[1]: Leaving directory '/home/tcs/server/CMakeFiles/CMakeTmp'
Makefile:126: recipe for target 'cmTC_b3f60/fast' failed
make: *** [cmTC_b3f60/fast] Error 2

Source:
/* */
#include <sys/types.h>
#include <sys/malloc.h>


int main(void){return 0;}

Determining if files sys/stream.h exist failed with the following output:
Change Dir: /home/tcs/server/CMakeFiles/CMakeTmp

Run Build Command:"/usr/bin/make" "cmTC_67b93/fast"
/usr/bin/make -f CMakeFiles/cmTC_67b93.dir/build.make CMakeFiles/cmTC_67b93.dir/build
make[1]: Entering directory '/home/tcs/server/CMakeFiles/CMakeTmp'
Building C object CMakeFiles/cmTC_67b93.dir/CheckIncludeFiles.c.o
/usr/bin/cc -D_GNU_SOURCE=1  -pie -fPIC -Wl,-z,relro,-z,now -fstack-protector --param=ssp-buffer-size=4 -fPIC    -o CMakeFiles/cmTC_67b93.dir/CheckIncludeFiles.c.o   -c /home/tcs/server/CMakeFiles/CMakeTmp/CheckIncludeFiles.c
/home/tcs/server/CMakeFiles/CMakeTmp/CheckIncludeFiles.c:2:10: fatal error: sys/stream.h: No such file or directory
 #include <sys/stream.h>
          ^~~~~~~~~~~~~~
compilation terminated.
CMakeFiles/cmTC_67b93.dir/build.make:65: recipe for target 'CMakeFiles/cmTC_67b93.dir/CheckIncludeFiles.c.o' failed
make[1]: *** [CMakeFiles/cmTC_67b93.dir/CheckIncludeFiles.c.o] Error 1
make[1]: Leaving directory '/home/tcs/server/CMakeFiles/CMakeTmp'
Makefile:126: recipe for target 'cmTC_67b93/fast' failed
make: *** [cmTC_67b93/fast] Error 2

Source:
/* */
#include <sys/stream.h>


int main(void){return 0;}

Determining if files termbits.h exist failed with the following output:
Change Dir: /home/tcs/server/CMakeFiles/CMakeTmp

Run Build Command:"/usr/bin/make" "cmTC_5034a/fast"
/usr/bin/make -f CMakeFiles/cmTC_5034a.dir/build.make CMakeFiles/cmTC_5034a.dir/build
make[1]: Entering directory '/home/tcs/server/CMakeFiles/CMakeTmp'
Building C object CMakeFiles/cmTC_5034a.dir/CheckIncludeFiles.c.o
/usr/bin/cc -D_GNU_SOURCE=1  -pie -fPIC -Wl,-z,relro,-z,now -fstack-protector --param=ssp-buffer-size=4 -fPIC    -o CMakeFiles/cmTC_5034a.dir/CheckIncludeFiles.c.o   -c /home/tcs/server/CMakeFiles/CMakeTmp/CheckIncludeFiles.c
/home/tcs/server/CMakeFiles/CMakeTmp/CheckIncludeFiles.c:2:10: fatal error: termbits.h: No such file or directory
 #include <termbits.h>
          ^~~~~~~~~~~~
compilation terminated.
CMakeFiles/cmTC_5034a.dir/build.make:65: recipe for target 'CMakeFiles/cmTC_5034a.dir/CheckIncludeFiles.c.o' failed
make[1]: *** [CMakeFiles/cmTC_5034a.dir/CheckIncludeFiles.c.o] Error 1
make[1]: Leaving directory '/home/tcs/server/CMakeFiles/CMakeTmp'
Makefile:126: recipe for target 'cmTC_5034a/fast' failed
make: *** [cmTC_5034a/fast] Error 2

Source:
/* */
#include <termbits.h>


int main(void){return 0;}

Determining if files varargs.h exist failed with the following output:
Change Dir: /home/tcs/server/CMakeFiles/CMakeTmp

Run Build Command:"/usr/bin/make" "cmTC_aeed9/fast"
/usr/bin/make -f CMakeFiles/cmTC_aeed9.dir/build.make CMakeFiles/cmTC_aeed9.dir/build
make[1]: Entering directory '/home/tcs/server/CMakeFiles/CMakeTmp'
Building C object CMakeFiles/cmTC_aeed9.dir/CheckIncludeFiles.c.o
/usr/bin/cc -D_GNU_SOURCE=1  -pie -fPIC -Wl,-z,relro,-z,now -fstack-protector --param=ssp-buffer-size=4 -fPIC    -o CMakeFiles/cmTC_aeed9.dir/CheckIncludeFiles.c.o   -c /home/tcs/server/CMakeFiles/CMakeTmp/CheckIncludeFiles.c
In file included from /home/tcs/server/CMakeFiles/CMakeTmp/CheckIncludeFiles.c:2:0:
/usr/lib/gcc/x86_64-linux-gnu/7/include/varargs.h:4:2: error: #error "GCC no longer implements <varargs.h>."
 #error "GCC no longer implements <varargs.h>."
  ^~~~~
/usr/lib/gcc/x86_64-linux-gnu/7/include/varargs.h:5:2: error: #error "Revise your code to use <stdarg.h>."
 #error "Revise your code to use <stdarg.h>."
  ^~~~~
CMakeFiles/cmTC_aeed9.dir/build.make:65: recipe for target 'CMakeFiles/cmTC_aeed9.dir/CheckIncludeFiles.c.o' failed
make[1]: *** [CMakeFiles/cmTC_aeed9.dir/CheckIncludeFiles.c.o] Error 1
make[1]: Leaving directory '/home/tcs/server/CMakeFiles/CMakeTmp'
Makefile:126: recipe for target 'cmTC_aeed9/fast' failed
make: *** [cmTC_aeed9/fast] Error 2

Source:
/* */
#include <varargs.h>


int main(void){return 0;}

Determining if files sys/utime.h exist failed with the following output:
Change Dir: /home/tcs/server/CMakeFiles/CMakeTmp

Run Build Command:"/usr/bin/make" "cmTC_24f5d/fast"
/usr/bin/make -f CMakeFiles/cmTC_24f5d.dir/build.make CMakeFiles/cmTC_24f5d.dir/build
make[1]: Entering directory '/home/tcs/server/CMakeFiles/CMakeTmp'
Building C object CMakeFiles/cmTC_24f5d.dir/CheckIncludeFiles.c.o
/usr/bin/cc -D_GNU_SOURCE=1  -pie -fPIC -Wl,-z,relro,-z,now -fstack-protector --param=ssp-buffer-size=4 -fPIC    -o CMakeFiles/cmTC_24f5d.dir/CheckIncludeFiles.c.o   -c /home/tcs/server/CMakeFiles/CMakeTmp/CheckIncludeFiles.c
/home/tcs/server/CMakeFiles/CMakeTmp/CheckIncludeFiles.c:2:10: fatal error: sys/utime.h: No such file or directory
 #include <sys/utime.h>
          ^~~~~~~~~~~~~
compilation terminated.
CMakeFiles/cmTC_24f5d.dir/build.make:65: recipe for target 'CMakeFiles/cmTC_24f5d.dir/CheckIncludeFiles.c.o' failed
make[1]: *** [CMakeFiles/cmTC_24f5d.dir/CheckIncludeFiles.c.o] Error 1
make[1]: Leaving directory '/home/tcs/server/CMakeFiles/CMakeTmp'
Makefile:126: recipe for target 'cmTC_24f5d/fast' failed
make: *** [cmTC_24f5d/fast] Error 2

Source:
/* */
#include <sys/utime.h>


int main(void){return 0;}

Determining if files sys/vadvise.h exist failed with the following output:
Change Dir: /home/tcs/server/CMakeFiles/CMakeTmp

Run Build Command:"/usr/bin/make" "cmTC_e846b/fast"
/usr/bin/make -f CMakeFiles/cmTC_e846b.dir/build.make CMakeFiles/cmTC_e846b.dir/build
make[1]: Entering directory '/home/tcs/server/CMakeFiles/CMakeTmp'
Building C object CMakeFiles/cmTC_e846b.dir/CheckIncludeFiles.c.o
/usr/bin/cc -D_GNU_SOURCE=1  -pie -fPIC -Wl,-z,relro,-z,now -fstack-protector --param=ssp-buffer-size=4 -fPIC    -o CMakeFiles/cmTC_e846b.dir/CheckIncludeFiles.c.o   -c /home/tcs/server/CMakeFiles/CMakeTmp/CheckIncludeFiles.c
/home/tcs/server/CMakeFiles/CMakeTmp/CheckIncludeFiles.c:2:10: fatal error: sys/vadvise.h: No such file or directory
 #include <sys/vadvise.h>
          ^~~~~~~~~~~~~~~
compilation terminated.
CMakeFiles/cmTC_e846b.dir/build.make:65: recipe for target 'CMakeFiles/cmTC_e846b.dir/CheckIncludeFiles.c.o' failed
make[1]: *** [CMakeFiles/cmTC_e846b.dir/CheckIncludeFiles.c.o] Error 1
make[1]: Leaving directory '/home/tcs/server/CMakeFiles/CMakeTmp'
Makefile:126: recipe for target 'cmTC_e846b/fast' failed
make: *** [cmTC_e846b/fast] Error 2

Source:
/* */
#include <sys/vadvise.h>


int main(void){return 0;}

Determining if files sys/sockio.h exist failed with the following output:
Change Dir: /home/tcs/server/CMakeFiles/CMakeTmp

Run Build Command:"/usr/bin/make" "cmTC_a74ca/fast"
/usr/bin/make -f CMakeFiles/cmTC_a74ca.dir/build.make CMakeFiles/cmTC_a74ca.dir/build
make[1]: Entering directory '/home/tcs/server/CMakeFiles/CMakeTmp'
Building C object CMakeFiles/cmTC_a74ca.dir/CheckIncludeFiles.c.o
/usr/bin/cc -D_GNU_SOURCE=1  -pie -fPIC -Wl,-z,relro,-z,now -fstack-protector --param=ssp-buffer-size=4 -fPIC    -o CMakeFiles/cmTC_a74ca.dir/CheckIncludeFiles.c.o   -c /home/tcs/server/CMakeFiles/CMakeTmp/CheckIncludeFiles.c
/home/tcs/server/CMakeFiles/CMakeTmp/CheckIncludeFiles.c:2:10: fatal error: sys/sockio.h: No such file or directory
 #include <sys/sockio.h>
          ^~~~~~~~~~~~~~
compilation terminated.
CMakeFiles/cmTC_a74ca.dir/build.make:65: recipe for target 'CMakeFiles/cmTC_a74ca.dir/CheckIncludeFiles.c.o' failed
make[1]: *** [CMakeFiles/cmTC_a74ca.dir/CheckIncludeFiles.c.o] Error 1
make[1]: Leaving directory '/home/tcs/server/CMakeFiles/CMakeTmp'
Makefile:126: recipe for target 'cmTC_a74ca/fast' failed
make: *** [cmTC_a74ca/fast] Error 2

Source:
/* */
#include <sys/sockio.h>


int main(void){return 0;}

Determining if files bfd.h exist failed with the following output:
Change Dir: /home/tcs/server/CMakeFiles/CMakeTmp

Run Build Command:"/usr/bin/make" "cmTC_3732f/fast"
/usr/bin/make -f CMakeFiles/cmTC_3732f.dir/build.make CMakeFiles/cmTC_3732f.dir/build
make[1]: Entering directory '/home/tcs/server/CMakeFiles/CMakeTmp'
Building C object CMakeFiles/cmTC_3732f.dir/CheckIncludeFiles.c.o
/usr/bin/cc -DPACKAGE=test -D_GNU_SOURCE=1  -pie -fPIC -Wl,-z,relro,-z,now -fstack-protector --param=ssp-buffer-size=4 -fPIC    -o CMakeFiles/cmTC_3732f.dir/CheckIncludeFiles.c.o   -c /home/tcs/server/CMakeFiles/CMakeTmp/CheckIncludeFiles.c
/home/tcs/server/CMakeFiles/CMakeTmp/CheckIncludeFiles.c:2:10: fatal error: bfd.h: No such file or directory
 #include <bfd.h>
          ^~~~~~~
compilation terminated.
CMakeFiles/cmTC_3732f.dir/build.make:65: recipe for target 'CMakeFiles/cmTC_3732f.dir/CheckIncludeFiles.c.o' failed
make[1]: *** [CMakeFiles/cmTC_3732f.dir/CheckIncludeFiles.c.o] Error 1
make[1]: Leaving directory '/home/tcs/server/CMakeFiles/CMakeTmp'
Makefile:126: recipe for target 'cmTC_3732f/fast' failed
make: *** [cmTC_3732f/fast] Error 2

Source:
/* */
#include <bfd.h>


int main(void){return 0;}

Determining if files sys/ptem.h exist failed with the following output:
Change Dir: /home/tcs/server/CMakeFiles/CMakeTmp

Run Build Command:"/usr/bin/make" "cmTC_e8ad3/fast"
/usr/bin/make -f CMakeFiles/cmTC_e8ad3.dir/build.make CMakeFiles/cmTC_e8ad3.dir/build
make[1]: Entering directory '/home/tcs/server/CMakeFiles/CMakeTmp'
Building C object CMakeFiles/cmTC_e8ad3.dir/CheckIncludeFiles.c.o
/usr/bin/cc -DPACKAGE=test -D_GNU_SOURCE=1  -pie -fPIC -Wl,-z,relro,-z,now -fstack-protector --param=ssp-buffer-size=4 -fPIC    -o CMakeFiles/cmTC_e8ad3.dir/CheckIncludeFiles.c.o   -c /home/tcs/server/CMakeFiles/CMakeTmp/CheckIncludeFiles.c
/home/tcs/server/CMakeFiles/CMakeTmp/CheckIncludeFiles.c:2:10: fatal error: sys/ptem.h: No such file or directory
 #include <sys/ptem.h>
          ^~~~~~~~~~~~
compilation terminated.
CMakeFiles/cmTC_e8ad3.dir/build.make:65: recipe for target 'CMakeFiles/cmTC_e8ad3.dir/CheckIncludeFiles.c.o' failed
make[1]: *** [CMakeFiles/cmTC_e8ad3.dir/CheckIncludeFiles.c.o] Error 1
make[1]: Leaving directory '/home/tcs/server/CMakeFiles/CMakeTmp'
Makefile:126: recipe for target 'cmTC_e8ad3/fast' failed
make: *** [cmTC_e8ad3/fast] Error 2

Source:
/* */
#include <sys/ptem.h>


int main(void){return 0;}

Determining if the function printstack exists failed with the following output:
Change Dir: /home/tcs/server/CMakeFiles/CMakeTmp

Run Build Command:"/usr/bin/make" "cmTC_b62fe/fast"
/usr/bin/make -f CMakeFiles/cmTC_b62fe.dir/build.make CMakeFiles/cmTC_b62fe.dir/build
make[1]: Entering directory '/home/tcs/server/CMakeFiles/CMakeTmp'
Building C object CMakeFiles/cmTC_b62fe.dir/CheckFunctionExists.c.o
/usr/bin/cc -DPACKAGE=test -D_GNU_SOURCE=1  -pie -fPIC -Wl,-z,relro,-z,now -fstack-protector --param=ssp-buffer-size=4 -fPIC -DCHECK_FUNCTION_EXISTS=printstack   -o CMakeFiles/cmTC_b62fe.dir/CheckFunctionExists.c.o   -c /usr/share/cmake-3.10/Modules/CheckFunctionExists.c
Linking C executable cmTC_b62fe
/usr/bin/cmake -E cmake_link_script CMakeFiles/cmTC_b62fe.dir/link.txt --verbose=1
/usr/bin/cc  -pie -fPIC -Wl,-z,relro,-z,now -fstack-protector --param=ssp-buffer-size=4 -fPIC -DCHECK_FUNCTION_EXISTS=printstack    -rdynamic CMakeFiles/cmTC_b62fe.dir/CheckFunctionExists.c.o  -o cmTC_b62fe -lm -lcrypt -ldl -lpthread 
CMakeFiles/cmTC_b62fe.dir/CheckFunctionExists.c.o: In function `main':
CheckFunctionExists.c:(.text+0x10): undefined reference to `printstack'
collect2: error: ld returned 1 exit status
CMakeFiles/cmTC_b62fe.dir/build.make:97: recipe for target 'cmTC_b62fe' failed
make[1]: *** [cmTC_b62fe] Error 1
make[1]: Leaving directory '/home/tcs/server/CMakeFiles/CMakeTmp'
Makefile:126: recipe for target 'cmTC_b62fe/fast' failed
make: *** [cmTC_b62fe/fast] Error 2


Determining if the function bfill exists failed with the following output:
Change Dir: /home/tcs/server/CMakeFiles/CMakeTmp

Run Build Command:"/usr/bin/make" "cmTC_bdb9d/fast"
/usr/bin/make -f CMakeFiles/cmTC_bdb9d.dir/build.make CMakeFiles/cmTC_bdb9d.dir/build
make[1]: Entering directory '/home/tcs/server/CMakeFiles/CMakeTmp'
Building C object CMakeFiles/cmTC_bdb9d.dir/CheckFunctionExists.c.o
/usr/bin/cc -DPACKAGE=test -D_GNU_SOURCE=1  -pie -fPIC -Wl,-z,relro,-z,now -fstack-protector --param=ssp-buffer-size=4 -fPIC -DCHECK_FUNCTION_EXISTS=bfill   -o CMakeFiles/cmTC_bdb9d.dir/CheckFunctionExists.c.o   -c /usr/share/cmake-3.10/Modules/CheckFunctionExists.c
Linking C executable cmTC_bdb9d
/usr/bin/cmake -E cmake_link_script CMakeFiles/cmTC_bdb9d.dir/link.txt --verbose=1
/usr/bin/cc  -pie -fPIC -Wl,-z,relro,-z,now -fstack-protector --param=ssp-buffer-size=4 -fPIC -DCHECK_FUNCTION_EXISTS=bfill    -rdynamic CMakeFiles/cmTC_bdb9d.dir/CheckFunctionExists.c.o  -o cmTC_bdb9d -lm -lcrypt -ldl -lpthread 
CMakeFiles/cmTC_bdb9d.dir/CheckFunctionExists.c.o: In function `main':
CheckFunctionExists.c:(.text+0x10): undefined reference to `bfill'
collect2: error: ld returned 1 exit status
CMakeFiles/cmTC_bdb9d.dir/build.make:97: recipe for target 'cmTC_bdb9d' failed
make[1]: *** [cmTC_bdb9d] Error 1
make[1]: Leaving directory '/home/tcs/server/CMakeFiles/CMakeTmp'
Makefile:126: recipe for target 'cmTC_bdb9d/fast' failed
make: *** [cmTC_bdb9d/fast] Error 2


Determining if the function compress exists failed with the following output:
Change Dir: /home/tcs/server/CMakeFiles/CMakeTmp

Run Build Command:"/usr/bin/make" "cmTC_b38b2/fast"
/usr/bin/make -f CMakeFiles/cmTC_b38b2.dir/build.make CMakeFiles/cmTC_b38b2.dir/build
make[1]: Entering directory '/home/tcs/server/CMakeFiles/CMakeTmp'
Building C object CMakeFiles/cmTC_b38b2.dir/CheckFunctionExists.c.o
/usr/bin/cc -DPACKAGE=test -D_GNU_SOURCE=1  -pie -fPIC -Wl,-z,relro,-z,now -fstack-protector --param=ssp-buffer-size=4 -fPIC -DCHECK_FUNCTION_EXISTS=compress   -o CMakeFiles/cmTC_b38b2.dir/CheckFunctionExists.c.o   -c /usr/share/cmake-3.10/Modules/CheckFunctionExists.c
Linking C executable cmTC_b38b2
/usr/bin/cmake -E cmake_link_script CMakeFiles/cmTC_b38b2.dir/link.txt --verbose=1
/usr/bin/cc  -pie -fPIC -Wl,-z,relro,-z,now -fstack-protector --param=ssp-buffer-size=4 -fPIC -DCHECK_FUNCTION_EXISTS=compress    -rdynamic CMakeFiles/cmTC_b38b2.dir/CheckFunctionExists.c.o  -o cmTC_b38b2 -lm -lcrypt -ldl -lpthread 
CMakeFiles/cmTC_b38b2.dir/CheckFunctionExists.c.o: In function `main':
CheckFunctionExists.c:(.text+0x10): undefined reference to `compress'
collect2: error: ld returned 1 exit status
CMakeFiles/cmTC_b38b2.dir/build.make:97: recipe for target 'cmTC_b38b2' failed
make[1]: *** [cmTC_b38b2] Error 1
make[1]: Leaving directory '/home/tcs/server/CMakeFiles/CMakeTmp'
Makefile:126: recipe for target 'cmTC_b38b2/fast' failed
make: *** [cmTC_b38b2/fast] Error 2


Determining if the function gethrtime exists failed with the following output:
Change Dir: /home/tcs/server/CMakeFiles/CMakeTmp

Run Build Command:"/usr/bin/make" "cmTC_d0e84/fast"
/usr/bin/make -f CMakeFiles/cmTC_d0e84.dir/build.make CMakeFiles/cmTC_d0e84.dir/build
make[1]: Entering directory '/home/tcs/server/CMakeFiles/CMakeTmp'
Building C object CMakeFiles/cmTC_d0e84.dir/CheckFunctionExists.c.o
/usr/bin/cc -DPACKAGE=test -D_GNU_SOURCE=1  -pie -fPIC -Wl,-z,relro,-z,now -fstack-protector --param=ssp-buffer-size=4 -fPIC -DCHECK_FUNCTION_EXISTS=gethrtime   -o CMakeFiles/cmTC_d0e84.dir/CheckFunctionExists.c.o   -c /usr/share/cmake-3.10/Modules/CheckFunctionExists.c
Linking C executable cmTC_d0e84
/usr/bin/cmake -E cmake_link_script CMakeFiles/cmTC_d0e84.dir/link.txt --verbose=1
/usr/bin/cc  -pie -fPIC -Wl,-z,relro,-z,now -fstack-protector --param=ssp-buffer-size=4 -fPIC -DCHECK_FUNCTION_EXISTS=gethrtime    -rdynamic CMakeFiles/cmTC_d0e84.dir/CheckFunctionExists.c.o  -o cmTC_d0e84 -lm -lcrypt -ldl -lpthread 
CMakeFiles/cmTC_d0e84.dir/CheckFunctionExists.c.o: In function `main':
CheckFunctionExists.c:(.text+0x10): undefined reference to `gethrtime'
collect2: error: ld returned 1 exit status
CMakeFiles/cmTC_d0e84.dir/build.make:97: recipe for target 'cmTC_d0e84' failed
make[1]: *** [cmTC_d0e84] Error 1
make[1]: Leaving directory '/home/tcs/server/CMakeFiles/CMakeTmp'
Makefile:126: recipe for target 'cmTC_d0e84/fast' failed
make: *** [cmTC_d0e84/fast] Error 2


Determining if the function getpassphrase exists failed with the following output:
Change Dir: /home/tcs/server/CMakeFiles/CMakeTmp

Run Build Command:"/usr/bin/make" "cmTC_63c52/fast"
/usr/bin/make -f CMakeFiles/cmTC_63c52.dir/build.make CMakeFiles/cmTC_63c52.dir/build
make[1]: Entering directory '/home/tcs/server/CMakeFiles/CMakeTmp'
Building C object CMakeFiles/cmTC_63c52.dir/CheckFunctionExists.c.o
/usr/bin/cc -DPACKAGE=test -D_GNU_SOURCE=1  -pie -fPIC -Wl,-z,relro,-z,now -fstack-protector --param=ssp-buffer-size=4 -fPIC -DCHECK_FUNCTION_EXISTS=getpassphrase   -o CMakeFiles/cmTC_63c52.dir/CheckFunctionExists.c.o   -c /usr/share/cmake-3.10/Modules/CheckFunctionExists.c
Linking C executable cmTC_63c52
/usr/bin/cmake -E cmake_link_script CMakeFiles/cmTC_63c52.dir/link.txt --verbose=1
/usr/bin/cc  -pie -fPIC -Wl,-z,relro,-z,now -fstack-protector --param=ssp-buffer-size=4 -fPIC -DCHECK_FUNCTION_EXISTS=getpassphrase    -rdynamic CMakeFiles/cmTC_63c52.dir/CheckFunctionExists.c.o  -o cmTC_63c52 -lm -lcrypt -ldl -lpthread 
CMakeFiles/cmTC_63c52.dir/CheckFunctionExists.c.o: In function `main':
CheckFunctionExists.c:(.text+0x10): undefined reference to `getpassphrase'
collect2: error: ld returned 1 exit status
CMakeFiles/cmTC_63c52.dir/build.make:97: recipe for target 'cmTC_63c52' failed
make[1]: *** [cmTC_63c52] Error 1
make[1]: Leaving directory '/home/tcs/server/CMakeFiles/CMakeTmp'
Makefile:126: recipe for target 'cmTC_63c52/fast' failed
make: *** [cmTC_63c52/fast] Error 2


Determining if the function pthread_attr_create exists failed with the following output:
Change Dir: /home/tcs/server/CMakeFiles/CMakeTmp

Run Build Command:"/usr/bin/make" "cmTC_2c992/fast"
/usr/bin/make -f CMakeFiles/cmTC_2c992.dir/build.make CMakeFiles/cmTC_2c992.dir/build
make[1]: Entering directory '/home/tcs/server/CMakeFiles/CMakeTmp'
Building C object CMakeFiles/cmTC_2c992.dir/CheckFunctionExists.c.o
/usr/bin/cc -DPACKAGE=test -D_GNU_SOURCE=1  -pie -fPIC -Wl,-z,relro,-z,now -fstack-protector --param=ssp-buffer-size=4 -fPIC -DCHECK_FUNCTION_EXISTS=pthread_attr_create   -o CMakeFiles/cmTC_2c992.dir/CheckFunctionExists.c.o   -c /usr/share/cmake-3.10/Modules/CheckFunctionExists.c
Linking C executable cmTC_2c992
/usr/bin/cmake -E cmake_link_script CMakeFiles/cmTC_2c992.dir/link.txt --verbose=1
/usr/bin/cc  -pie -fPIC -Wl,-z,relro,-z,now -fstack-protector --param=ssp-buffer-size=4 -fPIC -DCHECK_FUNCTION_EXISTS=pthread_attr_create    -rdynamic CMakeFiles/cmTC_2c992.dir/CheckFunctionExists.c.o  -o cmTC_2c992 -lm -lcrypt -ldl -lpthread 
CMakeFiles/cmTC_2c992.dir/CheckFunctionExists.c.o: In function `main':
CheckFunctionExists.c:(.text+0x10): undefined reference to `pthread_attr_create'
collect2: error: ld returned 1 exit status
CMakeFiles/cmTC_2c992.dir/build.make:97: recipe for target 'cmTC_2c992' failed
make[1]: *** [cmTC_2c992] Error 1
make[1]: Leaving directory '/home/tcs/server/CMakeFiles/CMakeTmp'
Makefile:126: recipe for target 'cmTC_2c992/fast' failed
make: *** [cmTC_2c992/fast] Error 2


Determining if the function pthread_condattr_create exists failed with the following output:
Change Dir: /home/tcs/server/CMakeFiles/CMakeTmp

Run Build Command:"/usr/bin/make" "cmTC_e2d07/fast"
/usr/bin/make -f CMakeFiles/cmTC_e2d07.dir/build.make CMakeFiles/cmTC_e2d07.dir/build
make[1]: Entering directory '/home/tcs/server/CMakeFiles/CMakeTmp'
Building C object CMakeFiles/cmTC_e2d07.dir/CheckFunctionExists.c.o
/usr/bin/cc -DPACKAGE=test -D_GNU_SOURCE=1  -pie -fPIC -Wl,-z,relro,-z,now -fstack-protector --param=ssp-buffer-size=4 -fPIC -DCHECK_FUNCTION_EXISTS=pthread_condattr_create   -o CMakeFiles/cmTC_e2d07.dir/CheckFunctionExists.c.o   -c /usr/share/cmake-3.10/Modules/CheckFunctionExists.c
Linking C executable cmTC_e2d07
/usr/bin/cmake -E cmake_link_script CMakeFiles/cmTC_e2d07.dir/link.txt --verbose=1
/usr/bin/cc  -pie -fPIC -Wl,-z,relro,-z,now -fstack-protector --param=ssp-buffer-size=4 -fPIC -DCHECK_FUNCTION_EXISTS=pthread_condattr_create    -rdynamic CMakeFiles/cmTC_e2d07.dir/CheckFunctionExists.c.o  -o cmTC_e2d07 -lm -lcrypt -ldl -lpthread 
CMakeFiles/cmTC_e2d07.dir/CheckFunctionExists.c.o: In function `main':
CheckFunctionExists.c:(.text+0x10): undefined reference to `pthread_condattr_create'
collect2: error: ld returned 1 exit status
CMakeFiles/cmTC_e2d07.dir/build.make:97: recipe for target 'cmTC_e2d07' failed
make[1]: *** [cmTC_e2d07] Error 1
make[1]: Leaving directory '/home/tcs/server/CMakeFiles/CMakeTmp'
Makefile:126: recipe for target 'cmTC_e2d07/fast' failed
make: *** [cmTC_e2d07/fast] Error 2


Determining if the function pthread_yield_np exists failed with the following output:
Change Dir: /home/tcs/server/CMakeFiles/CMakeTmp

Run Build Command:"/usr/bin/make" "cmTC_9d1e0/fast"
/usr/bin/make -f CMakeFiles/cmTC_9d1e0.dir/build.make CMakeFiles/cmTC_9d1e0.dir/build
make[1]: Entering directory '/home/tcs/server/CMakeFiles/CMakeTmp'
Building C object CMakeFiles/cmTC_9d1e0.dir/CheckFunctionExists.c.o
/usr/bin/cc -DPACKAGE=test -D_GNU_SOURCE=1  -pie -fPIC -Wl,-z,relro,-z,now -fstack-protector --param=ssp-buffer-size=4 -fPIC -DCHECK_FUNCTION_EXISTS=pthread_yield_np   -o CMakeFiles/cmTC_9d1e0.dir/CheckFunctionExists.c.o   -c /usr/share/cmake-3.10/Modules/CheckFunctionExists.c
Linking C executable cmTC_9d1e0
/usr/bin/cmake -E cmake_link_script CMakeFiles/cmTC_9d1e0.dir/link.txt --verbose=1
/usr/bin/cc  -pie -fPIC -Wl,-z,relro,-z,now -fstack-protector --param=ssp-buffer-size=4 -fPIC -DCHECK_FUNCTION_EXISTS=pthread_yield_np    -rdynamic CMakeFiles/cmTC_9d1e0.dir/CheckFunctionExists.c.o  -o cmTC_9d1e0 -lm -lcrypt -ldl -lpthread 
CMakeFiles/cmTC_9d1e0.dir/CheckFunctionExists.c.o: In function `main':
CheckFunctionExists.c:(.text+0x10): undefined reference to `pthread_yield_np'
collect2: error: ld returned 1 exit status
CMakeFiles/cmTC_9d1e0.dir/build.make:97: recipe for target 'cmTC_9d1e0' failed
make[1]: *** [cmTC_9d1e0] Error 1
make[1]: Leaving directory '/home/tcs/server/CMakeFiles/CMakeTmp'
Makefile:126: recipe for target 'cmTC_9d1e0/fast' failed
make: *** [cmTC_9d1e0/fast] Error 2


Determining if the function rwlock_init exists failed with the following output:
Change Dir: /home/tcs/server/CMakeFiles/CMakeTmp

Run Build Command:"/usr/bin/make" "cmTC_7f43c/fast"
/usr/bin/make -f CMakeFiles/cmTC_7f43c.dir/build.make CMakeFiles/cmTC_7f43c.dir/build
make[1]: Entering directory '/home/tcs/server/CMakeFiles/CMakeTmp'
Building C object CMakeFiles/cmTC_7f43c.dir/CheckFunctionExists.c.o
/usr/bin/cc -DPACKAGE=test -D_GNU_SOURCE=1  -pie -fPIC -Wl,-z,relro,-z,now -fstack-protector --param=ssp-buffer-size=4 -fPIC -DCHECK_FUNCTION_EXISTS=rwlock_init   -o CMakeFiles/cmTC_7f43c.dir/CheckFunctionExists.c.o   -c /usr/share/cmake-3.10/Modules/CheckFunctionExists.c
Linking C executable cmTC_7f43c
/usr/bin/cmake -E cmake_link_script CMakeFiles/cmTC_7f43c.dir/link.txt --verbose=1
/usr/bin/cc  -pie -fPIC -Wl,-z,relro,-z,now -fstack-protector --param=ssp-buffer-size=4 -fPIC -DCHECK_FUNCTION_EXISTS=rwlock_init    -rdynamic CMakeFiles/cmTC_7f43c.dir/CheckFunctionExists.c.o  -o cmTC_7f43c -lm -lcrypt -ldl -lpthread 
CMakeFiles/cmTC_7f43c.dir/CheckFunctionExists.c.o: In function `main':
CheckFunctionExists.c:(.text+0x10): undefined reference to `rwlock_init'
collect2: error: ld returned 1 exit status
CMakeFiles/cmTC_7f43c.dir/build.make:97: recipe for target 'cmTC_7f43c' failed
make[1]: *** [cmTC_7f43c] Error 1
make[1]: Leaving directory '/home/tcs/server/CMakeFiles/CMakeTmp'
Makefile:126: recipe for target 'cmTC_7f43c/fast' failed
make: *** [cmTC_7f43c/fast] Error 2


Determining if the function sigthreadmask exists failed with the following output:
Change Dir: /home/tcs/server/CMakeFiles/CMakeTmp

Run Build Command:"/usr/bin/make" "cmTC_a75d2/fast"
/usr/bin/make -f CMakeFiles/cmTC_a75d2.dir/build.make CMakeFiles/cmTC_a75d2.dir/build
make[1]: Entering directory '/home/tcs/server/CMakeFiles/CMakeTmp'
Building C object CMakeFiles/cmTC_a75d2.dir/CheckFunctionExists.c.o
/usr/bin/cc -DPACKAGE=test -D_GNU_SOURCE=1  -pie -fPIC -Wl,-z,relro,-z,now -fstack-protector --param=ssp-buffer-size=4 -fPIC -DCHECK_FUNCTION_EXISTS=sigthreadmask   -o CMakeFiles/cmTC_a75d2.dir/CheckFunctionExists.c.o   -c /usr/share/cmake-3.10/Modules/CheckFunctionExists.c
Linking C executable cmTC_a75d2
/usr/bin/cmake -E cmake_link_script CMakeFiles/cmTC_a75d2.dir/link.txt --verbose=1
/usr/bin/cc  -pie -fPIC -Wl,-z,relro,-z,now -fstack-protector --param=ssp-buffer-size=4 -fPIC -DCHECK_FUNCTION_EXISTS=sigthreadmask    -rdynamic CMakeFiles/cmTC_a75d2.dir/CheckFunctionExists.c.o  -o cmTC_a75d2 -lm -lcrypt -ldl -lpthread 
CMakeFiles/cmTC_a75d2.dir/CheckFunctionExists.c.o: In function `main':
CheckFunctionExists.c:(.text+0x10): undefined reference to `sigthreadmask'
collect2: error: ld returned 1 exit status
CMakeFiles/cmTC_a75d2.dir/build.make:97: recipe for target 'cmTC_a75d2' failed
make[1]: *** [cmTC_a75d2] Error 1
make[1]: Leaving directory '/home/tcs/server/CMakeFiles/CMakeTmp'
Makefile:126: recipe for target 'cmTC_a75d2/fast' failed
make: *** [cmTC_a75d2/fast] Error 2


Determining if the function tell exists failed with the following output:
Change Dir: /home/tcs/server/CMakeFiles/CMakeTmp

Run Build Command:"/usr/bin/make" "cmTC_43dc9/fast"
/usr/bin/make -f CMakeFiles/cmTC_43dc9.dir/build.make CMakeFiles/cmTC_43dc9.dir/build
make[1]: Entering directory '/home/tcs/server/CMakeFiles/CMakeTmp'
Building C object CMakeFiles/cmTC_43dc9.dir/CheckFunctionExists.c.o
/usr/bin/cc -DPACKAGE=test -D_GNU_SOURCE=1  -pie -fPIC -Wl,-z,relro,-z,now -fstack-protector --param=ssp-buffer-size=4 -fPIC -DCHECK_FUNCTION_EXISTS=tell   -o CMakeFiles/cmTC_43dc9.dir/CheckFunctionExists.c.o   -c /usr/share/cmake-3.10/Modules/CheckFunctionExists.c
Linking C executable cmTC_43dc9
/usr/bin/cmake -E cmake_link_script CMakeFiles/cmTC_43dc9.dir/link.txt --verbose=1
/usr/bin/cc  -pie -fPIC -Wl,-z,relro,-z,now -fstack-protector --param=ssp-buffer-size=4 -fPIC -DCHECK_FUNCTION_EXISTS=tell    -rdynamic CMakeFiles/cmTC_43dc9.dir/CheckFunctionExists.c.o  -o cmTC_43dc9 -lm -lcrypt -ldl -lpthread 
CMakeFiles/cmTC_43dc9.dir/CheckFunctionExists.c.o: In function `main':
CheckFunctionExists.c:(.text+0x10): undefined reference to `tell'
collect2: error: ld returned 1 exit status
CMakeFiles/cmTC_43dc9.dir/build.make:97: recipe for target 'cmTC_43dc9' failed
make[1]: *** [cmTC_43dc9] Error 1
make[1]: Leaving directory '/home/tcs/server/CMakeFiles/CMakeTmp'
Makefile:126: recipe for target 'cmTC_43dc9/fast' failed
make: *** [cmTC_43dc9/fast] Error 2


Determining if the function thr_setconcurrency exists failed with the following output:
Change Dir: /home/tcs/server/CMakeFiles/CMakeTmp

Run Build Command:"/usr/bin/make" "cmTC_c91cd/fast"
/usr/bin/make -f CMakeFiles/cmTC_c91cd.dir/build.make CMakeFiles/cmTC_c91cd.dir/build
make[1]: Entering directory '/home/tcs/server/CMakeFiles/CMakeTmp'
Building C object CMakeFiles/cmTC_c91cd.dir/CheckFunctionExists.c.o
/usr/bin/cc -DPACKAGE=test -D_GNU_SOURCE=1  -pie -fPIC -Wl,-z,relro,-z,now -fstack-protector --param=ssp-buffer-size=4 -fPIC -DCHECK_FUNCTION_EXISTS=thr_setconcurrency   -o CMakeFiles/cmTC_c91cd.dir/CheckFunctionExists.c.o   -c /usr/share/cmake-3.10/Modules/CheckFunctionExists.c
Linking C executable cmTC_c91cd
/usr/bin/cmake -E cmake_link_script CMakeFiles/cmTC_c91cd.dir/link.txt --verbose=1
/usr/bin/cc  -pie -fPIC -Wl,-z,relro,-z,now -fstack-protector --param=ssp-buffer-size=4 -fPIC -DCHECK_FUNCTION_EXISTS=thr_setconcurrency    -rdynamic CMakeFiles/cmTC_c91cd.dir/CheckFunctionExists.c.o  -o cmTC_c91cd -lm -lcrypt -ldl -lpthread 
CMakeFiles/cmTC_c91cd.dir/CheckFunctionExists.c.o: In function `main':
CheckFunctionExists.c:(.text+0x10): undefined reference to `thr_setconcurrency'
collect2: error: ld returned 1 exit status
CMakeFiles/cmTC_c91cd.dir/build.make:97: recipe for target 'cmTC_c91cd' failed
make[1]: *** [cmTC_c91cd] Error 1
make[1]: Leaving directory '/home/tcs/server/CMakeFiles/CMakeTmp'
Makefile:126: recipe for target 'cmTC_c91cd/fast' failed
make: *** [cmTC_c91cd/fast] Error 2


Determining if the function thr_yield exists failed with the following output:
Change Dir: /home/tcs/server/CMakeFiles/CMakeTmp

Run Build Command:"/usr/bin/make" "cmTC_434f8/fast"
/usr/bin/make -f CMakeFiles/cmTC_434f8.dir/build.make CMakeFiles/cmTC_434f8.dir/build
make[1]: Entering directory '/home/tcs/server/CMakeFiles/CMakeTmp'
Building C object CMakeFiles/cmTC_434f8.dir/CheckFunctionExists.c.o
/usr/bin/cc -DPACKAGE=test -D_GNU_SOURCE=1  -pie -fPIC -Wl,-z,relro,-z,now -fstack-protector --param=ssp-buffer-size=4 -fPIC -DCHECK_FUNCTION_EXISTS=thr_yield   -o CMakeFiles/cmTC_434f8.dir/CheckFunctionExists.c.o   -c /usr/share/cmake-3.10/Modules/CheckFunctionExists.c
Linking C executable cmTC_434f8
/usr/bin/cmake -E cmake_link_script CMakeFiles/cmTC_434f8.dir/link.txt --verbose=1
/usr/bin/cc  -pie -fPIC -Wl,-z,relro,-z,now -fstack-protector --param=ssp-buffer-size=4 -fPIC -DCHECK_FUNCTION_EXISTS=thr_yield    -rdynamic CMakeFiles/cmTC_434f8.dir/CheckFunctionExists.c.o  -o cmTC_434f8 -lm -lcrypt -ldl -lpthread 
CMakeFiles/cmTC_434f8.dir/CheckFunctionExists.c.o: In function `main':
CheckFunctionExists.c:(.text+0x10): undefined reference to `thr_yield'
collect2: error: ld returned 1 exit status
CMakeFiles/cmTC_434f8.dir/build.make:97: recipe for target 'cmTC_434f8' failed
make[1]: *** [cmTC_434f8] Error 1
make[1]: Leaving directory '/home/tcs/server/CMakeFiles/CMakeTmp'
Makefile:126: recipe for target 'cmTC_434f8/fast' failed
make: *** [cmTC_434f8/fast] Error 2


Performing C++ SOURCE FILE Test HAVE_READDIR_R failed with the following output:
Change Dir: /home/tcs/server/CMakeFiles/CMakeTmp

Run Build Command:"/usr/bin/make" "cmTC_0d660/fast"
/usr/bin/make -f CMakeFiles/cmTC_0d660.dir/build.make CMakeFiles/cmTC_0d660.dir/build
make[1]: Entering directory '/home/tcs/server/CMakeFiles/CMakeTmp'
Building CXX object CMakeFiles/cmTC_0d660.dir/src.cxx.o
/usr/bin/c++  -DPACKAGE=test -D_GNU_SOURCE=1  -pie -fPIC -Wl,-z,relro,-z,now -fstack-protector --param=ssp-buffer-size=4 -fPIC -fno-rtti -DHAVE_READDIR_R -Werror   -o CMakeFiles/cmTC_0d660.dir/src.cxx.o -c /home/tcs/server/CMakeFiles/CMakeTmp/src.cxx
/home/tcs/server/CMakeFiles/CMakeTmp/src.cxx: In function ‘int main()’:
/home/tcs/server/CMakeFiles/CMakeTmp/src.cxx:3:18: error: null argument where non-null required (argument 1) [-Werror=nonnull]
   readdir_r(0,0,0);
                  ^
/home/tcs/server/CMakeFiles/CMakeTmp/src.cxx:3:18: error: null argument where non-null required (argument 2) [-Werror=nonnull]
/home/tcs/server/CMakeFiles/CMakeTmp/src.cxx:3:18: error: null argument where non-null required (argument 3) [-Werror=nonnull]
/home/tcs/server/CMakeFiles/CMakeTmp/src.cxx:3:18: error: ‘int readdir_r(DIR*, dirent*, dirent**)’ is deprecated [-Werror=deprecated-declarations]
In file included from /home/tcs/server/CMakeFiles/CMakeTmp/src.cxx:1:0:
/usr/include/dirent.h:183:12: note: declared here
 extern int readdir_r (DIR *__restrict __dirp,
            ^~~~~~~~~
cc1plus: all warnings being treated as errors
CMakeFiles/cmTC_0d660.dir/build.make:65: recipe for target 'CMakeFiles/cmTC_0d660.dir/src.cxx.o' failed
make[1]: *** [CMakeFiles/cmTC_0d660.dir/src.cxx.o] Error 1
make[1]: Leaving directory '/home/tcs/server/CMakeFiles/CMakeTmp'
Makefile:126: recipe for target 'cmTC_0d660/fast' failed
make: *** [cmTC_0d660/fast] Error 2

Source file was:
#include  <dirent.h>
int main() {
  readdir_r(0,0,0);
  return 0;
  }
Determining if files ia64intrin.h exist failed with the following output:
Change Dir: /home/tcs/server/CMakeFiles/CMakeTmp

Run Build Command:"/usr/bin/make" "cmTC_289b1/fast"
/usr/bin/make -f CMakeFiles/cmTC_289b1.dir/build.make CMakeFiles/cmTC_289b1.dir/build
make[1]: Entering directory '/home/tcs/server/CMakeFiles/CMakeTmp'
Building C object CMakeFiles/cmTC_289b1.dir/CheckIncludeFiles.c.o
/usr/bin/cc -DPACKAGE=test -D_GNU_SOURCE=1  -pie -fPIC -Wl,-z,relro,-z,now -fstack-protector --param=ssp-buffer-size=4 -fPIC    -o CMakeFiles/cmTC_289b1.dir/CheckIncludeFiles.c.o   -c /home/tcs/server/CMakeFiles/CMakeTmp/CheckIncludeFiles.c
/home/tcs/server/CMakeFiles/CMakeTmp/CheckIncludeFiles.c:2:10: fatal error: ia64intrin.h: No such file or directory
 #include <ia64intrin.h>
          ^~~~~~~~~~~~~~
compilation terminated.
CMakeFiles/cmTC_289b1.dir/build.make:65: recipe for target 'CMakeFiles/cmTC_289b1.dir/CheckIncludeFiles.c.o' failed
make[1]: *** [CMakeFiles/cmTC_289b1.dir/CheckIncludeFiles.c.o] Error 1
make[1]: Leaving directory '/home/tcs/server/CMakeFiles/CMakeTmp'
Makefile:126: recipe for target 'cmTC_289b1/fast' failed
make: *** [cmTC_289b1/fast] Error 2

Source:
/* */
#include <ia64intrin.h>


int main(void){return 0;}

Determining if the function read_real_time exists failed with the following output:
Change Dir: /home/tcs/server/CMakeFiles/CMakeTmp

Run Build Command:"/usr/bin/make" "cmTC_08942/fast"
/usr/bin/make -f CMakeFiles/cmTC_08942.dir/build.make CMakeFiles/cmTC_08942.dir/build
make[1]: Entering directory '/home/tcs/server/CMakeFiles/CMakeTmp'
Building C object CMakeFiles/cmTC_08942.dir/CheckFunctionExists.c.o
/usr/bin/cc -DPACKAGE=test -D_GNU_SOURCE=1  -pie -fPIC -Wl,-z,relro,-z,now -fstack-protector --param=ssp-buffer-size=4 -fPIC -DCHECK_FUNCTION_EXISTS=read_real_time   -o CMakeFiles/cmTC_08942.dir/CheckFunctionExists.c.o   -c /usr/share/cmake-3.10/Modules/CheckFunctionExists.c
Linking C executable cmTC_08942
/usr/bin/cmake -E cmake_link_script CMakeFiles/cmTC_08942.dir/link.txt --verbose=1
/usr/bin/cc  -pie -fPIC -Wl,-z,relro,-z,now -fstack-protector --param=ssp-buffer-size=4 -fPIC -DCHECK_FUNCTION_EXISTS=read_real_time    -rdynamic CMakeFiles/cmTC_08942.dir/CheckFunctionExists.c.o  -o cmTC_08942 -lm -lcrypt -ldl -lpthread 
CMakeFiles/cmTC_08942.dir/CheckFunctionExists.c.o: In function `main':
CheckFunctionExists.c:(.text+0x10): undefined reference to `read_real_time'
collect2: error: ld returned 1 exit status
CMakeFiles/cmTC_08942.dir/build.make:97: recipe for target 'cmTC_08942' failed
make[1]: *** [cmTC_08942] Error 1
make[1]: Leaving directory '/home/tcs/server/CMakeFiles/CMakeTmp'
Makefile:126: recipe for target 'cmTC_08942/fast' failed
make: *** [cmTC_08942/fast] Error 2


Determining if the function rdtscll exists failed with the following output:
Change Dir: /home/tcs/server/CMakeFiles/CMakeTmp

Run Build Command:"/usr/bin/make" "cmTC_b15c0/fast"
/usr/bin/make -f CMakeFiles/cmTC_b15c0.dir/build.make CMakeFiles/cmTC_b15c0.dir/build
make[1]: Entering directory '/home/tcs/server/CMakeFiles/CMakeTmp'
Building C object CMakeFiles/cmTC_b15c0.dir/CheckFunctionExists.c.o
/usr/bin/cc -DPACKAGE=test -D_GNU_SOURCE=1  -pie -fPIC -Wl,-z,relro,-z,now -fstack-protector --param=ssp-buffer-size=4 -fPIC -DCHECK_FUNCTION_EXISTS=rdtscll   -o CMakeFiles/cmTC_b15c0.dir/CheckFunctionExists.c.o   -c /usr/share/cmake-3.10/Modules/CheckFunctionExists.c
Linking C executable cmTC_b15c0
/usr/bin/cmake -E cmake_link_script CMakeFiles/cmTC_b15c0.dir/link.txt --verbose=1
/usr/bin/cc  -pie -fPIC -Wl,-z,relro,-z,now -fstack-protector --param=ssp-buffer-size=4 -fPIC -DCHECK_FUNCTION_EXISTS=rdtscll    -rdynamic CMakeFiles/cmTC_b15c0.dir/CheckFunctionExists.c.o  -o cmTC_b15c0 -lm -lcrypt -ldl -lpthread 
CMakeFiles/cmTC_b15c0.dir/CheckFunctionExists.c.o: In function `main':
CheckFunctionExists.c:(.text+0x10): undefined reference to `rdtscll'
collect2: error: ld returned 1 exit status
CMakeFiles/cmTC_b15c0.dir/build.make:97: recipe for target 'cmTC_b15c0' failed
make[1]: *** [cmTC_b15c0] Error 1
make[1]: Leaving directory '/home/tcs/server/CMakeFiles/CMakeTmp'
Makefile:126: recipe for target 'cmTC_b15c0/fast' failed
make: *** [cmTC_b15c0/fast] Error 2


Determining if the TIOCSTAT exist failed with the following output:
Change Dir: /home/tcs/server/CMakeFiles/CMakeTmp

Run Build Command:"/usr/bin/make" "cmTC_f8e0d/fast"
/usr/bin/make -f CMakeFiles/cmTC_f8e0d.dir/build.make CMakeFiles/cmTC_f8e0d.dir/build
make[1]: Entering directory '/home/tcs/server/CMakeFiles/CMakeTmp'
Building C object CMakeFiles/cmTC_f8e0d.dir/CheckSymbolExists.c.o
/usr/bin/cc -DPACKAGE=test -D_GNU_SOURCE=1  -pie -fPIC -Wl,-z,relro,-z,now -fstack-protector --param=ssp-buffer-size=4 -fPIC    -o CMakeFiles/cmTC_f8e0d.dir/CheckSymbolExists.c.o   -c /home/tcs/server/CMakeFiles/CMakeTmp/CheckSymbolExists.c
/home/tcs/server/CMakeFiles/CMakeTmp/CheckSymbolExists.c: In function ‘main’:
/home/tcs/server/CMakeFiles/CMakeTmp/CheckSymbolExists.c:8:19: error: ‘TIOCSTAT’ undeclared (first use in this function); did you mean ‘TIOCSTI’?
   return ((int*)(&TIOCSTAT))[argc];
                   ^~~~~~~~
                   TIOCSTI
/home/tcs/server/CMakeFiles/CMakeTmp/CheckSymbolExists.c:8:19: note: each undeclared identifier is reported only once for each function it appears in
CMakeFiles/cmTC_f8e0d.dir/build.make:65: recipe for target 'CMakeFiles/cmTC_f8e0d.dir/CheckSymbolExists.c.o' failed
make[1]: *** [CMakeFiles/cmTC_f8e0d.dir/CheckSymbolExists.c.o] Error 1
make[1]: Leaving directory '/home/tcs/server/CMakeFiles/CMakeTmp'
Makefile:126: recipe for target 'cmTC_f8e0d/fast' failed
make: *** [cmTC_f8e0d/fast] Error 2

File /home/tcs/server/CMakeFiles/CMakeTmp/CheckSymbolExists.c:
/* */
#include <sys/ioctl.h>

int main(int argc, char** argv)
{
  (void)argv;
#ifndef TIOCSTAT
  return ((int*)(&TIOCSTAT))[argc];
#else
  (void)argc;
  return 0;
#endif
}

Determining if the FIONREAD exist failed with the following output:
Change Dir: /home/tcs/server/CMakeFiles/CMakeTmp

Run Build Command:"/usr/bin/make" "cmTC_bcd19/fast"
/usr/bin/make -f CMakeFiles/cmTC_bcd19.dir/build.make CMakeFiles/cmTC_bcd19.dir/build
make[1]: Entering directory '/home/tcs/server/CMakeFiles/CMakeTmp'
Building C object CMakeFiles/cmTC_bcd19.dir/CheckSymbolExists.c.o
/usr/bin/cc -DPACKAGE=test -D_GNU_SOURCE=1  -pie -fPIC -Wl,-z,relro,-z,now -fstack-protector --param=ssp-buffer-size=4 -fPIC    -o CMakeFiles/cmTC_bcd19.dir/CheckSymbolExists.c.o   -c /home/tcs/server/CMakeFiles/CMakeTmp/CheckSymbolExists.c
/home/tcs/server/CMakeFiles/CMakeTmp/CheckSymbolExists.c:2:10: fatal error: sys/filio.h: No such file or directory
 #include <sys/filio.h>
          ^~~~~~~~~~~~~
compilation terminated.
CMakeFiles/cmTC_bcd19.dir/build.make:65: recipe for target 'CMakeFiles/cmTC_bcd19.dir/CheckSymbolExists.c.o' failed
make[1]: *** [CMakeFiles/cmTC_bcd19.dir/CheckSymbolExists.c.o] Error 1
make[1]: Leaving directory '/home/tcs/server/CMakeFiles/CMakeTmp'
Makefile:126: recipe for target 'cmTC_bcd19/fast' failed
make: *** [cmTC_bcd19/fast] Error 2

File /home/tcs/server/CMakeFiles/CMakeTmp/CheckSymbolExists.c:
/* */
#include <sys/filio.h>

int main(int argc, char** argv)
{
  (void)argv;
#ifndef FIONREAD
  return ((int*)(&FIONREAD))[argc];
#else
  (void)argc;
  return 0;
#endif
}

Determining size of uchar failed with the following output:
Change Dir: /home/tcs/server/CMakeFiles/CMakeTmp

Run Build Command:"/usr/bin/make" "cmTC_b04cf/fast"
/usr/bin/make -f CMakeFiles/cmTC_b04cf.dir/build.make CMakeFiles/cmTC_b04cf.dir/build
make[1]: Entering directory '/home/tcs/server/CMakeFiles/CMakeTmp'
Building C object CMakeFiles/cmTC_b04cf.dir/SIZEOF_UCHAR.c.o
/usr/bin/cc -DPACKAGE=test -D_FILE_OFFSET_BITS=64 -D_GNU_SOURCE=1 -D_LARGEFILE_SOURCE -D_LARGE_FILES -D__STDC_CONSTANT_MACROS -D__STDC_FORMAT_MACROS -D__STDC_LIMIT_MACROS  -pie -fPIC -Wl,-z,relro,-z,now -fstack-protector --param=ssp-buffer-size=4 -fPIC    -o CMakeFiles/cmTC_b04cf.dir/SIZEOF_UCHAR.c.o   -c /home/tcs/server/CMakeFiles/CheckTypeSize/SIZEOF_UCHAR.c
/home/tcs/server/CMakeFiles/CheckTypeSize/SIZEOF_UCHAR.c:25:22: error: ‘uchar’ undeclared here (not in a function); did you mean ‘u_char’?
 #define SIZE (sizeof(uchar))
                      ^
/home/tcs/server/CMakeFiles/CheckTypeSize/SIZEOF_UCHAR.c:27:12: note: in expansion of macro ‘SIZE’
   ('0' + ((SIZE / 10000)%10)),
            ^~~~
CMakeFiles/cmTC_b04cf.dir/build.make:65: recipe for target 'CMakeFiles/cmTC_b04cf.dir/SIZEOF_UCHAR.c.o' failed
make[1]: *** [CMakeFiles/cmTC_b04cf.dir/SIZEOF_UCHAR.c.o] Error 1
make[1]: Leaving directory '/home/tcs/server/CMakeFiles/CMakeTmp'
Makefile:126: recipe for target 'cmTC_b04cf/fast' failed
make: *** [cmTC_b04cf/fast] Error 2

/home/tcs/server/CMakeFiles/CheckTypeSize/SIZEOF_UCHAR.c:
#include <sys/types.h>
#include <stdint.h>
#include <stddef.h>
#include "stdio.h"
#include "sys/types.h"


#undef KEY
#if defined(__i386)
# define KEY '_','_','i','3','8','6'
#elif defined(__x86_64)
# define KEY '_','_','x','8','6','_','6','4'
#elif defined(__ppc__)
# define KEY '_','_','p','p','c','_','_'
#elif defined(__ppc64__)
# define KEY '_','_','p','p','c','6','4','_','_'
#elif defined(__aarch64__)
# define KEY '_','_','a','a','r','c','h','6','4','_','_'
#elif defined(__ARM_ARCH_7A__)
# define KEY '_','_','A','R','M','_','A','R','C','H','_','7','A','_','_'
#elif defined(__ARM_ARCH_7S__)
# define KEY '_','_','A','R','M','_','A','R','C','H','_','7','S','_','_'
#endif

#define SIZE (sizeof(uchar))
char info_size[] =  {'I', 'N', 'F', 'O', ':', 's','i','z','e','[',
  ('0' + ((SIZE / 10000)%10)),
  ('0' + ((SIZE / 1000)%10)),
  ('0' + ((SIZE / 100)%10)),
  ('0' + ((SIZE / 10)%10)),
  ('0' +  (SIZE    % 10)),
  ']',
#ifdef KEY
  ' ','k','e','y','[', KEY, ']',
#endif
  '\0'};

#ifdef __CLASSIC_C__
int main(argc, argv) int argc; char *argv[];
#else
int main(int argc, char *argv[])
#endif
{
  int require = 0;
  require += info_size[argc];
  (void)argv;
  return require;
}


Determining size of int8 failed with the following output:
Change Dir: /home/tcs/server/CMakeFiles/CMakeTmp

Run Build Command:"/usr/bin/make" "cmTC_7e3c1/fast"
/usr/bin/make -f CMakeFiles/cmTC_7e3c1.dir/build.make CMakeFiles/cmTC_7e3c1.dir/build
make[1]: Entering directory '/home/tcs/server/CMakeFiles/CMakeTmp'
Building C object CMakeFiles/cmTC_7e3c1.dir/SIZEOF_INT8.c.o
/usr/bin/cc -DPACKAGE=test -D_FILE_OFFSET_BITS=64 -D_GNU_SOURCE=1 -D_LARGEFILE_SOURCE -D_LARGE_FILES -D__STDC_CONSTANT_MACROS -D__STDC_FORMAT_MACROS -D__STDC_LIMIT_MACROS  -pie -fPIC -Wl,-z,relro,-z,now -fstack-protector --param=ssp-buffer-size=4 -fPIC    -o CMakeFiles/cmTC_7e3c1.dir/SIZEOF_INT8.c.o   -c /home/tcs/server/CMakeFiles/CheckTypeSize/SIZEOF_INT8.c
/home/tcs/server/CMakeFiles/CheckTypeSize/SIZEOF_INT8.c:25:22: error: ‘int8’ undeclared here (not in a function); did you mean ‘int’?
 #define SIZE (sizeof(int8))
                      ^
/home/tcs/server/CMakeFiles/CheckTypeSize/SIZEOF_INT8.c:27:12: note: in expansion of macro ‘SIZE’
   ('0' + ((SIZE / 10000)%10)),
            ^~~~
CMakeFiles/cmTC_7e3c1.dir/build.make:65: recipe for target 'CMakeFiles/cmTC_7e3c1.dir/SIZEOF_INT8.c.o' failed
make[1]: *** [CMakeFiles/cmTC_7e3c1.dir/SIZEOF_INT8.c.o] Error 1
make[1]: Leaving directory '/home/tcs/server/CMakeFiles/CMakeTmp'
Makefile:126: recipe for target 'cmTC_7e3c1/fast' failed
make: *** [cmTC_7e3c1/fast] Error 2

/home/tcs/server/CMakeFiles/CheckTypeSize/SIZEOF_INT8.c:
#include <sys/types.h>
#include <stdint.h>
#include <stddef.h>
#include "stdio.h"
#include "sys/types.h"


#undef KEY
#if defined(__i386)
# define KEY '_','_','i','3','8','6'
#elif defined(__x86_64)
# define KEY '_','_','x','8','6','_','6','4'
#elif defined(__ppc__)
# define KEY '_','_','p','p','c','_','_'
#elif defined(__ppc64__)
# define KEY '_','_','p','p','c','6','4','_','_'
#elif defined(__aarch64__)
# define KEY '_','_','a','a','r','c','h','6','4','_','_'
#elif defined(__ARM_ARCH_7A__)
# define KEY '_','_','A','R','M','_','A','R','C','H','_','7','A','_','_'
#elif defined(__ARM_ARCH_7S__)
# define KEY '_','_','A','R','M','_','A','R','C','H','_','7','S','_','_'
#endif

#define SIZE (sizeof(int8))
char info_size[] =  {'I', 'N', 'F', 'O', ':', 's','i','z','e','[',
  ('0' + ((SIZE / 10000)%10)),
  ('0' + ((SIZE / 1000)%10)),
  ('0' + ((SIZE / 100)%10)),
  ('0' + ((SIZE / 10)%10)),
  ('0' +  (SIZE    % 10)),
  ']',
#ifdef KEY
  ' ','k','e','y','[', KEY, ']',
#endif
  '\0'};

#ifdef __CLASSIC_C__
int main(argc, argv) int argc; char *argv[];
#else
int main(int argc, char *argv[])
#endif
{
  int require = 0;
  require += info_size[argc];
  (void)argv;
  return require;
}


Determining size of uint8 failed with the following output:
Change Dir: /home/tcs/server/CMakeFiles/CMakeTmp

Run Build Command:"/usr/bin/make" "cmTC_70a28/fast"
/usr/bin/make -f CMakeFiles/cmTC_70a28.dir/build.make CMakeFiles/cmTC_70a28.dir/build
make[1]: Entering directory '/home/tcs/server/CMakeFiles/CMakeTmp'
Building C object CMakeFiles/cmTC_70a28.dir/SIZEOF_UINT8.c.o
/usr/bin/cc -DPACKAGE=test -D_FILE_OFFSET_BITS=64 -D_GNU_SOURCE=1 -D_LARGEFILE_SOURCE -D_LARGE_FILES -D__STDC_CONSTANT_MACROS -D__STDC_FORMAT_MACROS -D__STDC_LIMIT_MACROS  -pie -fPIC -Wl,-z,relro,-z,now -fstack-protector --param=ssp-buffer-size=4 -fPIC    -o CMakeFiles/cmTC_70a28.dir/SIZEOF_UINT8.c.o   -c /home/tcs/server/CMakeFiles/CheckTypeSize/SIZEOF_UINT8.c
/home/tcs/server/CMakeFiles/CheckTypeSize/SIZEOF_UINT8.c:25:22: error: ‘uint8’ undeclared here (not in a function); did you mean ‘uint’?
 #define SIZE (sizeof(uint8))
                      ^
/home/tcs/server/CMakeFiles/CheckTypeSize/SIZEOF_UINT8.c:27:12: note: in expansion of macro ‘SIZE’
   ('0' + ((SIZE / 10000)%10)),
            ^~~~
CMakeFiles/cmTC_70a28.dir/build.make:65: recipe for target 'CMakeFiles/cmTC_70a28.dir/SIZEOF_UINT8.c.o' failed
make[1]: *** [CMakeFiles/cmTC_70a28.dir/SIZEOF_UINT8.c.o] Error 1
make[1]: Leaving directory '/home/tcs/server/CMakeFiles/CMakeTmp'
Makefile:126: recipe for target 'cmTC_70a28/fast' failed
make: *** [cmTC_70a28/fast] Error 2

/home/tcs/server/CMakeFiles/CheckTypeSize/SIZEOF_UINT8.c:
#include <sys/types.h>
#include <stdint.h>
#include <stddef.h>
#include "stdio.h"
#include "sys/types.h"


#undef KEY
#if defined(__i386)
# define KEY '_','_','i','3','8','6'
#elif defined(__x86_64)
# define KEY '_','_','x','8','6','_','6','4'
#elif defined(__ppc__)
# define KEY '_','_','p','p','c','_','_'
#elif defined(__ppc64__)
# define KEY '_','_','p','p','c','6','4','_','_'
#elif defined(__aarch64__)
# define KEY '_','_','a','a','r','c','h','6','4','_','_'
#elif defined(__ARM_ARCH_7A__)
# define KEY '_','_','A','R','M','_','A','R','C','H','_','7','A','_','_'
#elif defined(__ARM_ARCH_7S__)
# define KEY '_','_','A','R','M','_','A','R','C','H','_','7','S','_','_'
#endif

#define SIZE (sizeof(uint8))
char info_size[] =  {'I', 'N', 'F', 'O', ':', 's','i','z','e','[',
  ('0' + ((SIZE / 10000)%10)),
  ('0' + ((SIZE / 1000)%10)),
  ('0' + ((SIZE / 100)%10)),
  ('0' + ((SIZE / 10)%10)),
  ('0' +  (SIZE    % 10)),
  ']',
#ifdef KEY
  ' ','k','e','y','[', KEY, ']',
#endif
  '\0'};

#ifdef __CLASSIC_C__
int main(argc, argv) int argc; char *argv[];
#else
int main(int argc, char *argv[])
#endif
{
  int require = 0;
  require += info_size[argc];
  (void)argv;
  return require;
}


Determining size of int16 failed with the following output:
Change Dir: /home/tcs/server/CMakeFiles/CMakeTmp

Run Build Command:"/usr/bin/make" "cmTC_b0ef7/fast"
/usr/bin/make -f CMakeFiles/cmTC_b0ef7.dir/build.make CMakeFiles/cmTC_b0ef7.dir/build
make[1]: Entering directory '/home/tcs/server/CMakeFiles/CMakeTmp'
Building C object CMakeFiles/cmTC_b0ef7.dir/SIZEOF_INT16.c.o
/usr/bin/cc -DPACKAGE=test -D_FILE_OFFSET_BITS=64 -D_GNU_SOURCE=1 -D_LARGEFILE_SOURCE -D_LARGE_FILES -D__STDC_CONSTANT_MACROS -D__STDC_FORMAT_MACROS -D__STDC_LIMIT_MACROS  -pie -fPIC -Wl,-z,relro,-z,now -fstack-protector --param=ssp-buffer-size=4 -fPIC    -o CMakeFiles/cmTC_b0ef7.dir/SIZEOF_INT16.c.o   -c /home/tcs/server/CMakeFiles/CheckTypeSize/SIZEOF_INT16.c
/home/tcs/server/CMakeFiles/CheckTypeSize/SIZEOF_INT16.c:25:22: error: ‘int16’ undeclared here (not in a function); did you mean ‘int16_t’?
 #define SIZE (sizeof(int16))
                      ^
/home/tcs/server/CMakeFiles/CheckTypeSize/SIZEOF_INT16.c:27:12: note: in expansion of macro ‘SIZE’
   ('0' + ((SIZE / 10000)%10)),
            ^~~~
CMakeFiles/cmTC_b0ef7.dir/build.make:65: recipe for target 'CMakeFiles/cmTC_b0ef7.dir/SIZEOF_INT16.c.o' failed
make[1]: *** [CMakeFiles/cmTC_b0ef7.dir/SIZEOF_INT16.c.o] Error 1
make[1]: Leaving directory '/home/tcs/server/CMakeFiles/CMakeTmp'
Makefile:126: recipe for target 'cmTC_b0ef7/fast' failed
make: *** [cmTC_b0ef7/fast] Error 2

/home/tcs/server/CMakeFiles/CheckTypeSize/SIZEOF_INT16.c:
#include <sys/types.h>
#include <stdint.h>
#include <stddef.h>
#include "stdio.h"
#include "sys/types.h"


#undef KEY
#if defined(__i386)
# define KEY '_','_','i','3','8','6'
#elif defined(__x86_64)
# define KEY '_','_','x','8','6','_','6','4'
#elif defined(__ppc__)
# define KEY '_','_','p','p','c','_','_'
#elif defined(__ppc64__)
# define KEY '_','_','p','p','c','6','4','_','_'
#elif defined(__aarch64__)
# define KEY '_','_','a','a','r','c','h','6','4','_','_'
#elif defined(__ARM_ARCH_7A__)
# define KEY '_','_','A','R','M','_','A','R','C','H','_','7','A','_','_'
#elif defined(__ARM_ARCH_7S__)
# define KEY '_','_','A','R','M','_','A','R','C','H','_','7','S','_','_'
#endif

#define SIZE (sizeof(int16))
char info_size[] =  {'I', 'N', 'F', 'O', ':', 's','i','z','e','[',
  ('0' + ((SIZE / 10000)%10)),
  ('0' + ((SIZE / 1000)%10)),
  ('0' + ((SIZE / 100)%10)),
  ('0' + ((SIZE / 10)%10)),
  ('0' +  (SIZE    % 10)),
  ']',
#ifdef KEY
  ' ','k','e','y','[', KEY, ']',
#endif
  '\0'};

#ifdef __CLASSIC_C__
int main(argc, argv) int argc; char *argv[];
#else
int main(int argc, char *argv[])
#endif
{
  int require = 0;
  require += info_size[argc];
  (void)argv;
  return require;
}


Determining size of uint16 failed with the following output:
Change Dir: /home/tcs/server/CMakeFiles/CMakeTmp

Run Build Command:"/usr/bin/make" "cmTC_ff804/fast"
/usr/bin/make -f CMakeFiles/cmTC_ff804.dir/build.make CMakeFiles/cmTC_ff804.dir/build
make[1]: Entering directory '/home/tcs/server/CMakeFiles/CMakeTmp'
Building C object CMakeFiles/cmTC_ff804.dir/SIZEOF_UINT16.c.o
/usr/bin/cc -DPACKAGE=test -D_FILE_OFFSET_BITS=64 -D_GNU_SOURCE=1 -D_LARGEFILE_SOURCE -D_LARGE_FILES -D__STDC_CONSTANT_MACROS -D__STDC_FORMAT_MACROS -D__STDC_LIMIT_MACROS  -pie -fPIC -Wl,-z,relro,-z,now -fstack-protector --param=ssp-buffer-size=4 -fPIC    -o CMakeFiles/cmTC_ff804.dir/SIZEOF_UINT16.c.o   -c /home/tcs/server/CMakeFiles/CheckTypeSize/SIZEOF_UINT16.c
/home/tcs/server/CMakeFiles/CheckTypeSize/SIZEOF_UINT16.c:25:22: error: ‘uint16’ undeclared here (not in a function); did you mean ‘uint16_t’?
 #define SIZE (sizeof(uint16))
                      ^
/home/tcs/server/CMakeFiles/CheckTypeSize/SIZEOF_UINT16.c:27:12: note: in expansion of macro ‘SIZE’
   ('0' + ((SIZE / 10000)%10)),
            ^~~~
CMakeFiles/cmTC_ff804.dir/build.make:65: recipe for target 'CMakeFiles/cmTC_ff804.dir/SIZEOF_UINT16.c.o' failed
make[1]: *** [CMakeFiles/cmTC_ff804.dir/SIZEOF_UINT16.c.o] Error 1
make[1]: Leaving directory '/home/tcs/server/CMakeFiles/CMakeTmp'
Makefile:126: recipe for target 'cmTC_ff804/fast' failed
make: *** [cmTC_ff804/fast] Error 2

/home/tcs/server/CMakeFiles/CheckTypeSize/SIZEOF_UINT16.c:
#include <sys/types.h>
#include <stdint.h>
#include <stddef.h>
#include "stdio.h"
#include "sys/types.h"


#undef KEY
#if defined(__i386)
# define KEY '_','_','i','3','8','6'
#elif defined(__x86_64)
# define KEY '_','_','x','8','6','_','6','4'
#elif defined(__ppc__)
# define KEY '_','_','p','p','c','_','_'
#elif defined(__ppc64__)
# define KEY '_','_','p','p','c','6','4','_','_'
#elif defined(__aarch64__)
# define KEY '_','_','a','a','r','c','h','6','4','_','_'
#elif defined(__ARM_ARCH_7A__)
# define KEY '_','_','A','R','M','_','A','R','C','H','_','7','A','_','_'
#elif defined(__ARM_ARCH_7S__)
# define KEY '_','_','A','R','M','_','A','R','C','H','_','7','S','_','_'
#endif

#define SIZE (sizeof(uint16))
char info_size[] =  {'I', 'N', 'F', 'O', ':', 's','i','z','e','[',
  ('0' + ((SIZE / 10000)%10)),
  ('0' + ((SIZE / 1000)%10)),
  ('0' + ((SIZE / 100)%10)),
  ('0' + ((SIZE / 10)%10)),
  ('0' +  (SIZE    % 10)),
  ']',
#ifdef KEY
  ' ','k','e','y','[', KEY, ']',
#endif
  '\0'};

#ifdef __CLASSIC_C__
int main(argc, argv) int argc; char *argv[];
#else
int main(int argc, char *argv[])
#endif
{
  int require = 0;
  require += info_size[argc];
  (void)argv;
  return require;
}


Determining size of int32 failed with the following output:
Change Dir: /home/tcs/server/CMakeFiles/CMakeTmp

Run Build Command:"/usr/bin/make" "cmTC_e6567/fast"
/usr/bin/make -f CMakeFiles/cmTC_e6567.dir/build.make CMakeFiles/cmTC_e6567.dir/build
make[1]: Entering directory '/home/tcs/server/CMakeFiles/CMakeTmp'
Building C object CMakeFiles/cmTC_e6567.dir/SIZEOF_INT32.c.o
/usr/bin/cc -DPACKAGE=test -D_FILE_OFFSET_BITS=64 -D_GNU_SOURCE=1 -D_LARGEFILE_SOURCE -D_LARGE_FILES -D__STDC_CONSTANT_MACROS -D__STDC_FORMAT_MACROS -D__STDC_LIMIT_MACROS  -pie -fPIC -Wl,-z,relro,-z,now -fstack-protector --param=ssp-buffer-size=4 -fPIC    -o CMakeFiles/cmTC_e6567.dir/SIZEOF_INT32.c.o   -c /home/tcs/server/CMakeFiles/CheckTypeSize/SIZEOF_INT32.c
/home/tcs/server/CMakeFiles/CheckTypeSize/SIZEOF_INT32.c:25:22: error: ‘int32’ undeclared here (not in a function); did you mean ‘int32_t’?
 #define SIZE (sizeof(int32))
                      ^
/home/tcs/server/CMakeFiles/CheckTypeSize/SIZEOF_INT32.c:27:12: note: in expansion of macro ‘SIZE’
   ('0' + ((SIZE / 10000)%10)),
            ^~~~
CMakeFiles/cmTC_e6567.dir/build.make:65: recipe for target 'CMakeFiles/cmTC_e6567.dir/SIZEOF_INT32.c.o' failed
make[1]: *** [CMakeFiles/cmTC_e6567.dir/SIZEOF_INT32.c.o] Error 1
make[1]: Leaving directory '/home/tcs/server/CMakeFiles/CMakeTmp'
Makefile:126: recipe for target 'cmTC_e6567/fast' failed
make: *** [cmTC_e6567/fast] Error 2

/home/tcs/server/CMakeFiles/CheckTypeSize/SIZEOF_INT32.c:
#include <sys/types.h>
#include <stdint.h>
#include <stddef.h>
#include "stdio.h"
#include "sys/types.h"


#undef KEY
#if defined(__i386)
# define KEY '_','_','i','3','8','6'
#elif defined(__x86_64)
# define KEY '_','_','x','8','6','_','6','4'
#elif defined(__ppc__)
# define KEY '_','_','p','p','c','_','_'
#elif defined(__ppc64__)
# define KEY '_','_','p','p','c','6','4','_','_'
#elif defined(__aarch64__)
# define KEY '_','_','a','a','r','c','h','6','4','_','_'
#elif defined(__ARM_ARCH_7A__)
# define KEY '_','_','A','R','M','_','A','R','C','H','_','7','A','_','_'
#elif defined(__ARM_ARCH_7S__)
# define KEY '_','_','A','R','M','_','A','R','C','H','_','7','S','_','_'
#endif

#define SIZE (sizeof(int32))
char info_size[] =  {'I', 'N', 'F', 'O', ':', 's','i','z','e','[',
  ('0' + ((SIZE / 10000)%10)),
  ('0' + ((SIZE / 1000)%10)),
  ('0' + ((SIZE / 100)%10)),
  ('0' + ((SIZE / 10)%10)),
  ('0' +  (SIZE    % 10)),
  ']',
#ifdef KEY
  ' ','k','e','y','[', KEY, ']',
#endif
  '\0'};

#ifdef __CLASSIC_C__
int main(argc, argv) int argc; char *argv[];
#else
int main(int argc, char *argv[])
#endif
{
  int require = 0;
  require += info_size[argc];
  (void)argv;
  return require;
}


Determining size of uint32 failed with the following output:
Change Dir: /home/tcs/server/CMakeFiles/CMakeTmp

Run Build Command:"/usr/bin/make" "cmTC_018b5/fast"
/usr/bin/make -f CMakeFiles/cmTC_018b5.dir/build.make CMakeFiles/cmTC_018b5.dir/build
make[1]: Entering directory '/home/tcs/server/CMakeFiles/CMakeTmp'
Building C object CMakeFiles/cmTC_018b5.dir/SIZEOF_UINT32.c.o
/usr/bin/cc -DPACKAGE=test -D_FILE_OFFSET_BITS=64 -D_GNU_SOURCE=1 -D_LARGEFILE_SOURCE -D_LARGE_FILES -D__STDC_CONSTANT_MACROS -D__STDC_FORMAT_MACROS -D__STDC_LIMIT_MACROS  -pie -fPIC -Wl,-z,relro,-z,now -fstack-protector --param=ssp-buffer-size=4 -fPIC    -o CMakeFiles/cmTC_018b5.dir/SIZEOF_UINT32.c.o   -c /home/tcs/server/CMakeFiles/CheckTypeSize/SIZEOF_UINT32.c
/home/tcs/server/CMakeFiles/CheckTypeSize/SIZEOF_UINT32.c:25:22: error: ‘uint32’ undeclared here (not in a function); did you mean ‘uint32_t’?
 #define SIZE (sizeof(uint32))
                      ^
/home/tcs/server/CMakeFiles/CheckTypeSize/SIZEOF_UINT32.c:27:12: note: in expansion of macro ‘SIZE’
   ('0' + ((SIZE / 10000)%10)),
            ^~~~
CMakeFiles/cmTC_018b5.dir/build.make:65: recipe for target 'CMakeFiles/cmTC_018b5.dir/SIZEOF_UINT32.c.o' failed
make[1]: *** [CMakeFiles/cmTC_018b5.dir/SIZEOF_UINT32.c.o] Error 1
make[1]: Leaving directory '/home/tcs/server/CMakeFiles/CMakeTmp'
Makefile:126: recipe for target 'cmTC_018b5/fast' failed
make: *** [cmTC_018b5/fast] Error 2

/home/tcs/server/CMakeFiles/CheckTypeSize/SIZEOF_UINT32.c:
#include <sys/types.h>
#include <stdint.h>
#include <stddef.h>
#include "stdio.h"
#include "sys/types.h"


#undef KEY
#if defined(__i386)
# define KEY '_','_','i','3','8','6'
#elif defined(__x86_64)
# define KEY '_','_','x','8','6','_','6','4'
#elif defined(__ppc__)
# define KEY '_','_','p','p','c','_','_'
#elif defined(__ppc64__)
# define KEY '_','_','p','p','c','6','4','_','_'
#elif defined(__aarch64__)
# define KEY '_','_','a','a','r','c','h','6','4','_','_'
#elif defined(__ARM_ARCH_7A__)
# define KEY '_','_','A','R','M','_','A','R','C','H','_','7','A','_','_'
#elif defined(__ARM_ARCH_7S__)
# define KEY '_','_','A','R','M','_','A','R','C','H','_','7','S','_','_'
#endif

#define SIZE (sizeof(uint32))
char info_size[] =  {'I', 'N', 'F', 'O', ':', 's','i','z','e','[',
  ('0' + ((SIZE / 10000)%10)),
  ('0' + ((SIZE / 1000)%10)),
  ('0' + ((SIZE / 100)%10)),
  ('0' + ((SIZE / 10)%10)),
  ('0' +  (SIZE    % 10)),
  ']',
#ifdef KEY
  ' ','k','e','y','[', KEY, ']',
#endif
  '\0'};

#ifdef __CLASSIC_C__
int main(argc, argv) int argc; char *argv[];
#else
int main(int argc, char *argv[])
#endif
{
  int require = 0;
  require += info_size[argc];
  (void)argv;
  return require;
}


Determining size of int64 failed with the following output:
Change Dir: /home/tcs/server/CMakeFiles/CMakeTmp

Run Build Command:"/usr/bin/make" "cmTC_dcc53/fast"
/usr/bin/make -f CMakeFiles/cmTC_dcc53.dir/build.make CMakeFiles/cmTC_dcc53.dir/build
make[1]: Entering directory '/home/tcs/server/CMakeFiles/CMakeTmp'
Building C object CMakeFiles/cmTC_dcc53.dir/SIZEOF_INT64.c.o
/usr/bin/cc -DPACKAGE=test -D_FILE_OFFSET_BITS=64 -D_GNU_SOURCE=1 -D_LARGEFILE_SOURCE -D_LARGE_FILES -D__STDC_CONSTANT_MACROS -D__STDC_FORMAT_MACROS -D__STDC_LIMIT_MACROS  -pie -fPIC -Wl,-z,relro,-z,now -fstack-protector --param=ssp-buffer-size=4 -fPIC    -o CMakeFiles/cmTC_dcc53.dir/SIZEOF_INT64.c.o   -c /home/tcs/server/CMakeFiles/CheckTypeSize/SIZEOF_INT64.c
/home/tcs/server/CMakeFiles/CheckTypeSize/SIZEOF_INT64.c:25:22: error: ‘int64’ undeclared here (not in a function); did you mean ‘int64_t’?
 #define SIZE (sizeof(int64))
                      ^
/home/tcs/server/CMakeFiles/CheckTypeSize/SIZEOF_INT64.c:27:12: note: in expansion of macro ‘SIZE’
   ('0' + ((SIZE / 10000)%10)),
            ^~~~
CMakeFiles/cmTC_dcc53.dir/build.make:65: recipe for target 'CMakeFiles/cmTC_dcc53.dir/SIZEOF_INT64.c.o' failed
make[1]: *** [CMakeFiles/cmTC_dcc53.dir/SIZEOF_INT64.c.o] Error 1
make[1]: Leaving directory '/home/tcs/server/CMakeFiles/CMakeTmp'
Makefile:126: recipe for target 'cmTC_dcc53/fast' failed
make: *** [cmTC_dcc53/fast] Error 2

/home/tcs/server/CMakeFiles/CheckTypeSize/SIZEOF_INT64.c:
#include <sys/types.h>
#include <stdint.h>
#include <stddef.h>
#include "stdio.h"
#include "sys/types.h"


#undef KEY
#if defined(__i386)
# define KEY '_','_','i','3','8','6'
#elif defined(__x86_64)
# define KEY '_','_','x','8','6','_','6','4'
#elif defined(__ppc__)
# define KEY '_','_','p','p','c','_','_'
#elif defined(__ppc64__)
# define KEY '_','_','p','p','c','6','4','_','_'
#elif defined(__aarch64__)
# define KEY '_','_','a','a','r','c','h','6','4','_','_'
#elif defined(__ARM_ARCH_7A__)
# define KEY '_','_','A','R','M','_','A','R','C','H','_','7','A','_','_'
#elif defined(__ARM_ARCH_7S__)
# define KEY '_','_','A','R','M','_','A','R','C','H','_','7','S','_','_'
#endif

#define SIZE (sizeof(int64))
char info_size[] =  {'I', 'N', 'F', 'O', ':', 's','i','z','e','[',
  ('0' + ((SIZE / 10000)%10)),
  ('0' + ((SIZE / 1000)%10)),
  ('0' + ((SIZE / 100)%10)),
  ('0' + ((SIZE / 10)%10)),
  ('0' +  (SIZE    % 10)),
  ']',
#ifdef KEY
  ' ','k','e','y','[', KEY, ']',
#endif
  '\0'};

#ifdef __CLASSIC_C__
int main(argc, argv) int argc; char *argv[];
#else
int main(int argc, char *argv[])
#endif
{
  int require = 0;
  require += info_size[argc];
  (void)argv;
  return require;
}


Determining size of uint64 failed with the following output:
Change Dir: /home/tcs/server/CMakeFiles/CMakeTmp

Run Build Command:"/usr/bin/make" "cmTC_cfab2/fast"
/usr/bin/make -f CMakeFiles/cmTC_cfab2.dir/build.make CMakeFiles/cmTC_cfab2.dir/build
make[1]: Entering directory '/home/tcs/server/CMakeFiles/CMakeTmp'
Building C object CMakeFiles/cmTC_cfab2.dir/SIZEOF_UINT64.c.o
/usr/bin/cc -DPACKAGE=test -D_FILE_OFFSET_BITS=64 -D_GNU_SOURCE=1 -D_LARGEFILE_SOURCE -D_LARGE_FILES -D__STDC_CONSTANT_MACROS -D__STDC_FORMAT_MACROS -D__STDC_LIMIT_MACROS  -pie -fPIC -Wl,-z,relro,-z,now -fstack-protector --param=ssp-buffer-size=4 -fPIC    -o CMakeFiles/cmTC_cfab2.dir/SIZEOF_UINT64.c.o   -c /home/tcs/server/CMakeFiles/CheckTypeSize/SIZEOF_UINT64.c
/home/tcs/server/CMakeFiles/CheckTypeSize/SIZEOF_UINT64.c:25:22: error: ‘uint64’ undeclared here (not in a function); did you mean ‘uint64_t’?
 #define SIZE (sizeof(uint64))
                      ^
/home/tcs/server/CMakeFiles/CheckTypeSize/SIZEOF_UINT64.c:27:12: note: in expansion of macro ‘SIZE’
   ('0' + ((SIZE / 10000)%10)),
            ^~~~
CMakeFiles/cmTC_cfab2.dir/build.make:65: recipe for target 'CMakeFiles/cmTC_cfab2.dir/SIZEOF_UINT64.c.o' failed
make[1]: *** [CMakeFiles/cmTC_cfab2.dir/SIZEOF_UINT64.c.o] Error 1
make[1]: Leaving directory '/home/tcs/server/CMakeFiles/CMakeTmp'
Makefile:126: recipe for target 'cmTC_cfab2/fast' failed
make: *** [cmTC_cfab2/fast] Error 2

/home/tcs/server/CMakeFiles/CheckTypeSize/SIZEOF_UINT64.c:
#include <sys/types.h>
#include <stdint.h>
#include <stddef.h>
#include "stdio.h"
#include "sys/types.h"


#undef KEY
#if defined(__i386)
# define KEY '_','_','i','3','8','6'
#elif defined(__x86_64)
# define KEY '_','_','x','8','6','_','6','4'
#elif defined(__ppc__)
# define KEY '_','_','p','p','c','_','_'
#elif defined(__ppc64__)
# define KEY '_','_','p','p','c','6','4','_','_'
#elif defined(__aarch64__)
# define KEY '_','_','a','a','r','c','h','6','4','_','_'
#elif defined(__ARM_ARCH_7A__)
# define KEY '_','_','A','R','M','_','A','R','C','H','_','7','A','_','_'
#elif defined(__ARM_ARCH_7S__)
# define KEY '_','_','A','R','M','_','A','R','C','H','_','7','S','_','_'
#endif

#define SIZE (sizeof(uint64))
char info_size[] =  {'I', 'N', 'F', 'O', ':', 's','i','z','e','[',
  ('0' + ((SIZE / 10000)%10)),
  ('0' + ((SIZE / 1000)%10)),
  ('0' + ((SIZE / 100)%10)),
  ('0' + ((SIZE / 10)%10)),
  ('0' +  (SIZE    % 10)),
  ']',
#ifdef KEY
  ' ','k','e','y','[', KEY, ']',
#endif
  '\0'};

#ifdef __CLASSIC_C__
int main(argc, argv) int argc; char *argv[];
#else
int main(int argc, char *argv[])
#endif
{
  int require = 0;
  require += info_size[argc];
  (void)argv;
  return require;
}


Performing C SOURCE FILE Test TIME_T_UNSIGNED failed with the following output:
Change Dir: /home/tcs/server/CMakeFiles/CMakeTmp

Run Build Command:"/usr/bin/make" "cmTC_b9aba/fast"
/usr/bin/make -f CMakeFiles/cmTC_b9aba.dir/build.make CMakeFiles/cmTC_b9aba.dir/build
make[1]: Entering directory '/home/tcs/server/CMakeFiles/CMakeTmp'
Building C object CMakeFiles/cmTC_b9aba.dir/src.c.o
/usr/bin/cc -DPACKAGE=test -D_FILE_OFFSET_BITS=64 -D_GNU_SOURCE=1 -D_LARGEFILE_SOURCE -D_LARGE_FILES -D__STDC_CONSTANT_MACROS -D__STDC_FORMAT_MACROS -D__STDC_LIMIT_MACROS  -pie -fPIC -Wl,-z,relro,-z,now -fstack-protector --param=ssp-buffer-size=4 -fPIC -DTIME_T_UNSIGNED   -o CMakeFiles/cmTC_b9aba.dir/src.c.o   -c /home/tcs/server/CMakeFiles/CMakeTmp/src.c
/home/tcs/server/CMakeFiles/CMakeTmp/src.c: In function ‘main’:
/home/tcs/server/CMakeFiles/CMakeTmp/src.c:5:7: error: size of array ‘array’ is negative
   int array[(((time_t)-1) > 0) ? 1 : -1];
       ^~~~~
CMakeFiles/cmTC_b9aba.dir/build.make:65: recipe for target 'CMakeFiles/cmTC_b9aba.dir/src.c.o' failed
make[1]: *** [CMakeFiles/cmTC_b9aba.dir/src.c.o] Error 1
make[1]: Leaving directory '/home/tcs/server/CMakeFiles/CMakeTmp'
Makefile:126: recipe for target 'cmTC_b9aba/fast' failed
make: *** [cmTC_b9aba/fast] Error 2

Source file was:

#include <time.h>
int main()
{
  int array[(((time_t)-1) > 0) ? 1 : -1];
  return 0;
}
Performing C SOURCE FILE Test HAVE_TIMESPEC_TS_SEC failed with the following output:
Change Dir: /home/tcs/server/CMakeFiles/CMakeTmp

Run Build Command:"/usr/bin/make" "cmTC_e933f/fast"
/usr/bin/make -f CMakeFiles/cmTC_e933f.dir/build.make CMakeFiles/cmTC_e933f.dir/build
make[1]: Entering directory '/home/tcs/server/CMakeFiles/CMakeTmp'
Building C object CMakeFiles/cmTC_e933f.dir/src.c.o
/usr/bin/cc -DPACKAGE=test -D_FILE_OFFSET_BITS=64 -D_GNU_SOURCE=1 -D_LARGEFILE_SOURCE -D_LARGE_FILES -D__STDC_CONSTANT_MACROS -D__STDC_FORMAT_MACROS -D__STDC_LIMIT_MACROS  -pie -fPIC -Wl,-z,relro,-z,now -fstack-protector --param=ssp-buffer-size=4 -fPIC -DHAVE_TIMESPEC_TS_SEC   -o CMakeFiles/cmTC_e933f.dir/src.c.o   -c /home/tcs/server/CMakeFiles/CMakeTmp/src.c
/home/tcs/server/CMakeFiles/CMakeTmp/src.c: In function ‘main’:
/home/tcs/server/CMakeFiles/CMakeTmp/src.c:7:11: error: ‘struct timespec’ has no member named ‘ts_sec’; did you mean ‘tv_sec’?
   abstime.ts_sec = time(NULL)+1;
           ^~~~~~
           tv_sec
/home/tcs/server/CMakeFiles/CMakeTmp/src.c:8:11: error: ‘struct timespec’ has no member named ‘ts_nsec’; did you mean ‘tv_nsec’?
   abstime.ts_nsec = 0;
           ^~~~~~~
           tv_nsec
CMakeFiles/cmTC_e933f.dir/build.make:65: recipe for target 'CMakeFiles/cmTC_e933f.dir/src.c.o' failed
make[1]: *** [CMakeFiles/cmTC_e933f.dir/src.c.o] Error 1
make[1]: Leaving directory '/home/tcs/server/CMakeFiles/CMakeTmp'
Makefile:126: recipe for target 'cmTC_e933f/fast' failed
make: *** [cmTC_e933f/fast] Error 2

Source file was:

#include <pthread.h>

int main(int ac, char **av)
{
  struct timespec abstime;
  abstime.ts_sec = time(NULL)+1;
  abstime.ts_nsec = 0;
}

Performing C++ SOURCE FILE Test HAVE_SOLARIS_STYLE_GETHOST failed with the following output:
Change Dir: /home/tcs/server/CMakeFiles/CMakeTmp

Run Build Command:"/usr/bin/make" "cmTC_16b41/fast"
/usr/bin/make -f CMakeFiles/cmTC_16b41.dir/build.make CMakeFiles/cmTC_16b41.dir/build
make[1]: Entering directory '/home/tcs/server/CMakeFiles/CMakeTmp'
Building CXX object CMakeFiles/cmTC_16b41.dir/src.cxx.o
/usr/bin/c++  -DPACKAGE=test -D_FILE_OFFSET_BITS=64 -D_GNU_SOURCE=1 -D_LARGEFILE_SOURCE -D_LARGE_FILES -D__STDC_CONSTANT_MACROS -D__STDC_FORMAT_MACROS -D__STDC_LIMIT_MACROS  -pie -fPIC -Wl,-z,relro,-z,now -fstack-protector --param=ssp-buffer-size=4 -fPIC -fno-rtti -DHAVE_SOLARIS_STYLE_GETHOST   -o CMakeFiles/cmTC_16b41.dir/src.cxx.o -c /home/tcs/server/CMakeFiles/CMakeTmp/src.cxx
/home/tcs/server/CMakeFiles/CMakeTmp/src.cxx: In function ‘int main()’:
/home/tcs/server/CMakeFiles/CMakeTmp/src.cxx:17:66: error: cannot convert ‘int*’ to ‘hostent**’ for argument ‘7’ to ‘int gethostbyaddr_r(const void*, __socklen_t, int, hostent*, char*, size_t, hostent**, int*)’
           0, 0, (struct hostent *) 0, (char *) NULL,  0, (int *)0);
                                                                  ^
CMakeFiles/cmTC_16b41.dir/build.make:65: recipe for target 'CMakeFiles/cmTC_16b41.dir/src.cxx.o' failed
make[1]: *** [CMakeFiles/cmTC_16b41.dir/src.cxx.o] Error 1
make[1]: Leaving directory '/home/tcs/server/CMakeFiles/CMakeTmp'
Makefile:126: recipe for target 'cmTC_16b41/fast' failed
make: *** [cmTC_16b41/fast] Error 2

Source file was:

    #undef inline
    #if !defined(SCO) && !defined(__osf__) && !defined(_REENTRANT)
    #define _REENTRANT
    #endif
    #include <pthread.h>
    #include <sys/types.h>
    #include <sys/socket.h>
    #include <netinet/in.h>
    #include <arpa/inet.h>
    #include <netdb.h>
    int main()
    {

       struct hostent *foo =
       gethostbyaddr_r((const char *) 0,
          0, 0, (struct hostent *) 0, (char *) NULL,  0, (int *)0);
       return 0;
    }
  
Determining if files valgrind/memcheck.h;valgrind/valgrind.h exist failed with the following output:
Change Dir: /home/tcs/server/CMakeFiles/CMakeTmp

Run Build Command:"/usr/bin/make" "cmTC_ac28b/fast"
/usr/bin/make -f CMakeFiles/cmTC_ac28b.dir/build.make CMakeFiles/cmTC_ac28b.dir/build
make[1]: Entering directory '/home/tcs/server/CMakeFiles/CMakeTmp'
Building C object CMakeFiles/cmTC_ac28b.dir/CheckIncludeFiles.c.o
/usr/bin/cc -DPACKAGE=test -D_FILE_OFFSET_BITS=64 -D_GNU_SOURCE=1 -D_LARGEFILE_SOURCE -D_LARGE_FILES -D__STDC_CONSTANT_MACROS -D__STDC_FORMAT_MACROS -D__STDC_LIMIT_MACROS  -pie -fPIC -Wl,-z,relro,-z,now -fstack-protector --param=ssp-buffer-size=4 -fPIC    -o CMakeFiles/cmTC_ac28b.dir/CheckIncludeFiles.c.o   -c /home/tcs/server/CMakeFiles/CMakeTmp/CheckIncludeFiles.c
/home/tcs/server/CMakeFiles/CMakeTmp/CheckIncludeFiles.c:2:10: fatal error: valgrind/memcheck.h: No such file or directory
 #include <valgrind/memcheck.h>
          ^~~~~~~~~~~~~~~~~~~~~
compilation terminated.
CMakeFiles/cmTC_ac28b.dir/build.make:65: recipe for target 'CMakeFiles/cmTC_ac28b.dir/CheckIncludeFiles.c.o' failed
make[1]: *** [CMakeFiles/cmTC_ac28b.dir/CheckIncludeFiles.c.o] Error 1
make[1]: Leaving directory '/home/tcs/server/CMakeFiles/CMakeTmp'
Makefile:126: recipe for target 'cmTC_ac28b/fast' failed
make: *** [cmTC_ac28b/fast] Error 2

Source:
/* */
#include <valgrind/memcheck.h>
#include <valgrind/valgrind.h>


int main(void){return 0;}

Determining if the include file netinet/in6.h exists failed with the following output:
Change Dir: /home/tcs/server/CMakeFiles/CMakeTmp

Run Build Command:"/usr/bin/make" "cmTC_8b27e/fast"
/usr/bin/make -f CMakeFiles/cmTC_8b27e.dir/build.make CMakeFiles/cmTC_8b27e.dir/build
make[1]: Entering directory '/home/tcs/server/CMakeFiles/CMakeTmp'
Building C object CMakeFiles/cmTC_8b27e.dir/CheckIncludeFile.c.o
/usr/bin/cc -DPACKAGE=test -D_FILE_OFFSET_BITS=64 -D_GNU_SOURCE=1 -D_LARGEFILE_SOURCE -D_LARGE_FILES -D__STDC_CONSTANT_MACROS -D__STDC_FORMAT_MACROS -D__STDC_LIMIT_MACROS  -pie -fPIC -Wl,-z,relro,-z,now -fstack-protector --param=ssp-buffer-size=4 -fPIC    -o CMakeFiles/cmTC_8b27e.dir/CheckIncludeFile.c.o   -c /home/tcs/server/CMakeFiles/CMakeTmp/CheckIncludeFile.c
/home/tcs/server/CMakeFiles/CMakeTmp/CheckIncludeFile.c:1:10: fatal error: netinet/in6.h: No such file or directory
 #include <netinet/in6.h>
          ^~~~~~~~~~~~~~~
compilation terminated.
CMakeFiles/cmTC_8b27e.dir/build.make:65: recipe for target 'CMakeFiles/cmTC_8b27e.dir/CheckIncludeFile.c.o' failed
make[1]: *** [CMakeFiles/cmTC_8b27e.dir/CheckIncludeFile.c.o] Error 1
make[1]: Leaving directory '/home/tcs/server/CMakeFiles/CMakeTmp'
Makefile:126: recipe for target 'cmTC_8b27e/fast' failed
make: *** [cmTC_8b27e/fast] Error 2


Performing C SOURCE FILE Test HAVE_SOCKADDR_IN_SIN_LEN failed with the following output:
Change Dir: /home/tcs/server/CMakeFiles/CMakeTmp

Run Build Command:"/usr/bin/make" "cmTC_d1c69/fast"
/usr/bin/make -f CMakeFiles/cmTC_d1c69.dir/build.make CMakeFiles/cmTC_d1c69.dir/build
make[1]: Entering directory '/home/tcs/server/CMakeFiles/CMakeTmp'
Building C object CMakeFiles/cmTC_d1c69.dir/src.c.o
/usr/bin/cc -DPACKAGE=test -D_FILE_OFFSET_BITS=64 -D_GNU_SOURCE=1 -D_LARGEFILE_SOURCE -D_LARGE_FILES -D__STDC_CONSTANT_MACROS -D__STDC_FORMAT_MACROS -D__STDC_LIMIT_MACROS  -pie -fPIC -Wl,-z,relro,-z,now -fstack-protector --param=ssp-buffer-size=4 -fPIC -DHAVE_SOCKADDR_IN_SIN_LEN   -o CMakeFiles/cmTC_d1c69.dir/src.c.o   -c /home/tcs/server/CMakeFiles/CMakeTmp/src.c
/home/tcs/server/CMakeFiles/CMakeTmp/src.c: In function ‘main’:
/home/tcs/server/CMakeFiles/CMakeTmp/src.c:8:44: error: ‘struct sockaddr_in’ has no member named ‘sin_len’; did you mean ‘sin_zero’?
    (void)sizeof(((struct sockaddr_in *)0)->sin_len);
                                            ^~~~~~~
                                            sin_zero
CMakeFiles/cmTC_d1c69.dir/build.make:65: recipe for target 'CMakeFiles/cmTC_d1c69.dir/src.c.o' failed
make[1]: *** [CMakeFiles/cmTC_d1c69.dir/src.c.o] Error 1
make[1]: Leaving directory '/home/tcs/server/CMakeFiles/CMakeTmp'
Makefile:126: recipe for target 'cmTC_d1c69/fast' failed
make: *** [cmTC_d1c69/fast] Error 2

Source file was:

#include <sys/types.h>
#include <netinet/in.h>
#include <sys/socket.h>

int main()
{
   (void)sizeof(((struct sockaddr_in *)0)->sin_len);
   return 0;
}

Performing C SOURCE FILE Test HAVE_SOCKADDR_IN6_SIN6_LEN failed with the following output:
Change Dir: /home/tcs/server/CMakeFiles/CMakeTmp

Run Build Command:"/usr/bin/make" "cmTC_213ed/fast"
/usr/bin/make -f CMakeFiles/cmTC_213ed.dir/build.make CMakeFiles/cmTC_213ed.dir/build
make[1]: Entering directory '/home/tcs/server/CMakeFiles/CMakeTmp'
Building C object CMakeFiles/cmTC_213ed.dir/src.c.o
/usr/bin/cc -DPACKAGE=test -D_FILE_OFFSET_BITS=64 -D_GNU_SOURCE=1 -D_LARGEFILE_SOURCE -D_LARGE_FILES -D__STDC_CONSTANT_MACROS -D__STDC_FORMAT_MACROS -D__STDC_LIMIT_MACROS  -pie -fPIC -Wl,-z,relro,-z,now -fstack-protector --param=ssp-buffer-size=4 -fPIC -DHAVE_SOCKADDR_IN6_SIN6_LEN   -o CMakeFiles/cmTC_213ed.dir/src.c.o   -c /home/tcs/server/CMakeFiles/CMakeTmp/src.c
/home/tcs/server/CMakeFiles/CMakeTmp/src.c: In function ‘main’:
/home/tcs/server/CMakeFiles/CMakeTmp/src.c:8:45: error: ‘struct sockaddr_in6’ has no member named ‘sin6_len’; did you mean ‘sin6_port’?
    (void)sizeof(((struct sockaddr_in6 *)0)->sin6_len);
                                             ^~~~~~~~
                                             sin6_port
CMakeFiles/cmTC_213ed.dir/build.make:65: recipe for target 'CMakeFiles/cmTC_213ed.dir/src.c.o' failed
make[1]: *** [CMakeFiles/cmTC_213ed.dir/src.c.o] Error 1
make[1]: Leaving directory '/home/tcs/server/CMakeFiles/CMakeTmp'
Makefile:126: recipe for target 'cmTC_213ed/fast' failed
make: *** [cmTC_213ed/fast] Error 2

Source file was:

#include <sys/types.h>
#include <netinet/in.h>
#include <sys/socket.h>

int main()
{
   (void)sizeof(((struct sockaddr_in6 *)0)->sin6_len);
   return 0;
}

Performing C++ SOURCE FILE Test HAVE_HIST_ENTRY failed with the following output:
Change Dir: /home/tcs/server/CMakeFiles/CMakeTmp

Run Build Command:"/usr/bin/make" "cmTC_f5ce5/fast"
/usr/bin/make -f CMakeFiles/cmTC_f5ce5.dir/build.make CMakeFiles/cmTC_f5ce5.dir/build
make[1]: Entering directory '/home/tcs/server/CMakeFiles/CMakeTmp'
Building CXX object CMakeFiles/cmTC_f5ce5.dir/src.cxx.o
/usr/bin/c++  -DPACKAGE=test -D_FILE_OFFSET_BITS=64 -D_GNU_SOURCE=1 -D_LARGEFILE_SOURCE -D_LARGE_FILES -D__STDC_CONSTANT_MACROS -D__STDC_FORMAT_MACROS -D__STDC_LIMIT_MACROS -I/usr/include/readline  -pie -fPIC -Wl,-z,relro,-z,now -fstack-protector --param=ssp-buffer-size=4 -fPIC -fno-rtti -DHAVE_HIST_ENTRY   -o CMakeFiles/cmTC_f5ce5.dir/src.cxx.o -c /home/tcs/server/CMakeFiles/CMakeTmp/src.cxx
/home/tcs/server/CMakeFiles/CMakeTmp/src.cxx: In function ‘int main(int, char**)’:
/home/tcs/server/CMakeFiles/CMakeTmp/src.cxx:6:8: error: ‘HIST_ENTRY’ was not declared in this scope
        HIST_ENTRY entry;
        ^~~~~~~~~~
/home/tcs/server/CMakeFiles/CMakeTmp/src.cxx:6:8: note: suggested alternative: ‘HAVE_HIST_ENTRY’
        HIST_ENTRY entry;
        ^~~~~~~~~~
        HAVE_HIST_ENTRY
CMakeFiles/cmTC_f5ce5.dir/build.make:65: recipe for target 'CMakeFiles/cmTC_f5ce5.dir/src.cxx.o' failed
make[1]: *** [CMakeFiles/cmTC_f5ce5.dir/src.cxx.o] Error 1
make[1]: Leaving directory '/home/tcs/server/CMakeFiles/CMakeTmp'
Makefile:126: recipe for target 'cmTC_f5ce5/fast' failed
make: *** [cmTC_f5ce5/fast] Error 2

Source file was:

    #include <stdio.h>
    #include <readline.h>
    int main(int argc, char **argv)
    {
       HIST_ENTRY entry;
       return 0;
    }
Performing C++ SOURCE FILE Test have_CXX__Wdeclaration_after_statement failed with the following output:
Change Dir: /home/tcs/server/CMakeFiles/CMakeTmp

Run Build Command:"/usr/bin/make" "cmTC_81c03/fast"
/usr/bin/make -f CMakeFiles/cmTC_81c03.dir/build.make CMakeFiles/cmTC_81c03.dir/build
make[1]: Entering directory '/home/tcs/server/CMakeFiles/CMakeTmp'
Building CXX object CMakeFiles/cmTC_81c03.dir/src.cxx.o
/usr/bin/c++  -DPACKAGE=test -D_FILE_OFFSET_BITS=64 -D_GNU_SOURCE=1 -D_LARGEFILE_SOURCE -D_LARGE_FILES -D__STDC_CONSTANT_MACROS -D__STDC_FORMAT_MACROS -D__STDC_LIMIT_MACROS  -pie -fPIC -Wl,-z,relro,-z,now -fstack-protector --param=ssp-buffer-size=4 -fPIC -fno-rtti -Dhave_CXX__Wdeclaration_after_statement  -Wdeclaration-after-statement   -o CMakeFiles/cmTC_81c03.dir/src.cxx.o -c /home/tcs/server/CMakeFiles/CMakeTmp/src.cxx
cc1plus: warning: command line option ‘-Wdeclaration-after-statement’ is valid for C/ObjC but not for C++
Linking CXX executable cmTC_81c03
/usr/bin/cmake -E cmake_link_script CMakeFiles/cmTC_81c03.dir/link.txt --verbose=1
/usr/bin/c++   -pie -fPIC -Wl,-z,relro,-z,now -fstack-protector --param=ssp-buffer-size=4 -fPIC -fno-rtti -Dhave_CXX__Wdeclaration_after_statement  -Wdeclaration-after-statement    -rdynamic CMakeFiles/cmTC_81c03.dir/src.cxx.o  -o cmTC_81c03 
make[1]: Leaving directory '/home/tcs/server/CMakeFiles/CMakeTmp'

Source file was:
int main(void) { return 0; }
Performing C SOURCE FILE Test have_C__Wnull_conversion failed with the following output:
Change Dir: /home/tcs/server/CMakeFiles/CMakeTmp

Run Build Command:"/usr/bin/make" "cmTC_741e5/fast"
/usr/bin/make -f CMakeFiles/cmTC_741e5.dir/build.make CMakeFiles/cmTC_741e5.dir/build
make[1]: Entering directory '/home/tcs/server/CMakeFiles/CMakeTmp'
Building C object CMakeFiles/cmTC_741e5.dir/src.c.o
/usr/bin/cc -DPACKAGE=test -D_FILE_OFFSET_BITS=64 -D_GNU_SOURCE=1 -D_LARGEFILE_SOURCE -D_LARGE_FILES -D__STDC_CONSTANT_MACROS -D__STDC_FORMAT_MACROS -D__STDC_LIMIT_MACROS  -pie -fPIC -Wl,-z,relro,-z,now -fstack-protector --param=ssp-buffer-size=4 -fPIC -Dhave_C__Wnull_conversion  -Wnull-conversion   -o CMakeFiles/cmTC_741e5.dir/src.c.o   -c /home/tcs/server/CMakeFiles/CMakeTmp/src.c
cc: error: unrecognized command line option ‘-Wnull-conversion’; did you mean ‘-Wno-conversion’?
CMakeFiles/cmTC_741e5.dir/build.make:65: recipe for target 'CMakeFiles/cmTC_741e5.dir/src.c.o' failed
make[1]: *** [CMakeFiles/cmTC_741e5.dir/src.c.o] Error 1
make[1]: Leaving directory '/home/tcs/server/CMakeFiles/CMakeTmp'
Makefile:126: recipe for target 'cmTC_741e5/fast' failed
make: *** [cmTC_741e5/fast] Error 2

Source file was:
int main(void) { return 0; }
Performing C++ SOURCE FILE Test have_CXX__Wnull_conversion failed with the following output:
Change Dir: /home/tcs/server/CMakeFiles/CMakeTmp

Run Build Command:"/usr/bin/make" "cmTC_ec4f4/fast"
/usr/bin/make -f CMakeFiles/cmTC_ec4f4.dir/build.make CMakeFiles/cmTC_ec4f4.dir/build
make[1]: Entering directory '/home/tcs/server/CMakeFiles/CMakeTmp'
Building CXX object CMakeFiles/cmTC_ec4f4.dir/src.cxx.o
/usr/bin/c++  -DPACKAGE=test -D_FILE_OFFSET_BITS=64 -D_GNU_SOURCE=1 -D_LARGEFILE_SOURCE -D_LARGE_FILES -D__STDC_CONSTANT_MACROS -D__STDC_FORMAT_MACROS -D__STDC_LIMIT_MACROS  -pie -fPIC -Wl,-z,relro,-z,now -fstack-protector --param=ssp-buffer-size=4 -fPIC -fno-rtti -Dhave_CXX__Wnull_conversion  -Wnull-conversion   -o CMakeFiles/cmTC_ec4f4.dir/src.cxx.o -c /home/tcs/server/CMakeFiles/CMakeTmp/src.cxx
c++: error: unrecognized command line option ‘-Wnull-conversion’; did you mean ‘-Wno-conversion’?
CMakeFiles/cmTC_ec4f4.dir/build.make:65: recipe for target 'CMakeFiles/cmTC_ec4f4.dir/src.cxx.o' failed
make[1]: *** [CMakeFiles/cmTC_ec4f4.dir/src.cxx.o] Error 1
make[1]: Leaving directory '/home/tcs/server/CMakeFiles/CMakeTmp'
Makefile:126: recipe for target 'cmTC_ec4f4/fast' failed
make: *** [cmTC_ec4f4/fast] Error 2

Source file was:
int main(void) { return 0; }
Performing C SOURCE FILE Test have_C__Wunused_private_field failed with the following output:
Change Dir: /home/tcs/server/CMakeFiles/CMakeTmp

Run Build Command:"/usr/bin/make" "cmTC_43125/fast"
/usr/bin/make -f CMakeFiles/cmTC_43125.dir/build.make CMakeFiles/cmTC_43125.dir/build
make[1]: Entering directory '/home/tcs/server/CMakeFiles/CMakeTmp'
Building C object CMakeFiles/cmTC_43125.dir/src.c.o
/usr/bin/cc -DPACKAGE=test -D_FILE_OFFSET_BITS=64 -D_GNU_SOURCE=1 -D_LARGEFILE_SOURCE -D_LARGE_FILES -D__STDC_CONSTANT_MACROS -D__STDC_FORMAT_MACROS -D__STDC_LIMIT_MACROS  -pie -fPIC -Wl,-z,relro,-z,now -fstack-protector --param=ssp-buffer-size=4 -fPIC -Dhave_C__Wunused_private_field  -Wunused-private-field   -o CMakeFiles/cmTC_43125.dir/src.c.o   -c /home/tcs/server/CMakeFiles/CMakeTmp/src.c
cc: error: unrecognized command line option ‘-Wunused-private-field’; did you mean ‘-Wunused-parameter’?
CMakeFiles/cmTC_43125.dir/build.make:65: recipe for target 'CMakeFiles/cmTC_43125.dir/src.c.o' failed
make[1]: *** [CMakeFiles/cmTC_43125.dir/src.c.o] Error 1
make[1]: Leaving directory '/home/tcs/server/CMakeFiles/CMakeTmp'
Makefile:126: recipe for target 'cmTC_43125/fast' failed
make: *** [cmTC_43125/fast] Error 2

Source file was:
int main(void) { return 0; }
Performing C++ SOURCE FILE Test have_CXX__Wunused_private_field failed with the following output:
Change Dir: /home/tcs/server/CMakeFiles/CMakeTmp

Run Build Command:"/usr/bin/make" "cmTC_6c616/fast"
/usr/bin/make -f CMakeFiles/cmTC_6c616.dir/build.make CMakeFiles/cmTC_6c616.dir/build
make[1]: Entering directory '/home/tcs/server/CMakeFiles/CMakeTmp'
Building CXX object CMakeFiles/cmTC_6c616.dir/src.cxx.o
/usr/bin/c++  -DPACKAGE=test -D_FILE_OFFSET_BITS=64 -D_GNU_SOURCE=1 -D_LARGEFILE_SOURCE -D_LARGE_FILES -D__STDC_CONSTANT_MACROS -D__STDC_FORMAT_MACROS -D__STDC_LIMIT_MACROS  -pie -fPIC -Wl,-z,relro,-z,now -fstack-protector --param=ssp-buffer-size=4 -fPIC -fno-rtti -Dhave_CXX__Wunused_private_field  -Wunused-private-field   -o CMakeFiles/cmTC_6c616.dir/src.cxx.o -c /home/tcs/server/CMakeFiles/CMakeTmp/src.cxx
c++: error: unrecognized command line option ‘-Wunused-private-field’; did you mean ‘-Wunused-parameter’?
CMakeFiles/cmTC_6c616.dir/build.make:65: recipe for target 'CMakeFiles/cmTC_6c616.dir/src.cxx.o' failed
make[1]: *** [CMakeFiles/cmTC_6c616.dir/src.cxx.o] Error 1
make[1]: Leaving directory '/home/tcs/server/CMakeFiles/CMakeTmp'
Makefile:126: recipe for target 'cmTC_6c616/fast' failed
make: *** [cmTC_6c616/fast] Error 2

Source file was:
int main(void) { return 0; }
Performing C SOURCE FILE Test have_C__Woverloaded_virtual failed with the following output:
Change Dir: /home/tcs/server/CMakeFiles/CMakeTmp

Run Build Command:"/usr/bin/make" "cmTC_be343/fast"
/usr/bin/make -f CMakeFiles/cmTC_be343.dir/build.make CMakeFiles/cmTC_be343.dir/build
make[1]: Entering directory '/home/tcs/server/CMakeFiles/CMakeTmp'
Building C object CMakeFiles/cmTC_be343.dir/src.c.o
/usr/bin/cc -DPACKAGE=test -D_FILE_OFFSET_BITS=64 -D_GNU_SOURCE=1 -D_LARGEFILE_SOURCE -D_LARGE_FILES -D__STDC_CONSTANT_MACROS -D__STDC_FORMAT_MACROS -D__STDC_LIMIT_MACROS  -pie -fPIC -Wl,-z,relro,-z,now -fstack-protector --param=ssp-buffer-size=4 -fPIC -Dhave_C__Woverloaded_virtual  -Woverloaded-virtual   -o CMakeFiles/cmTC_be343.dir/src.c.o   -c /home/tcs/server/CMakeFiles/CMakeTmp/src.c
cc1: warning: command line option ‘-Woverloaded-virtual’ is valid for C++/ObjC++ but not for C
Linking C executable cmTC_be343
/usr/bin/cmake -E cmake_link_script CMakeFiles/cmTC_be343.dir/link.txt --verbose=1
/usr/bin/cc  -pie -fPIC -Wl,-z,relro,-z,now -fstack-protector --param=ssp-buffer-size=4 -fPIC -Dhave_C__Woverloaded_virtual  -Woverloaded-virtual    -rdynamic CMakeFiles/cmTC_be343.dir/src.c.o  -o cmTC_be343 
make[1]: Leaving directory '/home/tcs/server/CMakeFiles/CMakeTmp'

Source file was:
int main(void) { return 0; }
Performing C SOURCE FILE Test have_C__Wnon_virtual_dtor failed with the following output:
Change Dir: /home/tcs/server/CMakeFiles/CMakeTmp

Run Build Command:"/usr/bin/make" "cmTC_63b69/fast"
/usr/bin/make -f CMakeFiles/cmTC_63b69.dir/build.make CMakeFiles/cmTC_63b69.dir/build
make[1]: Entering directory '/home/tcs/server/CMakeFiles/CMakeTmp'
Building C object CMakeFiles/cmTC_63b69.dir/src.c.o
/usr/bin/cc -DPACKAGE=test -D_FILE_OFFSET_BITS=64 -D_GNU_SOURCE=1 -D_LARGEFILE_SOURCE -D_LARGE_FILES -D__STDC_CONSTANT_MACROS -D__STDC_FORMAT_MACROS -D__STDC_LIMIT_MACROS  -pie -fPIC -Wl,-z,relro,-z,now -fstack-protector --param=ssp-buffer-size=4 -fPIC -Dhave_C__Wnon_virtual_dtor  -Wnon-virtual-dtor   -o CMakeFiles/cmTC_63b69.dir/src.c.o   -c /home/tcs/server/CMakeFiles/CMakeTmp/src.c
cc1: warning: command line option ‘-Wnon-virtual-dtor’ is valid for C++/ObjC++ but not for C
Linking C executable cmTC_63b69
/usr/bin/cmake -E cmake_link_script CMakeFiles/cmTC_63b69.dir/link.txt --verbose=1
/usr/bin/cc  -pie -fPIC -Wl,-z,relro,-z,now -fstack-protector --param=ssp-buffer-size=4 -fPIC -Dhave_C__Wnon_virtual_dtor  -Wnon-virtual-dtor    -rdynamic CMakeFiles/cmTC_63b69.dir/src.c.o  -o cmTC_63b69 
make[1]: Leaving directory '/home/tcs/server/CMakeFiles/CMakeTmp'

Source file was:
int main(void) { return 0; }
Determining if the function dlopen exists failed with the following output:
Change Dir: /home/tcs/server/CMakeFiles/CMakeTmp

Run Build Command:"/usr/bin/make" "cmTC_3c0f4/fast"
/usr/bin/make -f CMakeFiles/cmTC_3c0f4.dir/build.make CMakeFiles/cmTC_3c0f4.dir/build
make[1]: Entering directory '/home/tcs/server/CMakeFiles/CMakeTmp'
Building C object CMakeFiles/cmTC_3c0f4.dir/CheckFunctionExists.c.o
/usr/bin/cc -DPACKAGE=test -D_FILE_OFFSET_BITS=64 -D_GNU_SOURCE=1 -D_LARGEFILE_SOURCE -D_LARGE_FILES -D__STDC_CONSTANT_MACROS -D__STDC_FORMAT_MACROS -D__STDC_LIMIT_MACROS  -pie -fPIC -Wl,-z,relro,-z,now -fstack-protector --param=ssp-buffer-size=4 -fPIC -Wunused -Wlogical-op -Wno-uninitialized -Wall -Wextra -Wformat-security -Wno-init-self -Wwrite-strings -Wshift-count-overflow -Wdeclaration-after-statement -DCHECK_FUNCTION_EXISTS=dlopen   -o CMakeFiles/cmTC_3c0f4.dir/CheckFunctionExists.c.o   -c /usr/share/cmake-3.10/Modules/CheckFunctionExists.c
Linking C executable cmTC_3c0f4
/usr/bin/cmake -E cmake_link_script CMakeFiles/cmTC_3c0f4.dir/link.txt --verbose=1
/usr/bin/cc  -pie -fPIC -Wl,-z,relro,-z,now -fstack-protector --param=ssp-buffer-size=4 -fPIC -Wunused -Wlogical-op -Wno-uninitialized -Wall -Wextra -Wformat-security -Wno-init-self -Wwrite-strings -Wshift-count-overflow -Wdeclaration-after-statement -DCHECK_FUNCTION_EXISTS=dlopen    -rdynamic CMakeFiles/cmTC_3c0f4.dir/CheckFunctionExists.c.o  -o cmTC_3c0f4 
CMakeFiles/cmTC_3c0f4.dir/CheckFunctionExists.c.o: In function `main':
CheckFunctionExists.c:(.text+0x10): undefined reference to `dlopen'
collect2: error: ld returned 1 exit status
CMakeFiles/cmTC_3c0f4.dir/build.make:97: recipe for target 'cmTC_3c0f4' failed
make[1]: *** [cmTC_3c0f4] Error 1
make[1]: Leaving directory '/home/tcs/server/CMakeFiles/CMakeTmp'
Makefile:126: recipe for target 'cmTC_3c0f4/fast' failed
make: *** [cmTC_3c0f4/fast] Error 2


Determining if the function floor exists failed with the following output:
Change Dir: /home/tcs/server/CMakeFiles/CMakeTmp

Run Build Command:"/usr/bin/make" "cmTC_9c1d2/fast"
/usr/bin/make -f CMakeFiles/cmTC_9c1d2.dir/build.make CMakeFiles/cmTC_9c1d2.dir/build
make[1]: Entering directory '/home/tcs/server/CMakeFiles/CMakeTmp'
Building C object CMakeFiles/cmTC_9c1d2.dir/CheckFunctionExists.c.o
/usr/bin/cc -DPACKAGE=test -D_FILE_OFFSET_BITS=64 -D_GNU_SOURCE=1 -D_LARGEFILE_SOURCE -D_LARGE_FILES -D__STDC_CONSTANT_MACROS -D__STDC_FORMAT_MACROS -D__STDC_LIMIT_MACROS  -pie -fPIC -Wl,-z,relro,-z,now -fstack-protector --param=ssp-buffer-size=4 -fPIC -Wunused -Wlogical-op -Wno-uninitialized -Wall -Wextra -Wformat-security -Wno-init-self -Wwrite-strings -Wshift-count-overflow -Wdeclaration-after-statement -DCHECK_FUNCTION_EXISTS=floor   -o CMakeFiles/cmTC_9c1d2.dir/CheckFunctionExists.c.o   -c /usr/share/cmake-3.10/Modules/CheckFunctionExists.c
<command-line>:0:23: warning: conflicting types for built-in function ‘floor’ [-Wbuiltin-declaration-mismatch]
/usr/share/cmake-3.10/Modules/CheckFunctionExists.c:7:3: note: in expansion of macro ‘CHECK_FUNCTION_EXISTS’
   CHECK_FUNCTION_EXISTS(void);
   ^~~~~~~~~~~~~~~~~~~~~
Linking C executable cmTC_9c1d2
/usr/bin/cmake -E cmake_link_script CMakeFiles/cmTC_9c1d2.dir/link.txt --verbose=1
/usr/bin/cc  -pie -fPIC -Wl,-z,relro,-z,now -fstack-protector --param=ssp-buffer-size=4 -fPIC -Wunused -Wlogical-op -Wno-uninitialized -Wall -Wextra -Wformat-security -Wno-init-self -Wwrite-strings -Wshift-count-overflow -Wdeclaration-after-statement -DCHECK_FUNCTION_EXISTS=floor    -rdynamic CMakeFiles/cmTC_9c1d2.dir/CheckFunctionExists.c.o  -o cmTC_9c1d2 
CMakeFiles/cmTC_9c1d2.dir/CheckFunctionExists.c.o: In function `main':
CheckFunctionExists.c:(.text+0x10): undefined reference to `floor'
collect2: error: ld returned 1 exit status
CMakeFiles/cmTC_9c1d2.dir/build.make:97: recipe for target 'cmTC_9c1d2' failed
make[1]: *** [cmTC_9c1d2] Error 1
make[1]: Leaving directory '/home/tcs/server/CMakeFiles/CMakeTmp'
Makefile:126: recipe for target 'cmTC_9c1d2/fast' failed
make: *** [cmTC_9c1d2/fast] Error 2


Determining if the function pthread_getspecific exists failed with the following output:
Change Dir: /home/tcs/server/CMakeFiles/CMakeTmp

Run Build Command:"/usr/bin/make" "cmTC_acc4d/fast"
/usr/bin/make -f CMakeFiles/cmTC_acc4d.dir/build.make CMakeFiles/cmTC_acc4d.dir/build
make[1]: Entering directory '/home/tcs/server/CMakeFiles/CMakeTmp'
Building C object CMakeFiles/cmTC_acc4d.dir/CheckFunctionExists.c.o
/usr/bin/cc -DPACKAGE=test -D_FILE_OFFSET_BITS=64 -D_GNU_SOURCE=1 -D_LARGEFILE_SOURCE -D_LARGE_FILES -D__STDC_CONSTANT_MACROS -D__STDC_FORMAT_MACROS -D__STDC_LIMIT_MACROS  -pie -fPIC -Wl,-z,relro,-z,now -fstack-protector --param=ssp-buffer-size=4 -fPIC -Wunused -Wlogical-op -Wno-uninitialized -Wall -Wextra -Wformat-security -Wno-init-self -Wwrite-strings -Wshift-count-overflow -Wdeclaration-after-statement -DCHECK_FUNCTION_EXISTS=pthread_getspecific   -o CMakeFiles/cmTC_acc4d.dir/CheckFunctionExists.c.o   -c /usr/share/cmake-3.10/Modules/CheckFunctionExists.c
Linking C executable cmTC_acc4d
/usr/bin/cmake -E cmake_link_script CMakeFiles/cmTC_acc4d.dir/link.txt --verbose=1
/usr/bin/cc  -pie -fPIC -Wl,-z,relro,-z,now -fstack-protector --param=ssp-buffer-size=4 -fPIC -Wunused -Wlogical-op -Wno-uninitialized -Wall -Wextra -Wformat-security -Wno-init-self -Wwrite-strings -Wshift-count-overflow -Wdeclaration-after-statement -DCHECK_FUNCTION_EXISTS=pthread_getspecific    -rdynamic CMakeFiles/cmTC_acc4d.dir/CheckFunctionExists.c.o  -o cmTC_acc4d 
CMakeFiles/cmTC_acc4d.dir/CheckFunctionExists.c.o: In function `main':
CheckFunctionExists.c:(.text+0x10): undefined reference to `pthread_getspecific'
collect2: error: ld returned 1 exit status
CMakeFiles/cmTC_acc4d.dir/build.make:97: recipe for target 'cmTC_acc4d' failed
make[1]: *** [cmTC_acc4d] Error 1
make[1]: Leaving directory '/home/tcs/server/CMakeFiles/CMakeTmp'
Makefile:126: recipe for target 'cmTC_acc4d/fast' failed
make: *** [cmTC_acc4d/fast] Error 2


Determining if the function aiowait exists failed with the following output:
Change Dir: /home/tcs/server/CMakeFiles/CMakeTmp

Run Build Command:"/usr/bin/make" "cmTC_f943b/fast"
/usr/bin/make -f CMakeFiles/cmTC_f943b.dir/build.make CMakeFiles/cmTC_f943b.dir/build
make[1]: Entering directory '/home/tcs/server/CMakeFiles/CMakeTmp'
Building C object CMakeFiles/cmTC_f943b.dir/CheckFunctionExists.c.o
/usr/bin/cc -DPACKAGE=test -D_FILE_OFFSET_BITS=64 -D_GNU_SOURCE=1 -D_LARGEFILE_SOURCE -D_LARGE_FILES -D__STDC_CONSTANT_MACROS -D__STDC_FORMAT_MACROS -D__STDC_LIMIT_MACROS -I/home/tcs/server/CMakeFiles/CMakeTmp/pthread.h  -pie -fPIC -Wl,-z,relro,-z,now -fstack-protector --param=ssp-buffer-size=4 -fPIC -Wunused -Wlogical-op -Wno-uninitialized -Wall -Wextra -Wformat-security -Wno-init-self -Wwrite-strings -Wshift-count-overflow -Wdeclaration-after-statement -DCHECK_FUNCTION_EXISTS=aiowait   -o CMakeFiles/cmTC_f943b.dir/CheckFunctionExists.c.o   -c /usr/share/cmake-3.10/Modules/CheckFunctionExists.c
Linking C executable cmTC_f943b
/usr/bin/cmake -E cmake_link_script CMakeFiles/cmTC_f943b.dir/link.txt --verbose=1
/usr/bin/cc  -pie -fPIC -Wl,-z,relro,-z,now -fstack-protector --param=ssp-buffer-size=4 -fPIC -Wunused -Wlogical-op -Wno-uninitialized -Wall -Wextra -Wformat-security -Wno-init-self -Wwrite-strings -Wshift-count-overflow -Wdeclaration-after-statement -DCHECK_FUNCTION_EXISTS=aiowait    -rdynamic CMakeFiles/cmTC_f943b.dir/CheckFunctionExists.c.o  -o cmTC_f943b /usr/lib/x86_64-linux-gnu/libz.so -ldl -lm -lpthread 
CMakeFiles/cmTC_f943b.dir/CheckFunctionExists.c.o: In function `main':
CheckFunctionExists.c:(.text+0x10): undefined reference to `aiowait'
collect2: error: ld returned 1 exit status
CMakeFiles/cmTC_f943b.dir/build.make:98: recipe for target 'cmTC_f943b' failed
make[1]: *** [cmTC_f943b] Error 1
make[1]: Leaving directory '/home/tcs/server/CMakeFiles/CMakeTmp'
Makefile:126: recipe for target 'cmTC_f943b/fast' failed
make: *** [cmTC_f943b/fast] Error 2


Determining if the function bmove exists failed with the following output:
Change Dir: /home/tcs/server/CMakeFiles/CMakeTmp

Run Build Command:"/usr/bin/make" "cmTC_08045/fast"
/usr/bin/make -f CMakeFiles/cmTC_08045.dir/build.make CMakeFiles/cmTC_08045.dir/build
make[1]: Entering directory '/home/tcs/server/CMakeFiles/CMakeTmp'
Building C object CMakeFiles/cmTC_08045.dir/CheckFunctionExists.c.o
/usr/bin/cc -DPACKAGE=test -D_FILE_OFFSET_BITS=64 -D_GNU_SOURCE=1 -D_LARGEFILE_SOURCE -D_LARGE_FILES -D__STDC_CONSTANT_MACROS -D__STDC_FORMAT_MACROS -D__STDC_LIMIT_MACROS -I/home/tcs/server/CMakeFiles/CMakeTmp/pthread.h  -pie -fPIC -Wl,-z,relro,-z,now -fstack-protector --param=ssp-buffer-size=4 -fPIC -Wunused -Wlogical-op -Wno-uninitialized -Wall -Wextra -Wformat-security -Wno-init-self -Wwrite-strings -Wshift-count-overflow -Wdeclaration-after-statement -DCHECK_FUNCTION_EXISTS=bmove   -o CMakeFiles/cmTC_08045.dir/CheckFunctionExists.c.o   -c /usr/share/cmake-3.10/Modules/CheckFunctionExists.c
Linking C executable cmTC_08045
/usr/bin/cmake -E cmake_link_script CMakeFiles/cmTC_08045.dir/link.txt --verbose=1
/usr/bin/cc  -pie -fPIC -Wl,-z,relro,-z,now -fstack-protector --param=ssp-buffer-size=4 -fPIC -Wunused -Wlogical-op -Wno-uninitialized -Wall -Wextra -Wformat-security -Wno-init-self -Wwrite-strings -Wshift-count-overflow -Wdeclaration-after-statement -DCHECK_FUNCTION_EXISTS=bmove    -rdynamic CMakeFiles/cmTC_08045.dir/CheckFunctionExists.c.o  -o cmTC_08045 /usr/lib/x86_64-linux-gnu/libz.so -ldl -lm -lpthread 
CMakeFiles/cmTC_08045.dir/CheckFunctionExists.c.o: In function `main':
CheckFunctionExists.c:(.text+0x10): undefined reference to `bmove'
collect2: error: ld returned 1 exit status
CMakeFiles/cmTC_08045.dir/build.make:98: recipe for target 'cmTC_08045' failed
make[1]: *** [cmTC_08045] Error 1
make[1]: Leaving directory '/home/tcs/server/CMakeFiles/CMakeTmp'
Makefile:126: recipe for target 'cmTC_08045/fast' failed
make: *** [cmTC_08045/fast] Error 2


Determining if the function fconvert exists failed with the following output:
Change Dir: /home/tcs/server/CMakeFiles/CMakeTmp

Run Build Command:"/usr/bin/make" "cmTC_cf485/fast"
/usr/bin/make -f CMakeFiles/cmTC_cf485.dir/build.make CMakeFiles/cmTC_cf485.dir/build
make[1]: Entering directory '/home/tcs/server/CMakeFiles/CMakeTmp'
Building C object CMakeFiles/cmTC_cf485.dir/CheckFunctionExists.c.o
/usr/bin/cc -DPACKAGE=test -D_FILE_OFFSET_BITS=64 -D_GNU_SOURCE=1 -D_LARGEFILE_SOURCE -D_LARGE_FILES -D__STDC_CONSTANT_MACROS -D__STDC_FORMAT_MACROS -D__STDC_LIMIT_MACROS -I/home/tcs/server/CMakeFiles/CMakeTmp/pthread.h  -pie -fPIC -Wl,-z,relro,-z,now -fstack-protector --param=ssp-buffer-size=4 -fPIC -Wunused -Wlogical-op -Wno-uninitialized -Wall -Wextra -Wformat-security -Wno-init-self -Wwrite-strings -Wshift-count-overflow -Wdeclaration-after-statement -DCHECK_FUNCTION_EXISTS=fconvert   -o CMakeFiles/cmTC_cf485.dir/CheckFunctionExists.c.o   -c /usr/share/cmake-3.10/Modules/CheckFunctionExists.c
Linking C executable cmTC_cf485
/usr/bin/cmake -E cmake_link_script CMakeFiles/cmTC_cf485.dir/link.txt --verbose=1
/usr/bin/cc  -pie -fPIC -Wl,-z,relro,-z,now -fstack-protector --param=ssp-buffer-size=4 -fPIC -Wunused -Wlogical-op -Wno-uninitialized -Wall -Wextra -Wformat-security -Wno-init-self -Wwrite-strings -Wshift-count-overflow -Wdeclaration-after-statement -DCHECK_FUNCTION_EXISTS=fconvert    -rdynamic CMakeFiles/cmTC_cf485.dir/CheckFunctionExists.c.o  -o cmTC_cf485 /usr/lib/x86_64-linux-gnu/libz.so -ldl -lm -lpthread 
CMakeFiles/cmTC_cf485.dir/CheckFunctionExists.c.o: In function `main':
CheckFunctionExists.c:(.text+0x10): undefined reference to `fconvert'
collect2: error: ld returned 1 exit status
CMakeFiles/cmTC_cf485.dir/build.make:98: recipe for target 'cmTC_cf485' failed
make[1]: *** [cmTC_cf485] Error 1
make[1]: Leaving directory '/home/tcs/server/CMakeFiles/CMakeTmp'
Makefile:126: recipe for target 'cmTC_cf485/fast' failed
make: *** [cmTC_cf485/fast] Error 2


Determining if the function pthread_attr_setprio exists failed with the following output:
Change Dir: /home/tcs/server/CMakeFiles/CMakeTmp

Run Build Command:"/usr/bin/make" "cmTC_dca5d/fast"
/usr/bin/make -f CMakeFiles/cmTC_dca5d.dir/build.make CMakeFiles/cmTC_dca5d.dir/build
make[1]: Entering directory '/home/tcs/server/CMakeFiles/CMakeTmp'
Building C object CMakeFiles/cmTC_dca5d.dir/CheckFunctionExists.c.o
/usr/bin/cc -DPACKAGE=test -D_FILE_OFFSET_BITS=64 -D_GNU_SOURCE=1 -D_LARGEFILE_SOURCE -D_LARGE_FILES -D__STDC_CONSTANT_MACROS -D__STDC_FORMAT_MACROS -D__STDC_LIMIT_MACROS -I/home/tcs/server/CMakeFiles/CMakeTmp/pthread.h  -pie -fPIC -Wl,-z,relro,-z,now -fstack-protector --param=ssp-buffer-size=4 -fPIC -Wunused -Wlogical-op -Wno-uninitialized -Wall -Wextra -Wformat-security -Wno-init-self -Wwrite-strings -Wshift-count-overflow -Wdeclaration-after-statement -DCHECK_FUNCTION_EXISTS=pthread_attr_setprio   -o CMakeFiles/cmTC_dca5d.dir/CheckFunctionExists.c.o   -c /usr/share/cmake-3.10/Modules/CheckFunctionExists.c
Linking C executable cmTC_dca5d
/usr/bin/cmake -E cmake_link_script CMakeFiles/cmTC_dca5d.dir/link.txt --verbose=1
/usr/bin/cc  -pie -fPIC -Wl,-z,relro,-z,now -fstack-protector --param=ssp-buffer-size=4 -fPIC -Wunused -Wlogical-op -Wno-uninitialized -Wall -Wextra -Wformat-security -Wno-init-self -Wwrite-strings -Wshift-count-overflow -Wdeclaration-after-statement -DCHECK_FUNCTION_EXISTS=pthread_attr_setprio    -rdynamic CMakeFiles/cmTC_dca5d.dir/CheckFunctionExists.c.o  -o cmTC_dca5d /usr/lib/x86_64-linux-gnu/libz.so -ldl -lm -lpthread 
CMakeFiles/cmTC_dca5d.dir/CheckFunctionExists.c.o: In function `main':
CheckFunctionExists.c:(.text+0x10): undefined reference to `pthread_attr_setprio'
collect2: error: ld returned 1 exit status
CMakeFiles/cmTC_dca5d.dir/build.make:98: recipe for target 'cmTC_dca5d' failed
make[1]: *** [cmTC_dca5d] Error 1
make[1]: Leaving directory '/home/tcs/server/CMakeFiles/CMakeTmp'
Makefile:126: recipe for target 'cmTC_dca5d/fast' failed
make: *** [cmTC_dca5d/fast] Error 2


Determining if the function pthread_init exists failed with the following output:
Change Dir: /home/tcs/server/CMakeFiles/CMakeTmp

Run Build Command:"/usr/bin/make" "cmTC_8fee4/fast"
/usr/bin/make -f CMakeFiles/cmTC_8fee4.dir/build.make CMakeFiles/cmTC_8fee4.dir/build
make[1]: Entering directory '/home/tcs/server/CMakeFiles/CMakeTmp'
Building C object CMakeFiles/cmTC_8fee4.dir/CheckFunctionExists.c.o
/usr/bin/cc -DPACKAGE=test -D_FILE_OFFSET_BITS=64 -D_GNU_SOURCE=1 -D_LARGEFILE_SOURCE -D_LARGE_FILES -D__STDC_CONSTANT_MACROS -D__STDC_FORMAT_MACROS -D__STDC_LIMIT_MACROS -I/home/tcs/server/CMakeFiles/CMakeTmp/pthread.h  -pie -fPIC -Wl,-z,relro,-z,now -fstack-protector --param=ssp-buffer-size=4 -fPIC -Wunused -Wlogical-op -Wno-uninitialized -Wall -Wextra -Wformat-security -Wno-init-self -Wwrite-strings -Wshift-count-overflow -Wdeclaration-after-statement -DCHECK_FUNCTION_EXISTS=pthread_init   -o CMakeFiles/cmTC_8fee4.dir/CheckFunctionExists.c.o   -c /usr/share/cmake-3.10/Modules/CheckFunctionExists.c
Linking C executable cmTC_8fee4
/usr/bin/cmake -E cmake_link_script CMakeFiles/cmTC_8fee4.dir/link.txt --verbose=1
/usr/bin/cc  -pie -fPIC -Wl,-z,relro,-z,now -fstack-protector --param=ssp-buffer-size=4 -fPIC -Wunused -Wlogical-op -Wno-uninitialized -Wall -Wextra -Wformat-security -Wno-init-self -Wwrite-strings -Wshift-count-overflow -Wdeclaration-after-statement -DCHECK_FUNCTION_EXISTS=pthread_init    -rdynamic CMakeFiles/cmTC_8fee4.dir/CheckFunctionExists.c.o  -o cmTC_8fee4 /usr/lib/x86_64-linux-gnu/libz.so -ldl -lm -lpthread 
CMakeFiles/cmTC_8fee4.dir/CheckFunctionExists.c.o: In function `main':
CheckFunctionExists.c:(.text+0x10): undefined reference to `pthread_init'
collect2: error: ld returned 1 exit status
CMakeFiles/cmTC_8fee4.dir/build.make:98: recipe for target 'cmTC_8fee4' failed
make[1]: *** [cmTC_8fee4] Error 1
make[1]: Leaving directory '/home/tcs/server/CMakeFiles/CMakeTmp'
Makefile:126: recipe for target 'cmTC_8fee4/fast' failed
make: *** [cmTC_8fee4/fast] Error 2


Determining if the function pthread_setprio_np exists failed with the following output:
Change Dir: /home/tcs/server/CMakeFiles/CMakeTmp

Run Build Command:"/usr/bin/make" "cmTC_72997/fast"
/usr/bin/make -f CMakeFiles/cmTC_72997.dir/build.make CMakeFiles/cmTC_72997.dir/build
make[1]: Entering directory '/home/tcs/server/CMakeFiles/CMakeTmp'
Building C object CMakeFiles/cmTC_72997.dir/CheckFunctionExists.c.o
/usr/bin/cc -DPACKAGE=test -D_FILE_OFFSET_BITS=64 -D_GNU_SOURCE=1 -D_LARGEFILE_SOURCE -D_LARGE_FILES -D__STDC_CONSTANT_MACROS -D__STDC_FORMAT_MACROS -D__STDC_LIMIT_MACROS -I/home/tcs/server/CMakeFiles/CMakeTmp/pthread.h  -pie -fPIC -Wl,-z,relro,-z,now -fstack-protector --param=ssp-buffer-size=4 -fPIC -Wunused -Wlogical-op -Wno-uninitialized -Wall -Wextra -Wformat-security -Wno-init-self -Wwrite-strings -Wshift-count-overflow -Wdeclaration-after-statement -DCHECK_FUNCTION_EXISTS=pthread_setprio_np   -o CMakeFiles/cmTC_72997.dir/CheckFunctionExists.c.o   -c /usr/share/cmake-3.10/Modules/CheckFunctionExists.c
Linking C executable cmTC_72997
/usr/bin/cmake -E cmake_link_script CMakeFiles/cmTC_72997.dir/link.txt --verbose=1
/usr/bin/cc  -pie -fPIC -Wl,-z,relro,-z,now -fstack-protector --param=ssp-buffer-size=4 -fPIC -Wunused -Wlogical-op -Wno-uninitialized -Wall -Wextra -Wformat-security -Wno-init-self -Wwrite-strings -Wshift-count-overflow -Wdeclaration-after-statement -DCHECK_FUNCTION_EXISTS=pthread_setprio_np    -rdynamic CMakeFiles/cmTC_72997.dir/CheckFunctionExists.c.o  -o cmTC_72997 /usr/lib/x86_64-linux-gnu/libz.so -ldl -lm -lpthread 
CMakeFiles/cmTC_72997.dir/CheckFunctionExists.c.o: In function `main':
CheckFunctionExists.c:(.text+0x10): undefined reference to `pthread_setprio_np'
collect2: error: ld returned 1 exit status
CMakeFiles/cmTC_72997.dir/build.make:98: recipe for target 'cmTC_72997' failed
make[1]: *** [cmTC_72997] Error 1
make[1]: Leaving directory '/home/tcs/server/CMakeFiles/CMakeTmp'
Makefile:126: recipe for target 'cmTC_72997/fast' failed
make: *** [cmTC_72997/fast] Error 2


Determining if the function pthread_threadmask exists failed with the following output:
Change Dir: /home/tcs/server/CMakeFiles/CMakeTmp

Run Build Command:"/usr/bin/make" "cmTC_5fe86/fast"
/usr/bin/make -f CMakeFiles/cmTC_5fe86.dir/build.make CMakeFiles/cmTC_5fe86.dir/build
make[1]: Entering directory '/home/tcs/server/CMakeFiles/CMakeTmp'
Building C object CMakeFiles/cmTC_5fe86.dir/CheckFunctionExists.c.o
/usr/bin/cc -DPACKAGE=test -D_FILE_OFFSET_BITS=64 -D_GNU_SOURCE=1 -D_LARGEFILE_SOURCE -D_LARGE_FILES -D__STDC_CONSTANT_MACROS -D__STDC_FORMAT_MACROS -D__STDC_LIMIT_MACROS -I/home/tcs/server/CMakeFiles/CMakeTmp/pthread.h  -pie -fPIC -Wl,-z,relro,-z,now -fstack-protector --param=ssp-buffer-size=4 -fPIC -Wunused -Wlogical-op -Wno-uninitialized -Wall -Wextra -Wformat-security -Wno-init-self -Wwrite-strings -Wshift-count-overflow -Wdeclaration-after-statement -DCHECK_FUNCTION_EXISTS=pthread_threadmask   -o CMakeFiles/cmTC_5fe86.dir/CheckFunctionExists.c.o   -c /usr/share/cmake-3.10/Modules/CheckFunctionExists.c
Linking C executable cmTC_5fe86
/usr/bin/cmake -E cmake_link_script CMakeFiles/cmTC_5fe86.dir/link.txt --verbose=1
/usr/bin/cc  -pie -fPIC -Wl,-z,relro,-z,now -fstack-protector --param=ssp-buffer-size=4 -fPIC -Wunused -Wlogical-op -Wno-uninitialized -Wall -Wextra -Wformat-security -Wno-init-self -Wwrite-strings -Wshift-count-overflow -Wdeclaration-after-statement -DCHECK_FUNCTION_EXISTS=pthread_threadmask    -rdynamic CMakeFiles/cmTC_5fe86.dir/CheckFunctionExists.c.o  -o cmTC_5fe86 /usr/lib/x86_64-linux-gnu/libz.so -ldl -lm -lpthread 
CMakeFiles/cmTC_5fe86.dir/CheckFunctionExists.c.o: In function `main':
CheckFunctionExists.c:(.text+0x10): undefined reference to `pthread_threadmask'
collect2: error: ld returned 1 exit status
CMakeFiles/cmTC_5fe86.dir/build.make:98: recipe for target 'cmTC_5fe86' failed
make[1]: *** [cmTC_5fe86] Error 1
make[1]: Leaving directory '/home/tcs/server/CMakeFiles/CMakeTmp'
Makefile:126: recipe for target 'cmTC_5fe86/fast' failed
make: *** [cmTC_5fe86/fast] Error 2


Determining if the function setfd exists failed with the following output:
Change Dir: /home/tcs/server/CMakeFiles/CMakeTmp

Run Build Command:"/usr/bin/make" "cmTC_0f504/fast"
/usr/bin/make -f CMakeFiles/cmTC_0f504.dir/build.make CMakeFiles/cmTC_0f504.dir/build
make[1]: Entering directory '/home/tcs/server/CMakeFiles/CMakeTmp'
Building C object CMakeFiles/cmTC_0f504.dir/CheckFunctionExists.c.o
/usr/bin/cc -DPACKAGE=test -D_FILE_OFFSET_BITS=64 -D_GNU_SOURCE=1 -D_LARGEFILE_SOURCE -D_LARGE_FILES -D__STDC_CONSTANT_MACROS -D__STDC_FORMAT_MACROS -D__STDC_LIMIT_MACROS -I/home/tcs/server/CMakeFiles/CMakeTmp/pthread.h  -pie -fPIC -Wl,-z,relro,-z,now -fstack-protector --param=ssp-buffer-size=4 -fPIC -Wunused -Wlogical-op -Wno-uninitialized -Wall -Wextra -Wformat-security -Wno-init-self -Wwrite-strings -Wshift-count-overflow -Wdeclaration-after-statement -DCHECK_FUNCTION_EXISTS=setfd   -o CMakeFiles/cmTC_0f504.dir/CheckFunctionExists.c.o   -c /usr/share/cmake-3.10/Modules/CheckFunctionExists.c
Linking C executable cmTC_0f504
/usr/bin/cmake -E cmake_link_script CMakeFiles/cmTC_0f504.dir/link.txt --verbose=1
/usr/bin/cc  -pie -fPIC -Wl,-z,relro,-z,now -fstack-protector --param=ssp-buffer-size=4 -fPIC -Wunused -Wlogical-op -Wno-uninitialized -Wall -Wextra -Wformat-security -Wno-init-self -Wwrite-strings -Wshift-count-overflow -Wdeclaration-after-statement -DCHECK_FUNCTION_EXISTS=setfd    -rdynamic CMakeFiles/cmTC_0f504.dir/CheckFunctionExists.c.o  -o cmTC_0f504 /usr/lib/x86_64-linux-gnu/libz.so -ldl -lm -lpthread 
CMakeFiles/cmTC_0f504.dir/CheckFunctionExists.c.o: In function `main':
CheckFunctionExists.c:(.text+0x10): undefined reference to `setfd'
collect2: error: ld returned 1 exit status
CMakeFiles/cmTC_0f504.dir/build.make:98: recipe for target 'cmTC_0f504' failed
make[1]: *** [cmTC_0f504] Error 1
make[1]: Leaving directory '/home/tcs/server/CMakeFiles/CMakeTmp'
Makefile:126: recipe for target 'cmTC_0f504/fast' failed
make: *** [cmTC_0f504/fast] Error 2


Determining if the function setfilepointer exists failed with the following output:
Change Dir: /home/tcs/server/CMakeFiles/CMakeTmp

Run Build Command:"/usr/bin/make" "cmTC_a4caa/fast"
/usr/bin/make -f CMakeFiles/cmTC_a4caa.dir/build.make CMakeFiles/cmTC_a4caa.dir/build
make[1]: Entering directory '/home/tcs/server/CMakeFiles/CMakeTmp'
Building C object CMakeFiles/cmTC_a4caa.dir/CheckFunctionExists.c.o
/usr/bin/cc -DPACKAGE=test -D_FILE_OFFSET_BITS=64 -D_GNU_SOURCE=1 -D_LARGEFILE_SOURCE -D_LARGE_FILES -D__STDC_CONSTANT_MACROS -D__STDC_FORMAT_MACROS -D__STDC_LIMIT_MACROS -I/home/tcs/server/CMakeFiles/CMakeTmp/pthread.h  -pie -fPIC -Wl,-z,relro,-z,now -fstack-protector --param=ssp-buffer-size=4 -fPIC -Wunused -Wlogical-op -Wno-uninitialized -Wall -Wextra -Wformat-security -Wno-init-self -Wwrite-strings -Wshift-count-overflow -Wdeclaration-after-statement -DCHECK_FUNCTION_EXISTS=setfilepointer   -o CMakeFiles/cmTC_a4caa.dir/CheckFunctionExists.c.o   -c /usr/share/cmake-3.10/Modules/CheckFunctionExists.c
Linking C executable cmTC_a4caa
/usr/bin/cmake -E cmake_link_script CMakeFiles/cmTC_a4caa.dir/link.txt --verbose=1
/usr/bin/cc  -pie -fPIC -Wl,-z,relro,-z,now -fstack-protector --param=ssp-buffer-size=4 -fPIC -Wunused -Wlogical-op -Wno-uninitialized -Wall -Wextra -Wformat-security -Wno-init-self -Wwrite-strings -Wshift-count-overflow -Wdeclaration-after-statement -DCHECK_FUNCTION_EXISTS=setfilepointer    -rdynamic CMakeFiles/cmTC_a4caa.dir/CheckFunctionExists.c.o  -o cmTC_a4caa /usr/lib/x86_64-linux-gnu/libz.so -ldl -lm -lpthread 
CMakeFiles/cmTC_a4caa.dir/CheckFunctionExists.c.o: In function `main':
CheckFunctionExists.c:(.text+0x10): undefined reference to `setfilepointer'
collect2: error: ld returned 1 exit status
CMakeFiles/cmTC_a4caa.dir/build.make:98: recipe for target 'cmTC_a4caa' failed
make[1]: *** [cmTC_a4caa] Error 1
make[1]: Leaving directory '/home/tcs/server/CMakeFiles/CMakeTmp'
Makefile:126: recipe for target 'cmTC_a4caa/fast' failed
make: *** [cmTC_a4caa/fast] Error 2


Determining if the function strlcpy exists failed with the following output:
Change Dir: /home/tcs/server/CMakeFiles/CMakeTmp

Run Build Command:"/usr/bin/make" "cmTC_24e45/fast"
/usr/bin/make -f CMakeFiles/cmTC_24e45.dir/build.make CMakeFiles/cmTC_24e45.dir/build
make[1]: Entering directory '/home/tcs/server/CMakeFiles/CMakeTmp'
Building C object CMakeFiles/cmTC_24e45.dir/CheckFunctionExists.c.o
/usr/bin/cc -DPACKAGE=test -D_FILE_OFFSET_BITS=64 -D_GNU_SOURCE=1 -D_LARGEFILE_SOURCE -D_LARGE_FILES -D__STDC_CONSTANT_MACROS -D__STDC_FORMAT_MACROS -D__STDC_LIMIT_MACROS -I/home/tcs/server/CMakeFiles/CMakeTmp/pthread.h  -pie -fPIC -Wl,-z,relro,-z,now -fstack-protector --param=ssp-buffer-size=4 -fPIC -Wunused -Wlogical-op -Wno-uninitialized -Wall -Wextra -Wformat-security -Wno-init-self -Wwrite-strings -Wshift-count-overflow -Wdeclaration-after-statement -DCHECK_FUNCTION_EXISTS=strlcpy   -o CMakeFiles/cmTC_24e45.dir/CheckFunctionExists.c.o   -c /usr/share/cmake-3.10/Modules/CheckFunctionExists.c
Linking C executable cmTC_24e45
/usr/bin/cmake -E cmake_link_script CMakeFiles/cmTC_24e45.dir/link.txt --verbose=1
/usr/bin/cc  -pie -fPIC -Wl,-z,relro,-z,now -fstack-protector --param=ssp-buffer-size=4 -fPIC -Wunused -Wlogical-op -Wno-uninitialized -Wall -Wextra -Wformat-security -Wno-init-self -Wwrite-strings -Wshift-count-overflow -Wdeclaration-after-statement -DCHECK_FUNCTION_EXISTS=strlcpy    -rdynamic CMakeFiles/cmTC_24e45.dir/CheckFunctionExists.c.o  -o cmTC_24e45 /usr/lib/x86_64-linux-gnu/libz.so -ldl -lm -lpthread 
CMakeFiles/cmTC_24e45.dir/CheckFunctionExists.c.o: In function `main':
CheckFunctionExists.c:(.text+0x10): undefined reference to `strlcpy'
collect2: error: ld returned 1 exit status
CMakeFiles/cmTC_24e45.dir/build.make:98: recipe for target 'cmTC_24e45' failed
make[1]: *** [cmTC_24e45] Error 1
make[1]: Leaving directory '/home/tcs/server/CMakeFiles/CMakeTmp'
Makefile:126: recipe for target 'cmTC_24e45/fast' failed
make: *** [cmTC_24e45/fast] Error 2


Determining size of socklen_t failed with the following output:
Change Dir: /home/tcs/server/CMakeFiles/CMakeTmp

Run Build Command:"/usr/bin/make" "cmTC_465d8/fast"
/usr/bin/make -f CMakeFiles/cmTC_465d8.dir/build.make CMakeFiles/cmTC_465d8.dir/build
make[1]: Entering directory '/home/tcs/server/CMakeFiles/CMakeTmp'
Building C object CMakeFiles/cmTC_465d8.dir/SIZEOF_SOCKLEN_T.c.o
/usr/bin/cc -DPACKAGE=test -D_FILE_OFFSET_BITS=64 -D_GNU_SOURCE=1 -D_LARGEFILE_SOURCE -D_LARGE_FILES -D__STDC_CONSTANT_MACROS -D__STDC_FORMAT_MACROS -D__STDC_LIMIT_MACROS -I/home/tcs/server/CMakeFiles/CMakeTmp/pthread.h  -pie -fPIC -Wl,-z,relro,-z,now -fstack-protector --param=ssp-buffer-size=4 -fPIC -Wunused -Wlogical-op -Wno-uninitialized -Wall -Wextra -Wformat-security -Wno-init-self -Wwrite-strings -Wshift-count-overflow -Wdeclaration-after-statement    -o CMakeFiles/cmTC_465d8.dir/SIZEOF_SOCKLEN_T.c.o   -c /home/tcs/server/CMakeFiles/CheckTypeSize/SIZEOF_SOCKLEN_T.c
/home/tcs/server/CMakeFiles/CheckTypeSize/SIZEOF_SOCKLEN_T.c:24:22: error: ‘socklen_t’ undeclared here (not in a function); did you mean ‘__socklen_t’?
 #define SIZE (sizeof(socklen_t))
                      ^
/home/tcs/server/CMakeFiles/CheckTypeSize/SIZEOF_SOCKLEN_T.c:26:12: note: in expansion of macro ‘SIZE’
   ('0' + ((SIZE / 10000)%10)),
            ^~~~
CMakeFiles/cmTC_465d8.dir/build.make:65: recipe for target 'CMakeFiles/cmTC_465d8.dir/SIZEOF_SOCKLEN_T.c.o' failed
make[1]: *** [CMakeFiles/cmTC_465d8.dir/SIZEOF_SOCKLEN_T.c.o] Error 1
make[1]: Leaving directory '/home/tcs/server/CMakeFiles/CMakeTmp'
Makefile:126: recipe for target 'cmTC_465d8/fast' failed
make: *** [cmTC_465d8/fast] Error 2

/home/tcs/server/CMakeFiles/CheckTypeSize/SIZEOF_SOCKLEN_T.c:
#include <sys/types.h>
#include <stdint.h>
#include <stddef.h>
#include "sys/types.h"


#undef KEY
#if defined(__i386)
# define KEY '_','_','i','3','8','6'
#elif defined(__x86_64)
# define KEY '_','_','x','8','6','_','6','4'
#elif defined(__ppc__)
# define KEY '_','_','p','p','c','_','_'
#elif defined(__ppc64__)
# define KEY '_','_','p','p','c','6','4','_','_'
#elif defined(__aarch64__)
# define KEY '_','_','a','a','r','c','h','6','4','_','_'
#elif defined(__ARM_ARCH_7A__)
# define KEY '_','_','A','R','M','_','A','R','C','H','_','7','A','_','_'
#elif defined(__ARM_ARCH_7S__)
# define KEY '_','_','A','R','M','_','A','R','C','H','_','7','S','_','_'
#endif

#define SIZE (sizeof(socklen_t))
char info_size[] =  {'I', 'N', 'F', 'O', ':', 's','i','z','e','[',
  ('0' + ((SIZE / 10000)%10)),
  ('0' + ((SIZE / 1000)%10)),
  ('0' + ((SIZE / 100)%10)),
  ('0' + ((SIZE / 10)%10)),
  ('0' +  (SIZE    % 10)),
  ']',
#ifdef KEY
  ' ','k','e','y','[', KEY, ']',
#endif
  '\0'};

#ifdef __CLASSIC_C__
int main(argc, argv) int argc; char *argv[];
#else
int main(int argc, char *argv[])
#endif
{
  int require = 0;
  require += info_size[argc];
  (void)argv;
  return require;
}


Determining if files lz4.h exist failed with the following output:
Change Dir: /home/tcs/server/CMakeFiles/CMakeTmp

Run Build Command:"/usr/bin/make" "cmTC_651d4/fast"
/usr/bin/make -f CMakeFiles/cmTC_651d4.dir/build.make CMakeFiles/cmTC_651d4.dir/build
make[1]: Entering directory '/home/tcs/server/CMakeFiles/CMakeTmp'
Building C object CMakeFiles/cmTC_651d4.dir/CheckIncludeFiles.c.o
/usr/bin/cc -DPACKAGE=test -D_FILE_OFFSET_BITS=64 -D_GNU_SOURCE=1 -D_LARGEFILE_SOURCE -D_LARGE_FILES -D__STDC_CONSTANT_MACROS -D__STDC_FORMAT_MACROS -D__STDC_LIMIT_MACROS  -pie -fPIC -Wl,-z,relro,-z,now -fstack-protector --param=ssp-buffer-size=4 -fPIC    -o CMakeFiles/cmTC_651d4.dir/CheckIncludeFiles.c.o   -c /home/tcs/server/CMakeFiles/CMakeTmp/CheckIncludeFiles.c
/home/tcs/server/CMakeFiles/CMakeTmp/CheckIncludeFiles.c:2:10: fatal error: lz4.h: No such file or directory
 #include <lz4.h>
          ^~~~~~~
compilation terminated.
CMakeFiles/cmTC_651d4.dir/build.make:65: recipe for target 'CMakeFiles/cmTC_651d4.dir/CheckIncludeFiles.c.o' failed
make[1]: *** [CMakeFiles/cmTC_651d4.dir/CheckIncludeFiles.c.o] Error 1
make[1]: Leaving directory '/home/tcs/server/CMakeFiles/CMakeTmp'
Makefile:126: recipe for target 'cmTC_651d4/fast' failed
make: *** [cmTC_651d4/fast] Error 2

Source:
/* */
#include <lz4.h>


int main(void){return 0;}

Determining if the function LZ4_compress_limitedOutput exists in the lz4 failed with the following output:
Change Dir: /home/tcs/server/CMakeFiles/CMakeTmp

Run Build Command:"/usr/bin/make" "cmTC_923ed/fast"
/usr/bin/make -f CMakeFiles/cmTC_923ed.dir/build.make CMakeFiles/cmTC_923ed.dir/build
make[1]: Entering directory '/home/tcs/server/CMakeFiles/CMakeTmp'
Building C object CMakeFiles/cmTC_923ed.dir/CheckFunctionExists.c.o
/usr/bin/cc -DPACKAGE=test -D_FILE_OFFSET_BITS=64 -D_GNU_SOURCE=1 -D_LARGEFILE_SOURCE -D_LARGE_FILES -D__STDC_CONSTANT_MACROS -D__STDC_FORMAT_MACROS -D__STDC_LIMIT_MACROS  -pie -fPIC -Wl,-z,relro,-z,now -fstack-protector --param=ssp-buffer-size=4 -fPIC -DCHECK_FUNCTION_EXISTS=LZ4_compress_limitedOutput   -o CMakeFiles/cmTC_923ed.dir/CheckFunctionExists.c.o   -c /usr/share/cmake-3.10/Modules/CheckFunctionExists.c
Linking C executable cmTC_923ed
/usr/bin/cmake -E cmake_link_script CMakeFiles/cmTC_923ed.dir/link.txt --verbose=1
/usr/bin/cc  -pie -fPIC -Wl,-z,relro,-z,now -fstack-protector --param=ssp-buffer-size=4 -fPIC -DCHECK_FUNCTION_EXISTS=LZ4_compress_limitedOutput    -rdynamic CMakeFiles/cmTC_923ed.dir/CheckFunctionExists.c.o  -o cmTC_923ed -llz4 
/usr/bin/x86_64-linux-gnu-ld: cannot find -llz4
collect2: error: ld returned 1 exit status
CMakeFiles/cmTC_923ed.dir/build.make:97: recipe for target 'cmTC_923ed' failed
make[1]: *** [cmTC_923ed] Error 1
make[1]: Leaving directory '/home/tcs/server/CMakeFiles/CMakeTmp'
Makefile:126: recipe for target 'cmTC_923ed/fast' failed
make: *** [cmTC_923ed/fast] Error 2


Determining if the function LZ4_compress_default exists in the lz4 failed with the following output:
Change Dir: /home/tcs/server/CMakeFiles/CMakeTmp

Run Build Command:"/usr/bin/make" "cmTC_ebb05/fast"
/usr/bin/make -f CMakeFiles/cmTC_ebb05.dir/build.make CMakeFiles/cmTC_ebb05.dir/build
make[1]: Entering directory '/home/tcs/server/CMakeFiles/CMakeTmp'
Building C object CMakeFiles/cmTC_ebb05.dir/CheckFunctionExists.c.o
/usr/bin/cc -DPACKAGE=test -D_FILE_OFFSET_BITS=64 -D_GNU_SOURCE=1 -D_LARGEFILE_SOURCE -D_LARGE_FILES -D__STDC_CONSTANT_MACROS -D__STDC_FORMAT_MACROS -D__STDC_LIMIT_MACROS  -pie -fPIC -Wl,-z,relro,-z,now -fstack-protector --param=ssp-buffer-size=4 -fPIC -DCHECK_FUNCTION_EXISTS=LZ4_compress_default   -o CMakeFiles/cmTC_ebb05.dir/CheckFunctionExists.c.o   -c /usr/share/cmake-3.10/Modules/CheckFunctionExists.c
Linking C executable cmTC_ebb05
/usr/bin/cmake -E cmake_link_script CMakeFiles/cmTC_ebb05.dir/link.txt --verbose=1
/usr/bin/cc  -pie -fPIC -Wl,-z,relro,-z,now -fstack-protector --param=ssp-buffer-size=4 -fPIC -DCHECK_FUNCTION_EXISTS=LZ4_compress_default    -rdynamic CMakeFiles/cmTC_ebb05.dir/CheckFunctionExists.c.o  -o cmTC_ebb05 -llz4 
/usr/bin/x86_64-linux-gnu-ld: cannot find -llz4
collect2: error: ld returned 1 exit status
CMakeFiles/cmTC_ebb05.dir/build.make:97: recipe for target 'cmTC_ebb05' failed
make[1]: *** [cmTC_ebb05] Error 1
make[1]: Leaving directory '/home/tcs/server/CMakeFiles/CMakeTmp'
Makefile:126: recipe for target 'cmTC_ebb05/fast' failed
make: *** [cmTC_ebb05/fast] Error 2


Determining if files lzo/lzo1x.h exist failed with the following output:
Change Dir: /home/tcs/server/CMakeFiles/CMakeTmp

Run Build Command:"/usr/bin/make" "cmTC_0dd6e/fast"
/usr/bin/make -f CMakeFiles/cmTC_0dd6e.dir/build.make CMakeFiles/cmTC_0dd6e.dir/build
make[1]: Entering directory '/home/tcs/server/CMakeFiles/CMakeTmp'
Building C object CMakeFiles/cmTC_0dd6e.dir/CheckIncludeFiles.c.o
/usr/bin/cc -DPACKAGE=test -D_FILE_OFFSET_BITS=64 -D_GNU_SOURCE=1 -D_LARGEFILE_SOURCE -D_LARGE_FILES -D__STDC_CONSTANT_MACROS -D__STDC_FORMAT_MACROS -D__STDC_LIMIT_MACROS  -pie -fPIC -Wl,-z,relro,-z,now -fstack-protector --param=ssp-buffer-size=4 -fPIC    -o CMakeFiles/cmTC_0dd6e.dir/CheckIncludeFiles.c.o   -c /home/tcs/server/CMakeFiles/CMakeTmp/CheckIncludeFiles.c
/home/tcs/server/CMakeFiles/CMakeTmp/CheckIncludeFiles.c:2:10: fatal error: lzo/lzo1x.h: No such file or directory
 #include <lzo/lzo1x.h>
          ^~~~~~~~~~~~~
compilation terminated.
CMakeFiles/cmTC_0dd6e.dir/build.make:65: recipe for target 'CMakeFiles/cmTC_0dd6e.dir/CheckIncludeFiles.c.o' failed
make[1]: *** [CMakeFiles/cmTC_0dd6e.dir/CheckIncludeFiles.c.o] Error 1
make[1]: Leaving directory '/home/tcs/server/CMakeFiles/CMakeTmp'
Makefile:126: recipe for target 'cmTC_0dd6e/fast' failed
make: *** [cmTC_0dd6e/fast] Error 2

Source:
/* */
#include <lzo/lzo1x.h>


int main(void){return 0;}

Determining if the function lzo1x_1_compress exists in the lzo2 failed with the following output:
Change Dir: /home/tcs/server/CMakeFiles/CMakeTmp

Run Build Command:"/usr/bin/make" "cmTC_4b9ed/fast"
/usr/bin/make -f CMakeFiles/cmTC_4b9ed.dir/build.make CMakeFiles/cmTC_4b9ed.dir/build
make[1]: Entering directory '/home/tcs/server/CMakeFiles/CMakeTmp'
Building C object CMakeFiles/cmTC_4b9ed.dir/CheckFunctionExists.c.o
/usr/bin/cc -DPACKAGE=test -D_FILE_OFFSET_BITS=64 -D_GNU_SOURCE=1 -D_LARGEFILE_SOURCE -D_LARGE_FILES -D__STDC_CONSTANT_MACROS -D__STDC_FORMAT_MACROS -D__STDC_LIMIT_MACROS  -pie -fPIC -Wl,-z,relro,-z,now -fstack-protector --param=ssp-buffer-size=4 -fPIC -DCHECK_FUNCTION_EXISTS=lzo1x_1_compress   -o CMakeFiles/cmTC_4b9ed.dir/CheckFunctionExists.c.o   -c /usr/share/cmake-3.10/Modules/CheckFunctionExists.c
Linking C executable cmTC_4b9ed
/usr/bin/cmake -E cmake_link_script CMakeFiles/cmTC_4b9ed.dir/link.txt --verbose=1
/usr/bin/cc  -pie -fPIC -Wl,-z,relro,-z,now -fstack-protector --param=ssp-buffer-size=4 -fPIC -DCHECK_FUNCTION_EXISTS=lzo1x_1_compress    -rdynamic CMakeFiles/cmTC_4b9ed.dir/CheckFunctionExists.c.o  -o cmTC_4b9ed -llzo2 
/usr/bin/x86_64-linux-gnu-ld: cannot find -llzo2
collect2: error: ld returned 1 exit status
CMakeFiles/cmTC_4b9ed.dir/build.make:97: recipe for target 'cmTC_4b9ed' failed
make[1]: *** [cmTC_4b9ed] Error 1
make[1]: Leaving directory '/home/tcs/server/CMakeFiles/CMakeTmp'
Makefile:126: recipe for target 'cmTC_4b9ed/fast' failed
make: *** [cmTC_4b9ed/fast] Error 2


Determining if files lzma.h exist failed with the following output:
Change Dir: /home/tcs/server/CMakeFiles/CMakeTmp

Run Build Command:"/usr/bin/make" "cmTC_04ddb/fast"
/usr/bin/make -f CMakeFiles/cmTC_04ddb.dir/build.make CMakeFiles/cmTC_04ddb.dir/build
make[1]: Entering directory '/home/tcs/server/CMakeFiles/CMakeTmp'
Building C object CMakeFiles/cmTC_04ddb.dir/CheckIncludeFiles.c.o
/usr/bin/cc -DPACKAGE=test -D_FILE_OFFSET_BITS=64 -D_GNU_SOURCE=1 -D_LARGEFILE_SOURCE -D_LARGE_FILES -D__STDC_CONSTANT_MACROS -D__STDC_FORMAT_MACROS -D__STDC_LIMIT_MACROS  -pie -fPIC -Wl,-z,relro,-z,now -fstack-protector --param=ssp-buffer-size=4 -fPIC    -o CMakeFiles/cmTC_04ddb.dir/CheckIncludeFiles.c.o   -c /home/tcs/server/CMakeFiles/CMakeTmp/CheckIncludeFiles.c
/home/tcs/server/CMakeFiles/CMakeTmp/CheckIncludeFiles.c:2:10: fatal error: lzma.h: No such file or directory
 #include <lzma.h>
          ^~~~~~~~
compilation terminated.
CMakeFiles/cmTC_04ddb.dir/build.make:65: recipe for target 'CMakeFiles/cmTC_04ddb.dir/CheckIncludeFiles.c.o' failed
make[1]: *** [CMakeFiles/cmTC_04ddb.dir/CheckIncludeFiles.c.o] Error 1
make[1]: Leaving directory '/home/tcs/server/CMakeFiles/CMakeTmp'
Makefile:126: recipe for target 'cmTC_04ddb/fast' failed
make: *** [cmTC_04ddb/fast] Error 2

Source:
/* */
#include <lzma.h>


int main(void){return 0;}

Determining if the function lzma_stream_buffer_decode exists in the lzma failed with the following output:
Change Dir: /home/tcs/server/CMakeFiles/CMakeTmp

Run Build Command:"/usr/bin/make" "cmTC_82d95/fast"
/usr/bin/make -f CMakeFiles/cmTC_82d95.dir/build.make CMakeFiles/cmTC_82d95.dir/build
make[1]: Entering directory '/home/tcs/server/CMakeFiles/CMakeTmp'
Building C object CMakeFiles/cmTC_82d95.dir/CheckFunctionExists.c.o
/usr/bin/cc -DPACKAGE=test -D_FILE_OFFSET_BITS=64 -D_GNU_SOURCE=1 -D_LARGEFILE_SOURCE -D_LARGE_FILES -D__STDC_CONSTANT_MACROS -D__STDC_FORMAT_MACROS -D__STDC_LIMIT_MACROS  -pie -fPIC -Wl,-z,relro,-z,now -fstack-protector --param=ssp-buffer-size=4 -fPIC -DCHECK_FUNCTION_EXISTS=lzma_stream_buffer_decode   -o CMakeFiles/cmTC_82d95.dir/CheckFunctionExists.c.o   -c /usr/share/cmake-3.10/Modules/CheckFunctionExists.c
Linking C executable cmTC_82d95
/usr/bin/cmake -E cmake_link_script CMakeFiles/cmTC_82d95.dir/link.txt --verbose=1
/usr/bin/cc  -pie -fPIC -Wl,-z,relro,-z,now -fstack-protector --param=ssp-buffer-size=4 -fPIC -DCHECK_FUNCTION_EXISTS=lzma_stream_buffer_decode    -rdynamic CMakeFiles/cmTC_82d95.dir/CheckFunctionExists.c.o  -o cmTC_82d95 -llzma 
/usr/bin/x86_64-linux-gnu-ld: cannot find -llzma
collect2: error: ld returned 1 exit status
CMakeFiles/cmTC_82d95.dir/build.make:97: recipe for target 'cmTC_82d95' failed
make[1]: *** [cmTC_82d95] Error 1
make[1]: Leaving directory '/home/tcs/server/CMakeFiles/CMakeTmp'
Makefile:126: recipe for target 'cmTC_82d95/fast' failed
make: *** [cmTC_82d95/fast] Error 2


Determining if the function lzma_easy_buffer_encode exists in the lzma failed with the following output:
Change Dir: /home/tcs/server/CMakeFiles/CMakeTmp

Run Build Command:"/usr/bin/make" "cmTC_6ac9d/fast"
/usr/bin/make -f CMakeFiles/cmTC_6ac9d.dir/build.make CMakeFiles/cmTC_6ac9d.dir/build
make[1]: Entering directory '/home/tcs/server/CMakeFiles/CMakeTmp'
Building C object CMakeFiles/cmTC_6ac9d.dir/CheckFunctionExists.c.o
/usr/bin/cc -DPACKAGE=test -D_FILE_OFFSET_BITS=64 -D_GNU_SOURCE=1 -D_LARGEFILE_SOURCE -D_LARGE_FILES -D__STDC_CONSTANT_MACROS -D__STDC_FORMAT_MACROS -D__STDC_LIMIT_MACROS  -pie -fPIC -Wl,-z,relro,-z,now -fstack-protector --param=ssp-buffer-size=4 -fPIC -DCHECK_FUNCTION_EXISTS=lzma_easy_buffer_encode   -o CMakeFiles/cmTC_6ac9d.dir/CheckFunctionExists.c.o   -c /usr/share/cmake-3.10/Modules/CheckFunctionExists.c
Linking C executable cmTC_6ac9d
/usr/bin/cmake -E cmake_link_script CMakeFiles/cmTC_6ac9d.dir/link.txt --verbose=1
/usr/bin/cc  -pie -fPIC -Wl,-z,relro,-z,now -fstack-protector --param=ssp-buffer-size=4 -fPIC -DCHECK_FUNCTION_EXISTS=lzma_easy_buffer_encode    -rdynamic CMakeFiles/cmTC_6ac9d.dir/CheckFunctionExists.c.o  -o cmTC_6ac9d -llzma 
/usr/bin/x86_64-linux-gnu-ld: cannot find -llzma
collect2: error: ld returned 1 exit status
CMakeFiles/cmTC_6ac9d.dir/build.make:97: recipe for target 'cmTC_6ac9d' failed
make[1]: *** [cmTC_6ac9d] Error 1
make[1]: Leaving directory '/home/tcs/server/CMakeFiles/CMakeTmp'
Makefile:126: recipe for target 'cmTC_6ac9d/fast' failed
make: *** [cmTC_6ac9d/fast] Error 2


Determining if files bzlib.h exist failed with the following output:
Change Dir: /home/tcs/server/CMakeFiles/CMakeTmp

Run Build Command:"/usr/bin/make" "cmTC_f45c6/fast"
/usr/bin/make -f CMakeFiles/cmTC_f45c6.dir/build.make CMakeFiles/cmTC_f45c6.dir/build
make[1]: Entering directory '/home/tcs/server/CMakeFiles/CMakeTmp'
Building C object CMakeFiles/cmTC_f45c6.dir/CheckIncludeFiles.c.o
/usr/bin/cc -DPACKAGE=test -D_FILE_OFFSET_BITS=64 -D_GNU_SOURCE=1 -D_LARGEFILE_SOURCE -D_LARGE_FILES -D__STDC_CONSTANT_MACROS -D__STDC_FORMAT_MACROS -D__STDC_LIMIT_MACROS  -pie -fPIC -Wl,-z,relro,-z,now -fstack-protector --param=ssp-buffer-size=4 -fPIC    -o CMakeFiles/cmTC_f45c6.dir/CheckIncludeFiles.c.o   -c /home/tcs/server/CMakeFiles/CMakeTmp/CheckIncludeFiles.c
/home/tcs/server/CMakeFiles/CMakeTmp/CheckIncludeFiles.c:2:10: fatal error: bzlib.h: No such file or directory
 #include <bzlib.h>
          ^~~~~~~~~
compilation terminated.
CMakeFiles/cmTC_f45c6.dir/build.make:65: recipe for target 'CMakeFiles/cmTC_f45c6.dir/CheckIncludeFiles.c.o' failed
make[1]: *** [CMakeFiles/cmTC_f45c6.dir/CheckIncludeFiles.c.o] Error 1
make[1]: Leaving directory '/home/tcs/server/CMakeFiles/CMakeTmp'
Makefile:126: recipe for target 'cmTC_f45c6/fast' failed
make: *** [cmTC_f45c6/fast] Error 2

Source:
/* */
#include <bzlib.h>


int main(void){return 0;}

Determining if the function BZ2_bzBuffToBuffCompress exists in the bz2 failed with the following output:
Change Dir: /home/tcs/server/CMakeFiles/CMakeTmp

Run Build Command:"/usr/bin/make" "cmTC_bf381/fast"
/usr/bin/make -f CMakeFiles/cmTC_bf381.dir/build.make CMakeFiles/cmTC_bf381.dir/build
make[1]: Entering directory '/home/tcs/server/CMakeFiles/CMakeTmp'
Building C object CMakeFiles/cmTC_bf381.dir/CheckFunctionExists.c.o
/usr/bin/cc -DPACKAGE=test -D_FILE_OFFSET_BITS=64 -D_GNU_SOURCE=1 -D_LARGEFILE_SOURCE -D_LARGE_FILES -D__STDC_CONSTANT_MACROS -D__STDC_FORMAT_MACROS -D__STDC_LIMIT_MACROS  -pie -fPIC -Wl,-z,relro,-z,now -fstack-protector --param=ssp-buffer-size=4 -fPIC -DCHECK_FUNCTION_EXISTS=BZ2_bzBuffToBuffCompress   -o CMakeFiles/cmTC_bf381.dir/CheckFunctionExists.c.o   -c /usr/share/cmake-3.10/Modules/CheckFunctionExists.c
Linking C executable cmTC_bf381
/usr/bin/cmake -E cmake_link_script CMakeFiles/cmTC_bf381.dir/link.txt --verbose=1
/usr/bin/cc  -pie -fPIC -Wl,-z,relro,-z,now -fstack-protector --param=ssp-buffer-size=4 -fPIC -DCHECK_FUNCTION_EXISTS=BZ2_bzBuffToBuffCompress    -rdynamic CMakeFiles/cmTC_bf381.dir/CheckFunctionExists.c.o  -o cmTC_bf381 -lbz2 
/usr/bin/x86_64-linux-gnu-ld: cannot find -lbz2
collect2: error: ld returned 1 exit status
CMakeFiles/cmTC_bf381.dir/build.make:97: recipe for target 'cmTC_bf381' failed
make[1]: *** [cmTC_bf381] Error 1
make[1]: Leaving directory '/home/tcs/server/CMakeFiles/CMakeTmp'
Makefile:126: recipe for target 'cmTC_bf381/fast' failed
make: *** [cmTC_bf381/fast] Error 2


Determining if the function BZ2_bzBuffToBuffDecompress exists in the bz2 failed with the following output:
Change Dir: /home/tcs/server/CMakeFiles/CMakeTmp

Run Build Command:"/usr/bin/make" "cmTC_dd9bb/fast"
/usr/bin/make -f CMakeFiles/cmTC_dd9bb.dir/build.make CMakeFiles/cmTC_dd9bb.dir/build
make[1]: Entering directory '/home/tcs/server/CMakeFiles/CMakeTmp'
Building C object CMakeFiles/cmTC_dd9bb.dir/CheckFunctionExists.c.o
/usr/bin/cc -DPACKAGE=test -D_FILE_OFFSET_BITS=64 -D_GNU_SOURCE=1 -D_LARGEFILE_SOURCE -D_LARGE_FILES -D__STDC_CONSTANT_MACROS -D__STDC_FORMAT_MACROS -D__STDC_LIMIT_MACROS  -pie -fPIC -Wl,-z,relro,-z,now -fstack-protector --param=ssp-buffer-size=4 -fPIC -DCHECK_FUNCTION_EXISTS=BZ2_bzBuffToBuffDecompress   -o CMakeFiles/cmTC_dd9bb.dir/CheckFunctionExists.c.o   -c /usr/share/cmake-3.10/Modules/CheckFunctionExists.c
Linking C executable cmTC_dd9bb
/usr/bin/cmake -E cmake_link_script CMakeFiles/cmTC_dd9bb.dir/link.txt --verbose=1
/usr/bin/cc  -pie -fPIC -Wl,-z,relro,-z,now -fstack-protector --param=ssp-buffer-size=4 -fPIC -DCHECK_FUNCTION_EXISTS=BZ2_bzBuffToBuffDecompress    -rdynamic CMakeFiles/cmTC_dd9bb.dir/CheckFunctionExists.c.o  -o cmTC_dd9bb -lbz2 
/usr/bin/x86_64-linux-gnu-ld: cannot find -lbz2
collect2: error: ld returned 1 exit status
CMakeFiles/cmTC_dd9bb.dir/build.make:97: recipe for target 'cmTC_dd9bb' failed
make[1]: *** [cmTC_dd9bb] Error 1
make[1]: Leaving directory '/home/tcs/server/CMakeFiles/CMakeTmp'
Makefile:126: recipe for target 'cmTC_dd9bb/fast' failed
make: *** [cmTC_dd9bb/fast] Error 2


Determining if files snappy-c.h exist failed with the following output:
Change Dir: /home/tcs/server/CMakeFiles/CMakeTmp

Run Build Command:"/usr/bin/make" "cmTC_f92bc/fast"
/usr/bin/make -f CMakeFiles/cmTC_f92bc.dir/build.make CMakeFiles/cmTC_f92bc.dir/build
make[1]: Entering directory '/home/tcs/server/CMakeFiles/CMakeTmp'
Building C object CMakeFiles/cmTC_f92bc.dir/CheckIncludeFiles.c.o
/usr/bin/cc -DPACKAGE=test -D_FILE_OFFSET_BITS=64 -D_GNU_SOURCE=1 -D_LARGEFILE_SOURCE -D_LARGE_FILES -D__STDC_CONSTANT_MACROS -D__STDC_FORMAT_MACROS -D__STDC_LIMIT_MACROS  -pie -fPIC -Wl,-z,relro,-z,now -fstack-protector --param=ssp-buffer-size=4 -fPIC    -o CMakeFiles/cmTC_f92bc.dir/CheckIncludeFiles.c.o   -c /home/tcs/server/CMakeFiles/CMakeTmp/CheckIncludeFiles.c
/home/tcs/server/CMakeFiles/CMakeTmp/CheckIncludeFiles.c:2:10: fatal error: snappy-c.h: No such file or directory
 #include <snappy-c.h>
          ^~~~~~~~~~~~
compilation terminated.
CMakeFiles/cmTC_f92bc.dir/build.make:65: recipe for target 'CMakeFiles/cmTC_f92bc.dir/CheckIncludeFiles.c.o' failed
make[1]: *** [CMakeFiles/cmTC_f92bc.dir/CheckIncludeFiles.c.o] Error 1
make[1]: Leaving directory '/home/tcs/server/CMakeFiles/CMakeTmp'
Makefile:126: recipe for target 'cmTC_f92bc/fast' failed
make: *** [cmTC_f92bc/fast] Error 2

Source:
/* */
#include <snappy-c.h>


int main(void){return 0;}

Determining if the function snappy_uncompress exists in the snappy failed with the following output:
Change Dir: /home/tcs/server/CMakeFiles/CMakeTmp

Run Build Command:"/usr/bin/make" "cmTC_7f8c9/fast"
/usr/bin/make -f CMakeFiles/cmTC_7f8c9.dir/build.make CMakeFiles/cmTC_7f8c9.dir/build
make[1]: Entering directory '/home/tcs/server/CMakeFiles/CMakeTmp'
Building C object CMakeFiles/cmTC_7f8c9.dir/CheckFunctionExists.c.o
/usr/bin/cc -DPACKAGE=test -D_FILE_OFFSET_BITS=64 -D_GNU_SOURCE=1 -D_LARGEFILE_SOURCE -D_LARGE_FILES -D__STDC_CONSTANT_MACROS -D__STDC_FORMAT_MACROS -D__STDC_LIMIT_MACROS  -pie -fPIC -Wl,-z,relro,-z,now -fstack-protector --param=ssp-buffer-size=4 -fPIC -DCHECK_FUNCTION_EXISTS=snappy_uncompress   -o CMakeFiles/cmTC_7f8c9.dir/CheckFunctionExists.c.o   -c /usr/share/cmake-3.10/Modules/CheckFunctionExists.c
Linking C executable cmTC_7f8c9
/usr/bin/cmake -E cmake_link_script CMakeFiles/cmTC_7f8c9.dir/link.txt --verbose=1
/usr/bin/cc  -pie -fPIC -Wl,-z,relro,-z,now -fstack-protector --param=ssp-buffer-size=4 -fPIC -DCHECK_FUNCTION_EXISTS=snappy_uncompress    -rdynamic CMakeFiles/cmTC_7f8c9.dir/CheckFunctionExists.c.o  -o cmTC_7f8c9 -lsnappy 
/usr/bin/x86_64-linux-gnu-ld: cannot find -lsnappy
collect2: error: ld returned 1 exit status
CMakeFiles/cmTC_7f8c9.dir/build.make:97: recipe for target 'cmTC_7f8c9' failed
make[1]: *** [cmTC_7f8c9] Error 1
make[1]: Leaving directory '/home/tcs/server/CMakeFiles/CMakeTmp'
Makefile:126: recipe for target 'cmTC_7f8c9/fast' failed
make: *** [cmTC_7f8c9/fast] Error 2


Determining if files numa.h exist failed with the following output:
Change Dir: /home/tcs/server/CMakeFiles/CMakeTmp

Run Build Command:"/usr/bin/make" "cmTC_a0064/fast"
/usr/bin/make -f CMakeFiles/cmTC_a0064.dir/build.make CMakeFiles/cmTC_a0064.dir/build
make[1]: Entering directory '/home/tcs/server/CMakeFiles/CMakeTmp'
Building C object CMakeFiles/cmTC_a0064.dir/CheckIncludeFiles.c.o
/usr/bin/cc -DPACKAGE=test -D_FILE_OFFSET_BITS=64 -D_GNU_SOURCE=1 -D_LARGEFILE_SOURCE -D_LARGE_FILES -D__STDC_CONSTANT_MACROS -D__STDC_FORMAT_MACROS -D__STDC_LIMIT_MACROS  -pie -fPIC -Wl,-z,relro,-z,now -fstack-protector --param=ssp-buffer-size=4 -fPIC    -o CMakeFiles/cmTC_a0064.dir/CheckIncludeFiles.c.o   -c /home/tcs/server/CMakeFiles/CMakeTmp/CheckIncludeFiles.c
/home/tcs/server/CMakeFiles/CMakeTmp/CheckIncludeFiles.c:2:10: fatal error: numa.h: No such file or directory
 #include <numa.h>
          ^~~~~~~~
compilation terminated.
CMakeFiles/cmTC_a0064.dir/build.make:65: recipe for target 'CMakeFiles/cmTC_a0064.dir/CheckIncludeFiles.c.o' failed
make[1]: *** [CMakeFiles/cmTC_a0064.dir/CheckIncludeFiles.c.o] Error 1
make[1]: Leaving directory '/home/tcs/server/CMakeFiles/CMakeTmp'
Makefile:126: recipe for target 'cmTC_a0064/fast' failed
make: *** [cmTC_a0064/fast] Error 2

Source:
/* */
#include <numa.h>


int main(void){return 0;}

Determining if files numaif.h exist failed with the following output:
Change Dir: /home/tcs/server/CMakeFiles/CMakeTmp

Run Build Command:"/usr/bin/make" "cmTC_f0458/fast"
/usr/bin/make -f CMakeFiles/cmTC_f0458.dir/build.make CMakeFiles/cmTC_f0458.dir/build
make[1]: Entering directory '/home/tcs/server/CMakeFiles/CMakeTmp'
Building C object CMakeFiles/cmTC_f0458.dir/CheckIncludeFiles.c.o
/usr/bin/cc -DPACKAGE=test -D_FILE_OFFSET_BITS=64 -D_GNU_SOURCE=1 -D_LARGEFILE_SOURCE -D_LARGE_FILES -D__STDC_CONSTANT_MACROS -D__STDC_FORMAT_MACROS -D__STDC_LIMIT_MACROS  -pie -fPIC -Wl,-z,relro,-z,now -fstack-protector --param=ssp-buffer-size=4 -fPIC    -o CMakeFiles/cmTC_f0458.dir/CheckIncludeFiles.c.o   -c /home/tcs/server/CMakeFiles/CMakeTmp/CheckIncludeFiles.c
/home/tcs/server/CMakeFiles/CMakeTmp/CheckIncludeFiles.c:2:10: fatal error: numaif.h: No such file or directory
 #include <numaif.h>
          ^~~~~~~~~~
compilation terminated.
CMakeFiles/cmTC_f0458.dir/build.make:65: recipe for target 'CMakeFiles/cmTC_f0458.dir/CheckIncludeFiles.c.o' failed
make[1]: *** [CMakeFiles/cmTC_f0458.dir/CheckIncludeFiles.c.o] Error 1
make[1]: Leaving directory '/home/tcs/server/CMakeFiles/CMakeTmp'
Makefile:126: recipe for target 'cmTC_f0458/fast' failed
make: *** [cmTC_f0458/fast] Error 2

Source:
/* */
#include <numaif.h>


int main(void){return 0;}

Performing C++ SOURCE FILE Test have_CXX__Wpointer_sign failed with the following output:
Change Dir: /home/tcs/server/CMakeFiles/CMakeTmp

Run Build Command:"/usr/bin/make" "cmTC_2eda6/fast"
/usr/bin/make -f CMakeFiles/cmTC_2eda6.dir/build.make CMakeFiles/cmTC_2eda6.dir/build
make[1]: Entering directory '/home/tcs/server/CMakeFiles/CMakeTmp'
Building CXX object CMakeFiles/cmTC_2eda6.dir/src.cxx.o
/usr/bin/c++  -DPACKAGE=test -D_FILE_OFFSET_BITS=64 -D_GNU_SOURCE=1 -D_LARGEFILE_SOURCE -D_LARGE_FILES -D__STDC_CONSTANT_MACROS -D__STDC_FORMAT_MACROS -D__STDC_LIMIT_MACROS  -pie -fPIC -Wl,-z,relro,-z,now -fstack-protector --param=ssp-buffer-size=4 -fPIC -fno-rtti -Wall -Wno-unused-but-set-variable -Dhave_CXX__Wpointer_sign  -Wpointer-sign   -o CMakeFiles/cmTC_2eda6.dir/src.cxx.o -c /home/tcs/server/CMakeFiles/CMakeTmp/src.cxx
cc1plus: warning: command line option ‘-Wpointer-sign’ is valid for C/ObjC but not for C++
Linking CXX executable cmTC_2eda6
/usr/bin/cmake -E cmake_link_script CMakeFiles/cmTC_2eda6.dir/link.txt --verbose=1
/usr/bin/c++   -pie -fPIC -Wl,-z,relro,-z,now -fstack-protector --param=ssp-buffer-size=4 -fPIC -fno-rtti -Wall -Wno-unused-but-set-variable -Dhave_CXX__Wpointer_sign  -Wpointer-sign    -rdynamic CMakeFiles/cmTC_2eda6.dir/src.cxx.o  -o cmTC_2eda6 
make[1]: Leaving directory '/home/tcs/server/CMakeFiles/CMakeTmp'

Source file was:
int main(void) { return 0; }
Performing C++ SOURCE FILE Test have_CXX__Wbad_function_cast failed with the following output:
Change Dir: /home/tcs/server/CMakeFiles/CMakeTmp

Run Build Command:"/usr/bin/make" "cmTC_d9dc1/fast"
/usr/bin/make -f CMakeFiles/cmTC_d9dc1.dir/build.make CMakeFiles/cmTC_d9dc1.dir/build
make[1]: Entering directory '/home/tcs/server/CMakeFiles/CMakeTmp'
Building CXX object CMakeFiles/cmTC_d9dc1.dir/src.cxx.o
/usr/bin/c++  -DPACKAGE=test -D_FILE_OFFSET_BITS=64 -D_GNU_SOURCE=1 -D_LARGEFILE_SOURCE -D_LARGE_FILES -D__STDC_CONSTANT_MACROS -D__STDC_FORMAT_MACROS -D__STDC_LIMIT_MACROS  -pie -fPIC -Wl,-z,relro,-z,now -fstack-protector --param=ssp-buffer-size=4 -fPIC -fno-rtti -Wall -Wno-unused-but-set-variable -Wformat -Wstrict-aliasing=2 -fno-strict-aliasing -Wno-disabled-optimization -Wfloat-equal -Wpointer-arith -Dhave_CXX__Wbad_function_cast  -Wbad-function-cast   -o CMakeFiles/cmTC_d9dc1.dir/src.cxx.o -c /home/tcs/server/CMakeFiles/CMakeTmp/src.cxx
cc1plus: warning: command line option ‘-Wbad-function-cast’ is valid for C/ObjC but not for C++
Linking CXX executable cmTC_d9dc1
/usr/bin/cmake -E cmake_link_script CMakeFiles/cmTC_d9dc1.dir/link.txt --verbose=1
/usr/bin/c++   -pie -fPIC -Wl,-z,relro,-z,now -fstack-protector --param=ssp-buffer-size=4 -fPIC -fno-rtti -Wall -Wno-unused-but-set-variable -Wformat -Wstrict-aliasing=2 -fno-strict-aliasing -Wno-disabled-optimization -Wfloat-equal -Wpointer-arith -Dhave_CXX__Wbad_function_cast  -Wbad-function-cast    -rdynamic CMakeFiles/cmTC_d9dc1.dir/src.cxx.o  -o cmTC_d9dc1 
make[1]: Leaving directory '/home/tcs/server/CMakeFiles/CMakeTmp'

Source file was:
int main(void) { return 0; }
Performing C SOURCE FILE Test have_C__fimplicit_templates failed with the following output:
Change Dir: /home/tcs/server/CMakeFiles/CMakeTmp

Run Build Command:"/usr/bin/make" "cmTC_f0fe7/fast"
/usr/bin/make -f CMakeFiles/cmTC_f0fe7.dir/build.make CMakeFiles/cmTC_f0fe7.dir/build
make[1]: Entering directory '/home/tcs/server/CMakeFiles/CMakeTmp'
Building C object CMakeFiles/cmTC_f0fe7.dir/src.c.o
/usr/bin/cc -DPACKAGE=test -D_FILE_OFFSET_BITS=64 -D_GNU_SOURCE=1 -D_LARGEFILE_SOURCE -D_LARGE_FILES -D__STDC_CONSTANT_MACROS -D__STDC_FORMAT_MACROS -D__STDC_LIMIT_MACROS  -pie -fPIC -Wl,-z,relro,-z,now -fstack-protector --param=ssp-buffer-size=4 -fPIC -Wall -Wno-unused-but-set-variable -Wno-pointer-sign -Wformat -Wstrict-aliasing=2 -fno-strict-aliasing -Wno-disabled-optimization -Wfloat-equal -Wpointer-arith -Wbad-function-cast -Wcast-align -Wwrite-strings -fexceptions -Dhave_C__fimplicit_templates  -fimplicit-templates   -o CMakeFiles/cmTC_f0fe7.dir/src.c.o   -c /home/tcs/server/CMakeFiles/CMakeTmp/src.c
cc1: warning: command line option ‘-fimplicit-templates’ is valid for C++/ObjC++ but not for C
Linking C executable cmTC_f0fe7
/usr/bin/cmake -E cmake_link_script CMakeFiles/cmTC_f0fe7.dir/link.txt --verbose=1
/usr/bin/cc  -pie -fPIC -Wl,-z,relro,-z,now -fstack-protector --param=ssp-buffer-size=4 -fPIC -Wall -Wno-unused-but-set-variable -Wno-pointer-sign -Wformat -Wstrict-aliasing=2 -fno-strict-aliasing -Wno-disabled-optimization -Wfloat-equal -Wpointer-arith -Wbad-function-cast -Wcast-align -Wwrite-strings -fexceptions -Dhave_C__fimplicit_templates  -fimplicit-templates    -rdynamic CMakeFiles/cmTC_f0fe7.dir/src.c.o  -o cmTC_f0fe7 
make[1]: Leaving directory '/home/tcs/server/CMakeFiles/CMakeTmp'

Source file was:
int main(void) { return 0; }
Determining if the function _gmtime64_s exists failed with the following output:
Change Dir: /home/tcs/server/CMakeFiles/CMakeTmp

Run Build Command:"/usr/bin/make" "cmTC_150a3/fast"
/usr/bin/make -f CMakeFiles/cmTC_150a3.dir/build.make CMakeFiles/cmTC_150a3.dir/build
make[1]: Entering directory '/home/tcs/server/CMakeFiles/CMakeTmp'
Building C object CMakeFiles/cmTC_150a3.dir/CheckFunctionExists.c.o
/usr/bin/cc -DPACKAGE=test -D_FILE_OFFSET_BITS=64 -D_GNU_SOURCE=1 -D_LARGEFILE_SOURCE -D_LARGE_FILES -D__STDC_CONSTANT_MACROS -D__STDC_FORMAT_MACROS -D__STDC_LIMIT_MACROS  -pie -fPIC -Wl,-z,relro,-z,now -fstack-protector --param=ssp-buffer-size=4 -fPIC -Wall -Wno-unused-but-set-variable -Wno-pointer-sign -Wformat -Wstrict-aliasing=2 -fno-strict-aliasing -Wno-disabled-optimization -Wfloat-equal -Wpointer-arith -Wbad-function-cast -Wcast-align -Wwrite-strings -fexceptions -Wno-unused-parameter -Wno-sign-compare -Wno-missing-field-initializers -Wno-implicit-fallthrough -DCHECK_FUNCTION_EXISTS=_gmtime64_s   -o CMakeFiles/cmTC_150a3.dir/CheckFunctionExists.c.o   -c /usr/share/cmake-3.10/Modules/CheckFunctionExists.c
Linking C executable cmTC_150a3
/usr/bin/cmake -E cmake_link_script CMakeFiles/cmTC_150a3.dir/link.txt --verbose=1
/usr/bin/cc  -pie -fPIC -Wl,-z,relro,-z,now -fstack-protector --param=ssp-buffer-size=4 -fPIC -Wall -Wno-unused-but-set-variable -Wno-pointer-sign -Wformat -Wstrict-aliasing=2 -fno-strict-aliasing -Wno-disabled-optimization -Wfloat-equal -Wpointer-arith -Wbad-function-cast -Wcast-align -Wwrite-strings -fexceptions -Wno-unused-parameter -Wno-sign-compare -Wno-missing-field-initializers -Wno-implicit-fallthrough -DCHECK_FUNCTION_EXISTS=_gmtime64_s    -rdynamic CMakeFiles/cmTC_150a3.dir/CheckFunctionExists.c.o  -o cmTC_150a3 
CMakeFiles/cmTC_150a3.dir/CheckFunctionExists.c.o: In function `main':
CheckFunctionExists.c:(.text+0x10): undefined reference to `_gmtime64_s'
collect2: error: ld returned 1 exit status
CMakeFiles/cmTC_150a3.dir/build.make:97: recipe for target 'cmTC_150a3' failed
make[1]: *** [cmTC_150a3] Error 1
make[1]: Leaving directory '/home/tcs/server/CMakeFiles/CMakeTmp'
Makefile:126: recipe for target 'cmTC_150a3/fast' failed
make: *** [cmTC_150a3/fast] Error 2


Determining if the function _localtime64_s exists failed with the following output:
Change Dir: /home/tcs/server/CMakeFiles/CMakeTmp

Run Build Command:"/usr/bin/make" "cmTC_96246/fast"
/usr/bin/make -f CMakeFiles/cmTC_96246.dir/build.make CMakeFiles/cmTC_96246.dir/build
make[1]: Entering directory '/home/tcs/server/CMakeFiles/CMakeTmp'
Building C object CMakeFiles/cmTC_96246.dir/CheckFunctionExists.c.o
/usr/bin/cc -DPACKAGE=test -D_FILE_OFFSET_BITS=64 -D_GNU_SOURCE=1 -D_LARGEFILE_SOURCE -D_LARGE_FILES -D__STDC_CONSTANT_MACROS -D__STDC_FORMAT_MACROS -D__STDC_LIMIT_MACROS  -pie -fPIC -Wl,-z,relro,-z,now -fstack-protector --param=ssp-buffer-size=4 -fPIC -Wall -Wno-unused-but-set-variable -Wno-pointer-sign -Wformat -Wstrict-aliasing=2 -fno-strict-aliasing -Wno-disabled-optimization -Wfloat-equal -Wpointer-arith -Wbad-function-cast -Wcast-align -Wwrite-strings -fexceptions -Wno-unused-parameter -Wno-sign-compare -Wno-missing-field-initializers -Wno-implicit-fallthrough -DCHECK_FUNCTION_EXISTS=_localtime64_s   -o CMakeFiles/cmTC_96246.dir/CheckFunctionExists.c.o   -c /usr/share/cmake-3.10/Modules/CheckFunctionExists.c
Linking C executable cmTC_96246
/usr/bin/cmake -E cmake_link_script CMakeFiles/cmTC_96246.dir/link.txt --verbose=1
/usr/bin/cc  -pie -fPIC -Wl,-z,relro,-z,now -fstack-protector --param=ssp-buffer-size=4 -fPIC -Wall -Wno-unused-but-set-variable -Wno-pointer-sign -Wformat -Wstrict-aliasing=2 -fno-strict-aliasing -Wno-disabled-optimization -Wfloat-equal -Wpointer-arith -Wbad-function-cast -Wcast-align -Wwrite-strings -fexceptions -Wno-unused-parameter -Wno-sign-compare -Wno-missing-field-initializers -Wno-implicit-fallthrough -DCHECK_FUNCTION_EXISTS=_localtime64_s    -rdynamic CMakeFiles/cmTC_96246.dir/CheckFunctionExists.c.o  -o cmTC_96246 
CMakeFiles/cmTC_96246.dir/CheckFunctionExists.c.o: In function `main':
CheckFunctionExists.c:(.text+0x10): undefined reference to `_localtime64_s'
collect2: error: ld returned 1 exit status
CMakeFiles/cmTC_96246.dir/build.make:97: recipe for target 'cmTC_96246' failed
make[1]: *** [cmTC_96246] Error 1
make[1]: Leaving directory '/home/tcs/server/CMakeFiles/CMakeTmp'
Makefile:126: recipe for target 'cmTC_96246/fast' failed
make: *** [cmTC_96246/fast] Error 2


Determining if the function _strtoui64 exists failed with the following output:
Change Dir: /home/tcs/server/CMakeFiles/CMakeTmp

Run Build Command:"/usr/bin/make" "cmTC_7207c/fast"
/usr/bin/make -f CMakeFiles/cmTC_7207c.dir/build.make CMakeFiles/cmTC_7207c.dir/build
make[1]: Entering directory '/home/tcs/server/CMakeFiles/CMakeTmp'
Building C object CMakeFiles/cmTC_7207c.dir/CheckFunctionExists.c.o
/usr/bin/cc -DPACKAGE=test -D_FILE_OFFSET_BITS=64 -D_GNU_SOURCE=1 -D_LARGEFILE_SOURCE -D_LARGE_FILES -D__STDC_CONSTANT_MACROS -D__STDC_FORMAT_MACROS -D__STDC_LIMIT_MACROS  -pie -fPIC -Wl,-z,relro,-z,now -fstack-protector --param=ssp-buffer-size=4 -fPIC -Wall -Wno-unused-but-set-variable -Wno-pointer-sign -Wformat -Wstrict-aliasing=2 -fno-strict-aliasing -Wno-disabled-optimization -Wfloat-equal -Wpointer-arith -Wbad-function-cast -Wcast-align -Wwrite-strings -fexceptions -Wno-unused-parameter -Wno-sign-compare -Wno-missing-field-initializers -Wno-implicit-fallthrough -DCHECK_FUNCTION_EXISTS=_strtoui64   -o CMakeFiles/cmTC_7207c.dir/CheckFunctionExists.c.o   -c /usr/share/cmake-3.10/Modules/CheckFunctionExists.c
Linking C executable cmTC_7207c
/usr/bin/cmake -E cmake_link_script CMakeFiles/cmTC_7207c.dir/link.txt --verbose=1
/usr/bin/cc  -pie -fPIC -Wl,-z,relro,-z,now -fstack-protector --param=ssp-buffer-size=4 -fPIC -Wall -Wno-unused-but-set-variable -Wno-pointer-sign -Wformat -Wstrict-aliasing=2 -fno-strict-aliasing -Wno-disabled-optimization -Wfloat-equal -Wpointer-arith -Wbad-function-cast -Wcast-align -Wwrite-strings -fexceptions -Wno-unused-parameter -Wno-sign-compare -Wno-missing-field-initializers -Wno-implicit-fallthrough -DCHECK_FUNCTION_EXISTS=_strtoui64    -rdynamic CMakeFiles/cmTC_7207c.dir/CheckFunctionExists.c.o  -o cmTC_7207c 
CMakeFiles/cmTC_7207c.dir/CheckFunctionExists.c.o: In function `main':
CheckFunctionExists.c:(.text+0x10): undefined reference to `_strtoui64'
collect2: error: ld returned 1 exit status
CMakeFiles/cmTC_7207c.dir/build.make:97: recipe for target 'cmTC_7207c' failed
make[1]: *** [cmTC_7207c] Error 1
make[1]: Leaving directory '/home/tcs/server/CMakeFiles/CMakeTmp'
Makefile:126: recipe for target 'cmTC_7207c/fast' failed
make: *** [cmTC_7207c/fast] Error 2


Determining if the function backtrace exists in the execinfo failed with the following output:
Change Dir: /home/tcs/server/CMakeFiles/CMakeTmp

Run Build Command:"/usr/bin/make" "cmTC_8ca5e/fast"
/usr/bin/make -f CMakeFiles/cmTC_8ca5e.dir/build.make CMakeFiles/cmTC_8ca5e.dir/build
make[1]: Entering directory '/home/tcs/server/CMakeFiles/CMakeTmp'
Building C object CMakeFiles/cmTC_8ca5e.dir/CheckFunctionExists.c.o
/usr/bin/cc -DPACKAGE=test -D_FILE_OFFSET_BITS=64 -D_GNU_SOURCE=1 -D_LARGEFILE_SOURCE -D_LARGE_FILES -D__STDC_CONSTANT_MACROS -D__STDC_FORMAT_MACROS -D__STDC_LIMIT_MACROS  -pie -fPIC -Wl,-z,relro,-z,now -fstack-protector --param=ssp-buffer-size=4 -fPIC -Wall -Wno-unused-but-set-variable -Wno-pointer-sign -Wformat -Wstrict-aliasing=2 -fno-strict-aliasing -Wno-disabled-optimization -Wfloat-equal -Wpointer-arith -Wbad-function-cast -Wcast-align -Wwrite-strings -fexceptions -Wno-unused-parameter -Wno-sign-compare -Wno-missing-field-initializers -Wno-implicit-fallthrough -DCHECK_FUNCTION_EXISTS=backtrace   -o CMakeFiles/cmTC_8ca5e.dir/CheckFunctionExists.c.o   -c /usr/share/cmake-3.10/Modules/CheckFunctionExists.c
Linking C executable cmTC_8ca5e
/usr/bin/cmake -E cmake_link_script CMakeFiles/cmTC_8ca5e.dir/link.txt --verbose=1
/usr/bin/cc  -pie -fPIC -Wl,-z,relro,-z,now -fstack-protector --param=ssp-buffer-size=4 -fPIC -Wall -Wno-unused-but-set-variable -Wno-pointer-sign -Wformat -Wstrict-aliasing=2 -fno-strict-aliasing -Wno-disabled-optimization -Wfloat-equal -Wpointer-arith -Wbad-function-cast -Wcast-align -Wwrite-strings -fexceptions -Wno-unused-parameter -Wno-sign-compare -Wno-missing-field-initializers -Wno-implicit-fallthrough -DCHECK_FUNCTION_EXISTS=backtrace    -rdynamic CMakeFiles/cmTC_8ca5e.dir/CheckFunctionExists.c.o  -o cmTC_8ca5e -lexecinfo 
/usr/bin/x86_64-linux-gnu-ld: cannot find -lexecinfo
collect2: error: ld returned 1 exit status
CMakeFiles/cmTC_8ca5e.dir/build.make:97: recipe for target 'cmTC_8ca5e' failed
make[1]: *** [cmTC_8ca5e] Error 1
make[1]: Leaving directory '/home/tcs/server/CMakeFiles/CMakeTmp'
Makefile:126: recipe for target 'cmTC_8ca5e/fast' failed
make: *** [cmTC_8ca5e/fast] Error 2


Determining if the function pthread_mutexattr_setpshared exists failed with the following output:
Change Dir: /home/tcs/server/CMakeFiles/CMakeTmp

Run Build Command:"/usr/bin/make" "cmTC_61b0a/fast"
/usr/bin/make -f CMakeFiles/cmTC_61b0a.dir/build.make CMakeFiles/cmTC_61b0a.dir/build
make[1]: Entering directory '/home/tcs/server/CMakeFiles/CMakeTmp'
Building C object CMakeFiles/cmTC_61b0a.dir/CheckFunctionExists.c.o
/usr/bin/cc -DPACKAGE=test -D_FILE_OFFSET_BITS=64 -D_GNU_SOURCE=1 -D_LARGEFILE_SOURCE -D_LARGE_FILES -D__STDC_CONSTANT_MACROS -D__STDC_FORMAT_MACROS -D__STDC_LIMIT_MACROS  -pie -fPIC -Wl,-z,relro,-z,now -fstack-protector --param=ssp-buffer-size=4 -fPIC -Wall -Wno-unused-but-set-variable -Wno-pointer-sign -Wformat -Wstrict-aliasing=2 -fno-strict-aliasing -Wno-disabled-optimization -Wfloat-equal -Wpointer-arith -Wbad-function-cast -Wcast-align -Wwrite-strings -fexceptions -Wno-unused-parameter -Wno-sign-compare -Wno-missing-field-initializers -Wno-implicit-fallthrough -DCHECK_FUNCTION_EXISTS=pthread_mutexattr_setpshared   -o CMakeFiles/cmTC_61b0a.dir/CheckFunctionExists.c.o   -c /usr/share/cmake-3.10/Modules/CheckFunctionExists.c
Linking C executable cmTC_61b0a
/usr/bin/cmake -E cmake_link_script CMakeFiles/cmTC_61b0a.dir/link.txt --verbose=1
/usr/bin/cc  -pie -fPIC -Wl,-z,relro,-z,now -fstack-protector --param=ssp-buffer-size=4 -fPIC -Wall -Wno-unused-but-set-variable -Wno-pointer-sign -Wformat -Wstrict-aliasing=2 -fno-strict-aliasing -Wno-disabled-optimization -Wfloat-equal -Wpointer-arith -Wbad-function-cast -Wcast-align -Wwrite-strings -fexceptions -Wno-unused-parameter -Wno-sign-compare -Wno-missing-field-initializers -Wno-implicit-fallthrough -DCHECK_FUNCTION_EXISTS=pthread_mutexattr_setpshared    -rdynamic CMakeFiles/cmTC_61b0a.dir/CheckFunctionExists.c.o  -o cmTC_61b0a 
CMakeFiles/cmTC_61b0a.dir/CheckFunctionExists.c.o: In function `main':
CheckFunctionExists.c:(.text+0x10): undefined reference to `pthread_mutexattr_setpshared'
collect2: error: ld returned 1 exit status
CMakeFiles/cmTC_61b0a.dir/build.make:97: recipe for target 'cmTC_61b0a' failed
make[1]: *** [cmTC_61b0a] Error 1
make[1]: Leaving directory '/home/tcs/server/CMakeFiles/CMakeTmp'
Makefile:126: recipe for target 'cmTC_61b0a/fast' failed
make: *** [cmTC_61b0a/fast] Error 2


Determining if the function pthread_condattr_setpshared exists failed with the following output:
Change Dir: /home/tcs/server/CMakeFiles/CMakeTmp

Run Build Command:"/usr/bin/make" "cmTC_ca266/fast"
/usr/bin/make -f CMakeFiles/cmTC_ca266.dir/build.make CMakeFiles/cmTC_ca266.dir/build
make[1]: Entering directory '/home/tcs/server/CMakeFiles/CMakeTmp'
Building C object CMakeFiles/cmTC_ca266.dir/CheckFunctionExists.c.o
/usr/bin/cc -DPACKAGE=test -D_FILE_OFFSET_BITS=64 -D_GNU_SOURCE=1 -D_LARGEFILE_SOURCE -D_LARGE_FILES -D__STDC_CONSTANT_MACROS -D__STDC_FORMAT_MACROS -D__STDC_LIMIT_MACROS  -pie -fPIC -Wl,-z,relro,-z,now -fstack-protector --param=ssp-buffer-size=4 -fPIC -Wall -Wno-unused-but-set-variable -Wno-pointer-sign -Wformat -Wstrict-aliasing=2 -fno-strict-aliasing -Wno-disabled-optimization -Wfloat-equal -Wpointer-arith -Wbad-function-cast -Wcast-align -Wwrite-strings -fexceptions -Wno-unused-parameter -Wno-sign-compare -Wno-missing-field-initializers -Wno-implicit-fallthrough -DCHECK_FUNCTION_EXISTS=pthread_condattr_setpshared   -o CMakeFiles/cmTC_ca266.dir/CheckFunctionExists.c.o   -c /usr/share/cmake-3.10/Modules/CheckFunctionExists.c
Linking C executable cmTC_ca266
/usr/bin/cmake -E cmake_link_script CMakeFiles/cmTC_ca266.dir/link.txt --verbose=1
/usr/bin/cc  -pie -fPIC -Wl,-z,relro,-z,now -fstack-protector --param=ssp-buffer-size=4 -fPIC -Wall -Wno-unused-but-set-variable -Wno-pointer-sign -Wformat -Wstrict-aliasing=2 -fno-strict-aliasing -Wno-disabled-optimization -Wfloat-equal -Wpointer-arith -Wbad-function-cast -Wcast-align -Wwrite-strings -fexceptions -Wno-unused-parameter -Wno-sign-compare -Wno-missing-field-initializers -Wno-implicit-fallthrough -DCHECK_FUNCTION_EXISTS=pthread_condattr_setpshared    -rdynamic CMakeFiles/cmTC_ca266.dir/CheckFunctionExists.c.o  -o cmTC_ca266 
CMakeFiles/cmTC_ca266.dir/CheckFunctionExists.c.o: In function `main':
CheckFunctionExists.c:(.text+0x10): undefined reference to `pthread_condattr_setpshared'
collect2: error: ld returned 1 exit status
CMakeFiles/cmTC_ca266.dir/build.make:97: recipe for target 'cmTC_ca266' failed
make[1]: *** [cmTC_ca266] Error 1
make[1]: Leaving directory '/home/tcs/server/CMakeFiles/CMakeTmp'
Makefile:126: recipe for target 'cmTC_ca266/fast' failed
make: *** [cmTC_ca266/fast] Error 2


Determining if the include file libstemmer.h exists failed with the following output:
Change Dir: /home/tcs/server/CMakeFiles/CMakeTmp

Run Build Command:"/usr/bin/make" "cmTC_6078d/fast"
/usr/bin/make -f CMakeFiles/cmTC_6078d.dir/build.make CMakeFiles/cmTC_6078d.dir/build
make[1]: Entering directory '/home/tcs/server/CMakeFiles/CMakeTmp'
Building C object CMakeFiles/cmTC_6078d.dir/CheckIncludeFile.c.o
/usr/bin/cc -DPACKAGE=test -D_FILE_OFFSET_BITS=64 -D_GNU_SOURCE=1 -D_LARGEFILE_SOURCE -D_LARGE_FILES -D__STDC_CONSTANT_MACROS -D__STDC_FORMAT_MACROS -D__STDC_LIMIT_MACROS  -pie -fPIC -Wl,-z,relro,-z,now -fstack-protector --param=ssp-buffer-size=4 -fPIC -Wall -Wno-unused-but-set-variable -Wno-pointer-sign -Wformat -Wstrict-aliasing=2 -fno-strict-aliasing -Wno-disabled-optimization -Wfloat-equal -Wpointer-arith -Wbad-function-cast -Wcast-align -Wwrite-strings -fexceptions -Wno-unused-parameter -Wno-sign-compare -Wno-missing-field-initializers -Wno-implicit-fallthrough    -o CMakeFiles/cmTC_6078d.dir/CheckIncludeFile.c.o   -c /home/tcs/server/CMakeFiles/CMakeTmp/CheckIncludeFile.c
/home/tcs/server/CMakeFiles/CMakeTmp/CheckIncludeFile.c:1:10: fatal error: libstemmer.h: No such file or directory
 #include <libstemmer.h>
          ^~~~~~~~~~~~~~
compilation terminated.
CMakeFiles/cmTC_6078d.dir/build.make:65: recipe for target 'CMakeFiles/cmTC_6078d.dir/CheckIncludeFile.c.o' failed
make[1]: *** [CMakeFiles/cmTC_6078d.dir/CheckIncludeFile.c.o] Error 1
make[1]: Leaving directory '/home/tcs/server/CMakeFiles/CMakeTmp'
Makefile:126: recipe for target 'cmTC_6078d/fast' failed
make: *** [cmTC_6078d/fast] Error 2


Determining if the function sb_stemmer_list exists in the stemmer failed with the following output:
Change Dir: /home/tcs/server/CMakeFiles/CMakeTmp

Run Build Command:"/usr/bin/make" "cmTC_51662/fast"
/usr/bin/make -f CMakeFiles/cmTC_51662.dir/build.make CMakeFiles/cmTC_51662.dir/build
make[1]: Entering directory '/home/tcs/server/CMakeFiles/CMakeTmp'
Building C object CMakeFiles/cmTC_51662.dir/CheckFunctionExists.c.o
/usr/bin/cc -DPACKAGE=test -D_FILE_OFFSET_BITS=64 -D_GNU_SOURCE=1 -D_LARGEFILE_SOURCE -D_LARGE_FILES -D__STDC_CONSTANT_MACROS -D__STDC_FORMAT_MACROS -D__STDC_LIMIT_MACROS  -pie -fPIC -Wl,-z,relro,-z,now -fstack-protector --param=ssp-buffer-size=4 -fPIC -Wall -Wno-unused-but-set-variable -Wno-pointer-sign -Wformat -Wstrict-aliasing=2 -fno-strict-aliasing -Wno-disabled-optimization -Wfloat-equal -Wpointer-arith -Wbad-function-cast -Wcast-align -Wwrite-strings -fexceptions -Wno-unused-parameter -Wno-sign-compare -Wno-missing-field-initializers -Wno-implicit-fallthrough -DCHECK_FUNCTION_EXISTS=sb_stemmer_list   -o CMakeFiles/cmTC_51662.dir/CheckFunctionExists.c.o   -c /usr/share/cmake-3.10/Modules/CheckFunctionExists.c
Linking C executable cmTC_51662
/usr/bin/cmake -E cmake_link_script CMakeFiles/cmTC_51662.dir/link.txt --verbose=1
/usr/bin/cc  -pie -fPIC -Wl,-z,relro,-z,now -fstack-protector --param=ssp-buffer-size=4 -fPIC -Wall -Wno-unused-but-set-variable -Wno-pointer-sign -Wformat -Wstrict-aliasing=2 -fno-strict-aliasing -Wno-disabled-optimization -Wfloat-equal -Wpointer-arith -Wbad-function-cast -Wcast-align -Wwrite-strings -fexceptions -Wno-unused-parameter -Wno-sign-compare -Wno-missing-field-initializers -Wno-implicit-fallthrough -DCHECK_FUNCTION_EXISTS=sb_stemmer_list    -rdynamic CMakeFiles/cmTC_51662.dir/CheckFunctionExists.c.o  -o cmTC_51662 -lstemmer 
/usr/bin/x86_64-linux-gnu-ld: cannot find -lstemmer
collect2: error: ld returned 1 exit status
CMakeFiles/cmTC_51662.dir/build.make:97: recipe for target 'cmTC_51662' failed
make[1]: *** [cmTC_51662] Error 1
make[1]: Leaving directory '/home/tcs/server/CMakeFiles/CMakeTmp'
Makefile:126: recipe for target 'cmTC_51662/fast' failed
make: *** [cmTC_51662/fast] Error 2


Determining if the function event_init exists in the event failed with the following output:
Change Dir: /home/tcs/server/CMakeFiles/CMakeTmp

Run Build Command:"/usr/bin/make" "cmTC_3a66d/fast"
/usr/bin/make -f CMakeFiles/cmTC_3a66d.dir/build.make CMakeFiles/cmTC_3a66d.dir/build
make[1]: Entering directory '/home/tcs/server/CMakeFiles/CMakeTmp'
Building C object CMakeFiles/cmTC_3a66d.dir/CheckFunctionExists.c.o
/usr/bin/cc -DPACKAGE=test -D_FILE_OFFSET_BITS=64 -D_GNU_SOURCE=1 -D_LARGEFILE_SOURCE -D_LARGE_FILES -D__STDC_CONSTANT_MACROS -D__STDC_FORMAT_MACROS -D__STDC_LIMIT_MACROS  -pie -fPIC -Wl,-z,relro,-z,now -fstack-protector --param=ssp-buffer-size=4 -fPIC -Wall -Wno-unused-but-set-variable -Wno-pointer-sign -Wformat -Wstrict-aliasing=2 -fno-strict-aliasing -Wno-disabled-optimization -Wfloat-equal -Wpointer-arith -Wbad-function-cast -Wcast-align -Wwrite-strings -fexceptions -Wno-unused-parameter -Wno-sign-compare -Wno-missing-field-initializers -Wno-implicit-fallthrough -DCHECK_FUNCTION_EXISTS=event_init   -o CMakeFiles/cmTC_3a66d.dir/CheckFunctionExists.c.o   -c /usr/share/cmake-3.10/Modules/CheckFunctionExists.c
Linking C executable cmTC_3a66d
/usr/bin/cmake -E cmake_link_script CMakeFiles/cmTC_3a66d.dir/link.txt --verbose=1
/usr/bin/cc  -pie -fPIC -Wl,-z,relro,-z,now -fstack-protector --param=ssp-buffer-size=4 -fPIC -Wall -Wno-unused-but-set-variable -Wno-pointer-sign -Wformat -Wstrict-aliasing=2 -fno-strict-aliasing -Wno-disabled-optimization -Wfloat-equal -Wpointer-arith -Wbad-function-cast -Wcast-align -Wwrite-strings -fexceptions -Wno-unused-parameter -Wno-sign-compare -Wno-missing-field-initializers -Wno-implicit-fallthrough -DCHECK_FUNCTION_EXISTS=event_init    -rdynamic CMakeFiles/cmTC_3a66d.dir/CheckFunctionExists.c.o  -o cmTC_3a66d -levent 
/usr/bin/x86_64-linux-gnu-ld: cannot find -levent
collect2: error: ld returned 1 exit status
CMakeFiles/cmTC_3a66d.dir/build.make:97: recipe for target 'cmTC_3a66d' failed
make[1]: *** [cmTC_3a66d] Error 1
make[1]: Leaving directory '/home/tcs/server/CMakeFiles/CMakeTmp'
Makefile:126: recipe for target 'cmTC_3a66d/fast' failed
make: *** [cmTC_3a66d/fast] Error 2


Determining if the function msgpack_version exists in the msgpack failed with the following output:
Change Dir: /home/tcs/server/CMakeFiles/CMakeTmp

Run Build Command:"/usr/bin/make" "cmTC_cddae/fast"
/usr/bin/make -f CMakeFiles/cmTC_cddae.dir/build.make CMakeFiles/cmTC_cddae.dir/build
make[1]: Entering directory '/home/tcs/server/CMakeFiles/CMakeTmp'
Building C object CMakeFiles/cmTC_cddae.dir/CheckFunctionExists.c.o
/usr/bin/cc -DPACKAGE=test -D_FILE_OFFSET_BITS=64 -D_GNU_SOURCE=1 -D_LARGEFILE_SOURCE -D_LARGE_FILES -D__STDC_CONSTANT_MACROS -D__STDC_FORMAT_MACROS -D__STDC_LIMIT_MACROS  -pie -fPIC -Wl,-z,relro,-z,now -fstack-protector --param=ssp-buffer-size=4 -fPIC -Wall -Wno-unused-but-set-variable -Wno-pointer-sign -Wformat -Wstrict-aliasing=2 -fno-strict-aliasing -Wno-disabled-optimization -Wfloat-equal -Wpointer-arith -Wbad-function-cast -Wcast-align -Wwrite-strings -fexceptions -Wno-unused-parameter -Wno-sign-compare -Wno-missing-field-initializers -Wno-implicit-fallthrough -DCHECK_FUNCTION_EXISTS=msgpack_version   -o CMakeFiles/cmTC_cddae.dir/CheckFunctionExists.c.o   -c /usr/share/cmake-3.10/Modules/CheckFunctionExists.c
Linking C executable cmTC_cddae
/usr/bin/cmake -E cmake_link_script CMakeFiles/cmTC_cddae.dir/link.txt --verbose=1
/usr/bin/cc  -pie -fPIC -Wl,-z,relro,-z,now -fstack-protector --param=ssp-buffer-size=4 -fPIC -Wall -Wno-unused-but-set-variable -Wno-pointer-sign -Wformat -Wstrict-aliasing=2 -fno-strict-aliasing -Wno-disabled-optimization -Wfloat-equal -Wpointer-arith -Wbad-function-cast -Wcast-align -Wwrite-strings -fexceptions -Wno-unused-parameter -Wno-sign-compare -Wno-missing-field-initializers -Wno-implicit-fallthrough -DCHECK_FUNCTION_EXISTS=msgpack_version    -rdynamic CMakeFiles/cmTC_cddae.dir/CheckFunctionExists.c.o  -o cmTC_cddae -lmsgpack 
/usr/bin/x86_64-linux-gnu-ld: cannot find -lmsgpack
collect2: error: ld returned 1 exit status
CMakeFiles/cmTC_cddae.dir/build.make:97: recipe for target 'cmTC_cddae' failed
make[1]: *** [cmTC_cddae] Error 1
make[1]: Leaving directory '/home/tcs/server/CMakeFiles/CMakeTmp'
Makefile:126: recipe for target 'cmTC_cddae/fast' failed
make: *** [cmTC_cddae/fast] Error 2


Performing C SOURCE FILE Test have_C__std_c__11 failed with the following output:
Change Dir: /home/tcs/server/CMakeFiles/CMakeTmp

Run Build Command:"/usr/bin/make" "cmTC_8efe4/fast"
/usr/bin/make -f CMakeFiles/cmTC_8efe4.dir/build.make CMakeFiles/cmTC_8efe4.dir/build
make[1]: Entering directory '/home/tcs/server/CMakeFiles/CMakeTmp'
Building C object CMakeFiles/cmTC_8efe4.dir/src.c.o
/usr/bin/cc -DPACKAGE=test -D_FILE_OFFSET_BITS=64 -D_GNU_SOURCE=1 -D_LARGEFILE_SOURCE -D_LARGE_FILES -D__STDC_CONSTANT_MACROS -D__STDC_FORMAT_MACROS -D__STDC_LIMIT_MACROS  -pie -fPIC -Wl,-z,relro,-z,now -fstack-protector --param=ssp-buffer-size=4 -fPIC -Wno-shadow -Wno-implicit-fallthrough -Dhave_C__std_c__11  -std=c++11   -o CMakeFiles/cmTC_8efe4.dir/src.c.o   -c /home/tcs/server/CMakeFiles/CMakeTmp/src.c
cc1: warning: command line option ‘-std=c++11’ is valid for C++/ObjC++ but not for C
Linking C executable cmTC_8efe4
/usr/bin/cmake -E cmake_link_script CMakeFiles/cmTC_8efe4.dir/link.txt --verbose=1
/usr/bin/cc  -pie -fPIC -Wl,-z,relro,-z,now -fstack-protector --param=ssp-buffer-size=4 -fPIC -Wno-shadow -Wno-implicit-fallthrough -Dhave_C__std_c__11  -std=c++11    -rdynamic CMakeFiles/cmTC_8efe4.dir/src.c.o  -o cmTC_8efe4 
make[1]: Leaving directory '/home/tcs/server/CMakeFiles/CMakeTmp'

Source file was:
int main(void) { return 0; }
Determining if files bits/functexcept.h exist failed with the following output:
Change Dir: /home/tcs/server/CMakeFiles/CMakeTmp

Run Build Command:"/usr/bin/make" "cmTC_f26a8/fast"
/usr/bin/make -f CMakeFiles/cmTC_f26a8.dir/build.make CMakeFiles/cmTC_f26a8.dir/build
make[1]: Entering directory '/home/tcs/server/CMakeFiles/CMakeTmp'
Building C object CMakeFiles/cmTC_f26a8.dir/CheckIncludeFiles.c.o
/usr/bin/cc -DPACKAGE=test -D_FILE_OFFSET_BITS=64 -D_GNU_SOURCE=1 -D_LARGEFILE_SOURCE -D_LARGE_FILES -D__STDC_CONSTANT_MACROS -D__STDC_FORMAT_MACROS -D__STDC_LIMIT_MACROS  -pie -fPIC -Wl,-z,relro,-z,now -fstack-protector --param=ssp-buffer-size=4 -fPIC -Wno-shadow -Wno-implicit-fallthrough -Wno-missing-field-initializers    -o CMakeFiles/cmTC_f26a8.dir/CheckIncludeFiles.c.o   -c /home/tcs/server/CMakeFiles/CMakeTmp/CheckIncludeFiles.c
/home/tcs/server/CMakeFiles/CMakeTmp/CheckIncludeFiles.c:2:10: fatal error: bits/functexcept.h: No such file or directory
 #include <bits/functexcept.h>
          ^~~~~~~~~~~~~~~~~~~~
compilation terminated.
CMakeFiles/cmTC_f26a8.dir/build.make:65: recipe for target 'CMakeFiles/cmTC_f26a8.dir/CheckIncludeFiles.c.o' failed
make[1]: *** [CMakeFiles/cmTC_f26a8.dir/CheckIncludeFiles.c.o] Error 1
make[1]: Leaving directory '/home/tcs/server/CMakeFiles/CMakeTmp'
Makefile:126: recipe for target 'cmTC_f26a8/fast' failed
make: *** [cmTC_f26a8/fast] Error 2

Source:
/* */
#include <bits/functexcept.h>


int main(void){return 0;}

Determining if files libkern/OSAtomic.h exist failed with the following output:
Change Dir: /home/tcs/server/CMakeFiles/CMakeTmp

Run Build Command:"/usr/bin/make" "cmTC_55e49/fast"
/usr/bin/make -f CMakeFiles/cmTC_55e49.dir/build.make CMakeFiles/cmTC_55e49.dir/build
make[1]: Entering directory '/home/tcs/server/CMakeFiles/CMakeTmp'
Building C object CMakeFiles/cmTC_55e49.dir/CheckIncludeFiles.c.o
/usr/bin/cc -DPACKAGE=test -D_FILE_OFFSET_BITS=64 -D_GNU_SOURCE=1 -D_LARGEFILE_SOURCE -D_LARGE_FILES -D__STDC_CONSTANT_MACROS -D__STDC_FORMAT_MACROS -D__STDC_LIMIT_MACROS  -pie -fPIC -Wl,-z,relro,-z,now -fstack-protector --param=ssp-buffer-size=4 -fPIC -Wno-shadow -Wno-implicit-fallthrough -Wno-missing-field-initializers    -o CMakeFiles/cmTC_55e49.dir/CheckIncludeFiles.c.o   -c /home/tcs/server/CMakeFiles/CMakeTmp/CheckIncludeFiles.c
/home/tcs/server/CMakeFiles/CMakeTmp/CheckIncludeFiles.c:2:10: fatal error: libkern/OSAtomic.h: No such file or directory
 #include <libkern/OSAtomic.h>
          ^~~~~~~~~~~~~~~~~~~~
compilation terminated.
CMakeFiles/cmTC_55e49.dir/build.make:65: recipe for target 'CMakeFiles/cmTC_55e49.dir/CheckIncludeFiles.c.o' failed
make[1]: *** [CMakeFiles/cmTC_55e49.dir/CheckIncludeFiles.c.o] Error 1
make[1]: Leaving directory '/home/tcs/server/CMakeFiles/CMakeTmp'
Makefile:126: recipe for target 'cmTC_55e49/fast' failed
make: *** [cmTC_55e49/fast] Error 2

Source:
/* */
#include <libkern/OSAtomic.h>


int main(void){return 0;}

Determining if files libkern/OSByteOrder.h exist failed with the following output:
Change Dir: /home/tcs/server/CMakeFiles/CMakeTmp

Run Build Command:"/usr/bin/make" "cmTC_38e73/fast"
/usr/bin/make -f CMakeFiles/cmTC_38e73.dir/build.make CMakeFiles/cmTC_38e73.dir/build
make[1]: Entering directory '/home/tcs/server/CMakeFiles/CMakeTmp'
Building C object CMakeFiles/cmTC_38e73.dir/CheckIncludeFiles.c.o
/usr/bin/cc -DPACKAGE=test -D_FILE_OFFSET_BITS=64 -D_GNU_SOURCE=1 -D_LARGEFILE_SOURCE -D_LARGE_FILES -D__STDC_CONSTANT_MACROS -D__STDC_FORMAT_MACROS -D__STDC_LIMIT_MACROS  -pie -fPIC -Wl,-z,relro,-z,now -fstack-protector --param=ssp-buffer-size=4 -fPIC -Wno-shadow -Wno-implicit-fallthrough -Wno-missing-field-initializers    -o CMakeFiles/cmTC_38e73.dir/CheckIncludeFiles.c.o   -c /home/tcs/server/CMakeFiles/CMakeTmp/CheckIncludeFiles.c
/home/tcs/server/CMakeFiles/CMakeTmp/CheckIncludeFiles.c:2:10: fatal error: libkern/OSByteOrder.h: No such file or directory
 #include <libkern/OSByteOrder.h>
          ^~~~~~~~~~~~~~~~~~~~~~~
compilation terminated.
CMakeFiles/cmTC_38e73.dir/build.make:65: recipe for target 'CMakeFiles/cmTC_38e73.dir/CheckIncludeFiles.c.o' failed
make[1]: *** [CMakeFiles/cmTC_38e73.dir/CheckIncludeFiles.c.o] Error 1
make[1]: Leaving directory '/home/tcs/server/CMakeFiles/CMakeTmp'
Makefile:126: recipe for target 'cmTC_38e73/fast' failed
make: *** [cmTC_38e73/fast] Error 2

Source:
/* */
#include <libkern/OSByteOrder.h>


int main(void){return 0;}

Determining if files machine/endian.h exist failed with the following output:
Change Dir: /home/tcs/server/CMakeFiles/CMakeTmp

Run Build Command:"/usr/bin/make" "cmTC_a7372/fast"
/usr/bin/make -f CMakeFiles/cmTC_a7372.dir/build.make CMakeFiles/cmTC_a7372.dir/build
make[1]: Entering directory '/home/tcs/server/CMakeFiles/CMakeTmp'
Building C object CMakeFiles/cmTC_a7372.dir/CheckIncludeFiles.c.o
/usr/bin/cc -DPACKAGE=test -D_FILE_OFFSET_BITS=64 -D_GNU_SOURCE=1 -D_LARGEFILE_SOURCE -D_LARGE_FILES -D__STDC_CONSTANT_MACROS -D__STDC_FORMAT_MACROS -D__STDC_LIMIT_MACROS  -pie -fPIC -Wl,-z,relro,-z,now -fstack-protector --param=ssp-buffer-size=4 -fPIC -Wno-shadow -Wno-implicit-fallthrough -Wno-missing-field-initializers    -o CMakeFiles/cmTC_a7372.dir/CheckIncludeFiles.c.o   -c /home/tcs/server/CMakeFiles/CMakeTmp/CheckIncludeFiles.c
/home/tcs/server/CMakeFiles/CMakeTmp/CheckIncludeFiles.c:2:10: fatal error: machine/endian.h: No such file or directory
 #include <machine/endian.h>
          ^~~~~~~~~~~~~~~~~~
compilation terminated.
CMakeFiles/cmTC_a7372.dir/build.make:65: recipe for target 'CMakeFiles/cmTC_a7372.dir/CheckIncludeFiles.c.o' failed
make[1]: *** [CMakeFiles/cmTC_a7372.dir/CheckIncludeFiles.c.o] Error 1
make[1]: Leaving directory '/home/tcs/server/CMakeFiles/CMakeTmp'
Makefile:126: recipe for target 'cmTC_a7372/fast' failed
make: *** [cmTC_a7372/fast] Error 2

Source:
/* */
#include <machine/endian.h>


int main(void){return 0;}

Determining if files malloc/malloc.h exist failed with the following output:
Change Dir: /home/tcs/server/CMakeFiles/CMakeTmp

Run Build Command:"/usr/bin/make" "cmTC_fb558/fast"
/usr/bin/make -f CMakeFiles/cmTC_fb558.dir/build.make CMakeFiles/cmTC_fb558.dir/build
make[1]: Entering directory '/home/tcs/server/CMakeFiles/CMakeTmp'
Building C object CMakeFiles/cmTC_fb558.dir/CheckIncludeFiles.c.o
/usr/bin/cc -DPACKAGE=test -D_FILE_OFFSET_BITS=64 -D_GNU_SOURCE=1 -D_LARGEFILE_SOURCE -D_LARGE_FILES -D__STDC_CONSTANT_MACROS -D__STDC_FORMAT_MACROS -D__STDC_LIMIT_MACROS  -pie -fPIC -Wl,-z,relro,-z,now -fstack-protector --param=ssp-buffer-size=4 -fPIC -Wno-shadow -Wno-implicit-fallthrough -Wno-missing-field-initializers    -o CMakeFiles/cmTC_fb558.dir/CheckIncludeFiles.c.o   -c /home/tcs/server/CMakeFiles/CMakeTmp/CheckIncludeFiles.c
/home/tcs/server/CMakeFiles/CMakeTmp/CheckIncludeFiles.c:2:10: fatal error: malloc/malloc.h: No such file or directory
 #include <malloc/malloc.h>
          ^~~~~~~~~~~~~~~~~
compilation terminated.
CMakeFiles/cmTC_fb558.dir/build.make:65: recipe for target 'CMakeFiles/cmTC_fb558.dir/CheckIncludeFiles.c.o' failed
make[1]: *** [CMakeFiles/cmTC_fb558.dir/CheckIncludeFiles.c.o] Error 1
make[1]: Leaving directory '/home/tcs/server/CMakeFiles/CMakeTmp'
Makefile:126: recipe for target 'cmTC_fb558/fast' failed
make: *** [cmTC_fb558/fast] Error 2

Source:
/* */
#include <malloc/malloc.h>


int main(void){return 0;}

Determining if files malloc_np.h exist failed with the following output:
Change Dir: /home/tcs/server/CMakeFiles/CMakeTmp

Run Build Command:"/usr/bin/make" "cmTC_fc8dd/fast"
/usr/bin/make -f CMakeFiles/cmTC_fc8dd.dir/build.make CMakeFiles/cmTC_fc8dd.dir/build
make[1]: Entering directory '/home/tcs/server/CMakeFiles/CMakeTmp'
Building C object CMakeFiles/cmTC_fc8dd.dir/CheckIncludeFiles.c.o
/usr/bin/cc -DPACKAGE=test -D_FILE_OFFSET_BITS=64 -D_GNU_SOURCE=1 -D_LARGEFILE_SOURCE -D_LARGE_FILES -D__STDC_CONSTANT_MACROS -D__STDC_FORMAT_MACROS -D__STDC_LIMIT_MACROS  -pie -fPIC -Wl,-z,relro,-z,now -fstack-protector --param=ssp-buffer-size=4 -fPIC -Wno-shadow -Wno-implicit-fallthrough -Wno-missing-field-initializers    -o CMakeFiles/cmTC_fc8dd.dir/CheckIncludeFiles.c.o   -c /home/tcs/server/CMakeFiles/CMakeTmp/CheckIncludeFiles.c
/home/tcs/server/CMakeFiles/CMakeTmp/CheckIncludeFiles.c:2:10: fatal error: malloc_np.h: No such file or directory
 #include <malloc_np.h>
          ^~~~~~~~~~~~~
compilation terminated.
CMakeFiles/cmTC_fc8dd.dir/build.make:65: recipe for target 'CMakeFiles/cmTC_fc8dd.dir/CheckIncludeFiles.c.o' failed
make[1]: *** [CMakeFiles/cmTC_fc8dd.dir/CheckIncludeFiles.c.o] Error 1
make[1]: Leaving directory '/home/tcs/server/CMakeFiles/CMakeTmp'
Makefile:126: recipe for target 'cmTC_fc8dd/fast' failed
make: *** [cmTC_fc8dd/fast] Error 2

Source:
/* */
#include <malloc_np.h>


int main(void){return 0;}

Determining if files pthread_np.h exist failed with the following output:
Change Dir: /home/tcs/server/CMakeFiles/CMakeTmp

Run Build Command:"/usr/bin/make" "cmTC_0a1b1/fast"
/usr/bin/make -f CMakeFiles/cmTC_0a1b1.dir/build.make CMakeFiles/cmTC_0a1b1.dir/build
make[1]: Entering directory '/home/tcs/server/CMakeFiles/CMakeTmp'
Building C object CMakeFiles/cmTC_0a1b1.dir/CheckIncludeFiles.c.o
/usr/bin/cc -DPACKAGE=test -D_FILE_OFFSET_BITS=64 -D_GNU_SOURCE=1 -D_LARGEFILE_SOURCE -D_LARGE_FILES -D__STDC_CONSTANT_MACROS -D__STDC_FORMAT_MACROS -D__STDC_LIMIT_MACROS  -pie -fPIC -Wl,-z,relro,-z,now -fstack-protector --param=ssp-buffer-size=4 -fPIC -Wno-shadow -Wno-implicit-fallthrough -Wno-missing-field-initializers    -o CMakeFiles/cmTC_0a1b1.dir/CheckIncludeFiles.c.o   -c /home/tcs/server/CMakeFiles/CMakeTmp/CheckIncludeFiles.c
/home/tcs/server/CMakeFiles/CMakeTmp/CheckIncludeFiles.c:2:10: fatal error: pthread_np.h: No such file or directory
 #include <pthread_np.h>
          ^~~~~~~~~~~~~~
compilation terminated.
CMakeFiles/cmTC_0a1b1.dir/build.make:65: recipe for target 'CMakeFiles/cmTC_0a1b1.dir/CheckIncludeFiles.c.o' failed
make[1]: *** [CMakeFiles/cmTC_0a1b1.dir/CheckIncludeFiles.c.o] Error 1
make[1]: Leaving directory '/home/tcs/server/CMakeFiles/CMakeTmp'
Makefile:126: recipe for target 'cmTC_0a1b1/fast' failed
make: *** [cmTC_0a1b1/fast] Error 2

Source:
/* */
#include <pthread_np.h>


int main(void){return 0;}

Determining if files sys/endian.h exist failed with the following output:
Change Dir: /home/tcs/server/CMakeFiles/CMakeTmp

Run Build Command:"/usr/bin/make" "cmTC_6aba3/fast"
/usr/bin/make -f CMakeFiles/cmTC_6aba3.dir/build.make CMakeFiles/cmTC_6aba3.dir/build
make[1]: Entering directory '/home/tcs/server/CMakeFiles/CMakeTmp'
Building C object CMakeFiles/cmTC_6aba3.dir/CheckIncludeFiles.c.o
/usr/bin/cc -DPACKAGE=test -D_FILE_OFFSET_BITS=64 -D_GNU_SOURCE=1 -D_LARGEFILE_SOURCE -D_LARGE_FILES -D__STDC_CONSTANT_MACROS -D__STDC_FORMAT_MACROS -D__STDC_LIMIT_MACROS  -pie -fPIC -Wl,-z,relro,-z,now -fstack-protector --param=ssp-buffer-size=4 -fPIC -Wno-shadow -Wno-implicit-fallthrough -Wno-missing-field-initializers    -o CMakeFiles/cmTC_6aba3.dir/CheckIncludeFiles.c.o   -c /home/tcs/server/CMakeFiles/CMakeTmp/CheckIncludeFiles.c
/home/tcs/server/CMakeFiles/CMakeTmp/CheckIncludeFiles.c:2:10: fatal error: sys/endian.h: No such file or directory
 #include <sys/endian.h>
          ^~~~~~~~~~~~~~
compilation terminated.
CMakeFiles/cmTC_6aba3.dir/build.make:65: recipe for target 'CMakeFiles/cmTC_6aba3.dir/CheckIncludeFiles.c.o' failed
make[1]: *** [CMakeFiles/cmTC_6aba3.dir/CheckIncludeFiles.c.o] Error 1
make[1]: Leaving directory '/home/tcs/server/CMakeFiles/CMakeTmp'
Makefile:126: recipe for target 'cmTC_6aba3/fast' failed
make: *** [cmTC_6aba3/fast] Error 2

Source:
/* */
#include <sys/endian.h>


int main(void){return 0;}

Determining if files sys/syslimits.h exist failed with the following output:
Change Dir: /home/tcs/server/CMakeFiles/CMakeTmp

Run Build Command:"/usr/bin/make" "cmTC_c310c/fast"
/usr/bin/make -f CMakeFiles/cmTC_c310c.dir/build.make CMakeFiles/cmTC_c310c.dir/build
make[1]: Entering directory '/home/tcs/server/CMakeFiles/CMakeTmp'
Building C object CMakeFiles/cmTC_c310c.dir/CheckIncludeFiles.c.o
/usr/bin/cc -DPACKAGE=test -D_FILE_OFFSET_BITS=64 -D_GNU_SOURCE=1 -D_LARGEFILE_SOURCE -D_LARGE_FILES -D__STDC_CONSTANT_MACROS -D__STDC_FORMAT_MACROS -D__STDC_LIMIT_MACROS  -pie -fPIC -Wl,-z,relro,-z,now -fstack-protector --param=ssp-buffer-size=4 -fPIC -Wno-shadow -Wno-implicit-fallthrough -Wno-missing-field-initializers    -o CMakeFiles/cmTC_c310c.dir/CheckIncludeFiles.c.o   -c /home/tcs/server/CMakeFiles/CMakeTmp/CheckIncludeFiles.c
/home/tcs/server/CMakeFiles/CMakeTmp/CheckIncludeFiles.c:2:10: fatal error: sys/syslimits.h: No such file or directory
 #include <sys/syslimits.h>
          ^~~~~~~~~~~~~~~~~
compilation terminated.
CMakeFiles/cmTC_c310c.dir/build.make:65: recipe for target 'CMakeFiles/cmTC_c310c.dir/CheckIncludeFiles.c.o' failed
make[1]: *** [CMakeFiles/cmTC_c310c.dir/CheckIncludeFiles.c.o] Error 1
make[1]: Leaving directory '/home/tcs/server/CMakeFiles/CMakeTmp'
Makefile:126: recipe for target 'cmTC_c310c/fast' failed
make: *** [cmTC_c310c/fast] Error 2

Source:
/* */
#include <sys/syslimits.h>


int main(void){return 0;}

Determining if the F_NOCACHE exist failed with the following output:
Change Dir: /home/tcs/server/CMakeFiles/CMakeTmp

Run Build Command:"/usr/bin/make" "cmTC_115bb/fast"
/usr/bin/make -f CMakeFiles/cmTC_115bb.dir/build.make CMakeFiles/cmTC_115bb.dir/build
make[1]: Entering directory '/home/tcs/server/CMakeFiles/CMakeTmp'
Building C object CMakeFiles/cmTC_115bb.dir/CheckSymbolExists.c.o
/usr/bin/cc -D_GNU_SOURCE  -pie -fPIC -Wl,-z,relro,-z,now -fstack-protector --param=ssp-buffer-size=4 -fPIC -Wno-shadow -Wno-implicit-fallthrough -Wno-missing-field-initializers    -o CMakeFiles/cmTC_115bb.dir/CheckSymbolExists.c.o   -c /home/tcs/server/CMakeFiles/CMakeTmp/CheckSymbolExists.c
/home/tcs/server/CMakeFiles/CMakeTmp/CheckSymbolExists.c: In function ‘main’:
/home/tcs/server/CMakeFiles/CMakeTmp/CheckSymbolExists.c:8:19: error: ‘F_NOCACHE’ undeclared (first use in this function)
   return ((int*)(&F_NOCACHE))[argc];
                   ^~~~~~~~~
/home/tcs/server/CMakeFiles/CMakeTmp/CheckSymbolExists.c:8:19: note: each undeclared identifier is reported only once for each function it appears in
CMakeFiles/cmTC_115bb.dir/build.make:65: recipe for target 'CMakeFiles/cmTC_115bb.dir/CheckSymbolExists.c.o' failed
make[1]: *** [CMakeFiles/cmTC_115bb.dir/CheckSymbolExists.c.o] Error 1
make[1]: Leaving directory '/home/tcs/server/CMakeFiles/CMakeTmp'
Makefile:126: recipe for target 'cmTC_115bb/fast' failed
make: *** [cmTC_115bb/fast] Error 2

File /home/tcs/server/CMakeFiles/CMakeTmp/CheckSymbolExists.c:
/* */
#include <fcntl.h>

int main(int argc, char** argv)
{
  (void)argv;
#ifndef F_NOCACHE
  return ((int*)(&F_NOCACHE))[argc];
#else
  (void)argc;
  return 0;
#endif
}

Determining if the function malloc_size exists failed with the following output:
Change Dir: /home/tcs/server/CMakeFiles/CMakeTmp

Run Build Command:"/usr/bin/make" "cmTC_41961/fast"
/usr/bin/make -f CMakeFiles/cmTC_41961.dir/build.make CMakeFiles/cmTC_41961.dir/build
make[1]: Entering directory '/home/tcs/server/CMakeFiles/CMakeTmp'
Building C object CMakeFiles/cmTC_41961.dir/CheckFunctionExists.c.o
/usr/bin/cc -D_GNU_SOURCE  -pie -fPIC -Wl,-z,relro,-z,now -fstack-protector --param=ssp-buffer-size=4 -fPIC -Wno-shadow -Wno-implicit-fallthrough -Wno-missing-field-initializers -DCHECK_FUNCTION_EXISTS=malloc_size   -o CMakeFiles/cmTC_41961.dir/CheckFunctionExists.c.o   -c /usr/share/cmake-3.10/Modules/CheckFunctionExists.c
Linking C executable cmTC_41961
/usr/bin/cmake -E cmake_link_script CMakeFiles/cmTC_41961.dir/link.txt --verbose=1
/usr/bin/cc  -pie -fPIC -Wl,-z,relro,-z,now -fstack-protector --param=ssp-buffer-size=4 -fPIC -Wno-shadow -Wno-implicit-fallthrough -Wno-missing-field-initializers -DCHECK_FUNCTION_EXISTS=malloc_size    -rdynamic CMakeFiles/cmTC_41961.dir/CheckFunctionExists.c.o  -o cmTC_41961 
CMakeFiles/cmTC_41961.dir/CheckFunctionExists.c.o: In function `main':
CheckFunctionExists.c:(.text+0x10): undefined reference to `malloc_size'
collect2: error: ld returned 1 exit status
CMakeFiles/cmTC_41961.dir/build.make:97: recipe for target 'cmTC_41961' failed
make[1]: *** [cmTC_41961] Error 1
make[1]: Leaving directory '/home/tcs/server/CMakeFiles/CMakeTmp'
Makefile:126: recipe for target 'cmTC_41961/fast' failed
make: *** [cmTC_41961/fast] Error 2


Determining if the function dlsym exists failed with the following output:
Change Dir: /home/tcs/server/CMakeFiles/CMakeTmp

Run Build Command:"/usr/bin/make" "cmTC_5abc2/fast"
/usr/bin/make -f CMakeFiles/cmTC_5abc2.dir/build.make CMakeFiles/cmTC_5abc2.dir/build
make[1]: Entering directory '/home/tcs/server/CMakeFiles/CMakeTmp'
Building C object CMakeFiles/cmTC_5abc2.dir/CheckFunctionExists.c.o
/usr/bin/cc -D_GNU_SOURCE  -pie -fPIC -Wl,-z,relro,-z,now -fstack-protector --param=ssp-buffer-size=4 -fPIC -Wno-shadow -Wno-implicit-fallthrough -Wno-missing-field-initializers -DCHECK_FUNCTION_EXISTS=dlsym   -o CMakeFiles/cmTC_5abc2.dir/CheckFunctionExists.c.o   -c /usr/share/cmake-3.10/Modules/CheckFunctionExists.c
Linking C executable cmTC_5abc2
/usr/bin/cmake -E cmake_link_script CMakeFiles/cmTC_5abc2.dir/link.txt --verbose=1
/usr/bin/cc  -pie -fPIC -Wl,-z,relro,-z,now -fstack-protector --param=ssp-buffer-size=4 -fPIC -Wno-shadow -Wno-implicit-fallthrough -Wno-missing-field-initializers -DCHECK_FUNCTION_EXISTS=dlsym    -rdynamic CMakeFiles/cmTC_5abc2.dir/CheckFunctionExists.c.o  -o cmTC_5abc2 
CMakeFiles/cmTC_5abc2.dir/CheckFunctionExists.c.o: In function `main':
CheckFunctionExists.c:(.text+0x10): undefined reference to `dlsym'
collect2: error: ld returned 1 exit status
CMakeFiles/cmTC_5abc2.dir/build.make:97: recipe for target 'cmTC_5abc2' failed
make[1]: *** [cmTC_5abc2] Error 1
make[1]: Leaving directory '/home/tcs/server/CMakeFiles/CMakeTmp'
Makefile:126: recipe for target 'cmTC_5abc2/fast' failed
make: *** [cmTC_5abc2/fast] Error 2


Determining if the function pthread_threadid_np exists failed with the following output:
Change Dir: /home/tcs/server/CMakeFiles/CMakeTmp

Run Build Command:"/usr/bin/make" "cmTC_5efbf/fast"
/usr/bin/make -f CMakeFiles/cmTC_5efbf.dir/build.make CMakeFiles/cmTC_5efbf.dir/build
make[1]: Entering directory '/home/tcs/server/CMakeFiles/CMakeTmp'
Building C object CMakeFiles/cmTC_5efbf.dir/CheckFunctionExists.c.o
/usr/bin/cc -D_GNU_SOURCE  -pie -fPIC -Wl,-z,relro,-z,now -fstack-protector --param=ssp-buffer-size=4 -fPIC -Wno-shadow -Wno-implicit-fallthrough -Wno-missing-field-initializers -DCHECK_FUNCTION_EXISTS=pthread_threadid_np   -o CMakeFiles/cmTC_5efbf.dir/CheckFunctionExists.c.o   -c /usr/share/cmake-3.10/Modules/CheckFunctionExists.c
Linking C executable cmTC_5efbf
/usr/bin/cmake -E cmake_link_script CMakeFiles/cmTC_5efbf.dir/link.txt --verbose=1
/usr/bin/cc  -pie -fPIC -Wl,-z,relro,-z,now -fstack-protector --param=ssp-buffer-size=4 -fPIC -Wno-shadow -Wno-implicit-fallthrough -Wno-missing-field-initializers -DCHECK_FUNCTION_EXISTS=pthread_threadid_np    -rdynamic CMakeFiles/cmTC_5efbf.dir/CheckFunctionExists.c.o  -o cmTC_5efbf -lpthread 
CMakeFiles/cmTC_5efbf.dir/CheckFunctionExists.c.o: In function `main':
CheckFunctionExists.c:(.text+0x10): undefined reference to `pthread_threadid_np'
collect2: error: ld returned 1 exit status
CMakeFiles/cmTC_5efbf.dir/build.make:97: recipe for target 'cmTC_5efbf' failed
make[1]: *** [cmTC_5efbf] Error 1
make[1]: Leaving directory '/home/tcs/server/CMakeFiles/CMakeTmp'
Makefile:126: recipe for target 'cmTC_5efbf/fast' failed
make: *** [cmTC_5efbf/fast] Error 2


Determining if the function pthread_getthreadid_np exists failed with the following output:
Change Dir: /home/tcs/server/CMakeFiles/CMakeTmp

Run Build Command:"/usr/bin/make" "cmTC_ab2d9/fast"
/usr/bin/make -f CMakeFiles/cmTC_ab2d9.dir/build.make CMakeFiles/cmTC_ab2d9.dir/build
make[1]: Entering directory '/home/tcs/server/CMakeFiles/CMakeTmp'
Building C object CMakeFiles/cmTC_ab2d9.dir/CheckFunctionExists.c.o
/usr/bin/cc -D_GNU_SOURCE  -pie -fPIC -Wl,-z,relro,-z,now -fstack-protector --param=ssp-buffer-size=4 -fPIC -Wno-shadow -Wno-implicit-fallthrough -Wno-missing-field-initializers -DCHECK_FUNCTION_EXISTS=pthread_getthreadid_np   -o CMakeFiles/cmTC_ab2d9.dir/CheckFunctionExists.c.o   -c /usr/share/cmake-3.10/Modules/CheckFunctionExists.c
Linking C executable cmTC_ab2d9
/usr/bin/cmake -E cmake_link_script CMakeFiles/cmTC_ab2d9.dir/link.txt --verbose=1
/usr/bin/cc  -pie -fPIC -Wl,-z,relro,-z,now -fstack-protector --param=ssp-buffer-size=4 -fPIC -Wno-shadow -Wno-implicit-fallthrough -Wno-missing-field-initializers -DCHECK_FUNCTION_EXISTS=pthread_getthreadid_np    -rdynamic CMakeFiles/cmTC_ab2d9.dir/CheckFunctionExists.c.o  -o cmTC_ab2d9 -lpthread 
CMakeFiles/cmTC_ab2d9.dir/CheckFunctionExists.c.o: In function `main':
CheckFunctionExists.c:(.text+0x10): undefined reference to `pthread_getthreadid_np'
collect2: error: ld returned 1 exit status
CMakeFiles/cmTC_ab2d9.dir/build.make:97: recipe for target 'cmTC_ab2d9' failed
make[1]: *** [cmTC_ab2d9] Error 1
make[1]: Leaving directory '/home/tcs/server/CMakeFiles/CMakeTmp'
Makefile:126: recipe for target 'cmTC_ab2d9/fast' failed
make: *** [cmTC_ab2d9/fast] Error 2


Determining if the prototype pthread_yield exists for PTHREAD_YIELD_RETURNS_VOID failed with the following output:
Change Dir: /home/tcs/server/CMakeFiles/CMakeTmp

Run Build Command:"/usr/bin/make" "cmTC_0ea50/fast"
/usr/bin/make -f CMakeFiles/cmTC_0ea50.dir/build.make CMakeFiles/cmTC_0ea50.dir/build
make[1]: Entering directory '/home/tcs/server/CMakeFiles/CMakeTmp'
Building C object CMakeFiles/cmTC_0ea50.dir/CheckPrototypeDefinition.c.o
/usr/bin/cc -D_GNU_SOURCE  -pie -fPIC -Wl,-z,relro,-z,now -fstack-protector --param=ssp-buffer-size=4 -fPIC -Wno-shadow -Wno-implicit-fallthrough -Wno-missing-field-initializers    -o CMakeFiles/cmTC_0ea50.dir/CheckPrototypeDefinition.c.o   -c /home/tcs/server/CMakeFiles/CMakeTmp/CheckPrototypeDefinition.c
/home/tcs/server/CMakeFiles/CMakeTmp/CheckPrototypeDefinition.c:14:6: error: conflicting types for ‘pthread_yield’
 void pthread_yield(void) {
      ^~~~~~~~~~~~~
In file included from /home/tcs/server/CMakeFiles/CMakeTmp/CheckPrototypeDefinition.c:1:0:
/usr/include/pthread.h:470:12: note: previous declaration of ‘pthread_yield’ was here
 extern int pthread_yield (void) __THROW;
            ^~~~~~~~~~~~~
CMakeFiles/cmTC_0ea50.dir/build.make:65: recipe for target 'CMakeFiles/cmTC_0ea50.dir/CheckPrototypeDefinition.c.o' failed
make[1]: *** [CMakeFiles/cmTC_0ea50.dir/CheckPrototypeDefinition.c.o] Error 1
make[1]: Leaving directory '/home/tcs/server/CMakeFiles/CMakeTmp'
Makefile:126: recipe for target 'cmTC_0ea50/fast' failed
make: *** [cmTC_0ea50/fast] Error 2


#include <pthread.h>


static void cmakeRequireSymbol(int dummy, ...) {
  (void) dummy;
}

static void checkSymbol(void) {
#ifndef pthread_yield
  cmakeRequireSymbol(0, &pthread_yield);
#endif
}

void pthread_yield(void) {
  return (void)0;
}

#ifdef __CLASSIC_C__
int main() {
  int ac;
  char*av[];
#else
int main(int ac, char *av[]) {
#endif
  checkSymbol();
  if (ac > 1000) {
    return *av[0];
  }
  return 0;
}


Performing C SOURCE FILE Test have_C__Wstrict_null_sentinel failed with the following output:
Change Dir: /home/tcs/server/CMakeFiles/CMakeTmp

Run Build Command:"/usr/bin/make" "cmTC_5c02b/fast"
/usr/bin/make -f CMakeFiles/cmTC_5c02b.dir/build.make CMakeFiles/cmTC_5c02b.dir/build
make[1]: Entering directory '/home/tcs/server/CMakeFiles/CMakeTmp'
Building C object CMakeFiles/cmTC_5c02b.dir/src.c.o
/usr/bin/cc -D_GNU_SOURCE  -pie -fPIC -Wl,-z,relro,-z,now -fstack-protector --param=ssp-buffer-size=4 -fPIC -Wno-shadow -Wno-implicit-fallthrough -Wno-missing-field-initializers -Wno-missing-field-initializers -Dhave_C__Wstrict_null_sentinel  -Wstrict-null-sentinel   -o CMakeFiles/cmTC_5c02b.dir/src.c.o   -c /home/tcs/server/CMakeFiles/CMakeTmp/src.c
cc1: warning: command line option ‘-Wstrict-null-sentinel’ is valid for C++/ObjC++ but not for C
Linking C executable cmTC_5c02b
/usr/bin/cmake -E cmake_link_script CMakeFiles/cmTC_5c02b.dir/link.txt --verbose=1
/usr/bin/cc  -pie -fPIC -Wl,-z,relro,-z,now -fstack-protector --param=ssp-buffer-size=4 -fPIC -Wno-shadow -Wno-implicit-fallthrough -Wno-missing-field-initializers -Wno-missing-field-initializers -Dhave_C__Wstrict_null_sentinel  -Wstrict-null-sentinel    -rdynamic CMakeFiles/cmTC_5c02b.dir/src.c.o  -o cmTC_5c02b -lpthread 
make[1]: Leaving directory '/home/tcs/server/CMakeFiles/CMakeTmp'

Source file was:
int main(void) { return 0; }
Performing C SOURCE FILE Test have_C__Werror_address_of_array_temporary failed with the following output:
Change Dir: /home/tcs/server/CMakeFiles/CMakeTmp

Run Build Command:"/usr/bin/make" "cmTC_3fcfb/fast"
/usr/bin/make -f CMakeFiles/cmTC_3fcfb.dir/build.make CMakeFiles/cmTC_3fcfb.dir/build
make[1]: Entering directory '/home/tcs/server/CMakeFiles/CMakeTmp'
Building C object CMakeFiles/cmTC_3fcfb.dir/src.c.o
/usr/bin/cc -D_GNU_SOURCE  -pie -fPIC -Wl,-z,relro,-z,now -fstack-protector --param=ssp-buffer-size=4 -fPIC -Wno-shadow -Wno-implicit-fallthrough -Wno-missing-field-initializers -Wno-missing-field-initializers -Winit-self -Wswitch -Wtrampolines -Wlogical-op -Wno-error=missing-format-attribute -Dhave_C__Werror_address_of_array_temporary  -Werror=address-of-array-temporary   -o CMakeFiles/cmTC_3fcfb.dir/src.c.o   -c /home/tcs/server/CMakeFiles/CMakeTmp/src.c
cc1: error: -Werror=address-of-array-temporary: no option -Waddress-of-array-temporary
CMakeFiles/cmTC_3fcfb.dir/build.make:65: recipe for target 'CMakeFiles/cmTC_3fcfb.dir/src.c.o' failed
make[1]: *** [CMakeFiles/cmTC_3fcfb.dir/src.c.o] Error 1
make[1]: Leaving directory '/home/tcs/server/CMakeFiles/CMakeTmp'
Makefile:126: recipe for target 'cmTC_3fcfb/fast' failed
make: *** [cmTC_3fcfb/fast] Error 2

Source file was:
int main(void) { return 0; }
Performing C++ SOURCE FILE Test have_CXX__Werror_address_of_array_temporary failed with the following output:
Change Dir: /home/tcs/server/CMakeFiles/CMakeTmp

Run Build Command:"/usr/bin/make" "cmTC_14277/fast"
/usr/bin/make -f CMakeFiles/cmTC_14277.dir/build.make CMakeFiles/cmTC_14277.dir/build
make[1]: Entering directory '/home/tcs/server/CMakeFiles/CMakeTmp'
Building CXX object CMakeFiles/cmTC_14277.dir/src.cxx.o
/usr/bin/c++  -D_GNU_SOURCE  -pie -fPIC -Wl,-z,relro,-z,now -fstack-protector --param=ssp-buffer-size=4 -fPIC -fno-rtti -Wno-shadow -Wno-implicit-fallthrough -std=c++11 -Wno-missing-field-initializers -Wno-missing-field-initializers -Wstrict-null-sentinel -Winit-self -Wswitch -Wtrampolines -Wlogical-op -Wno-error=missing-format-attribute -Dhave_CXX__Werror_address_of_array_temporary  -Werror=address-of-array-temporary   -o CMakeFiles/cmTC_14277.dir/src.cxx.o -c /home/tcs/server/CMakeFiles/CMakeTmp/src.cxx
cc1plus: error: -Werror=address-of-array-temporary: no option -Waddress-of-array-temporary
CMakeFiles/cmTC_14277.dir/build.make:65: recipe for target 'CMakeFiles/cmTC_14277.dir/src.cxx.o' failed
make[1]: *** [CMakeFiles/cmTC_14277.dir/src.cxx.o] Error 1
make[1]: Leaving directory '/home/tcs/server/CMakeFiles/CMakeTmp'
Makefile:126: recipe for target 'cmTC_14277/fast' failed
make: *** [cmTC_14277/fast] Error 2

Source file was:
int main(void) { return 0; }
Performing C SOURCE FILE Test have_C__Werror_tautological_constant_out_of_range_compare failed with the following output:
Change Dir: /home/tcs/server/CMakeFiles/CMakeTmp

Run Build Command:"/usr/bin/make" "cmTC_46665/fast"
/usr/bin/make -f CMakeFiles/cmTC_46665.dir/build.make CMakeFiles/cmTC_46665.dir/build
make[1]: Entering directory '/home/tcs/server/CMakeFiles/CMakeTmp'
Building C object CMakeFiles/cmTC_46665.dir/src.c.o
/usr/bin/cc -D_GNU_SOURCE  -pie -fPIC -Wl,-z,relro,-z,now -fstack-protector --param=ssp-buffer-size=4 -fPIC -Wno-shadow -Wno-implicit-fallthrough -Wno-missing-field-initializers -Wno-missing-field-initializers -Winit-self -Wswitch -Wtrampolines -Wlogical-op -Wno-error=missing-format-attribute -Dhave_C__Werror_tautological_constant_out_of_range_compare  -Werror=tautological-constant-out-of-range-compare   -o CMakeFiles/cmTC_46665.dir/src.c.o   -c /home/tcs/server/CMakeFiles/CMakeTmp/src.c
cc1: error: -Werror=tautological-constant-out-of-range-compare: no option -Wtautological-constant-out-of-range-compare
CMakeFiles/cmTC_46665.dir/build.make:65: recipe for target 'CMakeFiles/cmTC_46665.dir/src.c.o' failed
make[1]: *** [CMakeFiles/cmTC_46665.dir/src.c.o] Error 1
make[1]: Leaving directory '/home/tcs/server/CMakeFiles/CMakeTmp'
Makefile:126: recipe for target 'cmTC_46665/fast' failed
make: *** [cmTC_46665/fast] Error 2

Source file was:
int main(void) { return 0; }
Performing C++ SOURCE FILE Test have_CXX__Werror_tautological_constant_out_of_range_compare failed with the following output:
Change Dir: /home/tcs/server/CMakeFiles/CMakeTmp

Run Build Command:"/usr/bin/make" "cmTC_71f59/fast"
/usr/bin/make -f CMakeFiles/cmTC_71f59.dir/build.make CMakeFiles/cmTC_71f59.dir/build
make[1]: Entering directory '/home/tcs/server/CMakeFiles/CMakeTmp'
Building CXX object CMakeFiles/cmTC_71f59.dir/src.cxx.o
/usr/bin/c++  -D_GNU_SOURCE  -pie -fPIC -Wl,-z,relro,-z,now -fstack-protector --param=ssp-buffer-size=4 -fPIC -fno-rtti -Wno-shadow -Wno-implicit-fallthrough -std=c++11 -Wno-missing-field-initializers -Wno-missing-field-initializers -Wstrict-null-sentinel -Winit-self -Wswitch -Wtrampolines -Wlogical-op -Wno-error=missing-format-attribute -Dhave_CXX__Werror_tautological_constant_out_of_range_compare  -Werror=tautological-constant-out-of-range-compare   -o CMakeFiles/cmTC_71f59.dir/src.cxx.o -c /home/tcs/server/CMakeFiles/CMakeTmp/src.cxx
cc1plus: error: -Werror=tautological-constant-out-of-range-compare: no option -Wtautological-constant-out-of-range-compare
CMakeFiles/cmTC_71f59.dir/build.make:65: recipe for target 'CMakeFiles/cmTC_71f59.dir/src.cxx.o' failed
make[1]: *** [CMakeFiles/cmTC_71f59.dir/src.cxx.o] Error 1
make[1]: Leaving directory '/home/tcs/server/CMakeFiles/CMakeTmp'
Makefile:126: recipe for target 'cmTC_71f59/fast' failed
make: *** [cmTC_71f59/fast] Error 2

Source file was:
int main(void) { return 0; }
Performing C SOURCE FILE Test have_C__Werror_extern_c_compat failed with the following output:
Change Dir: /home/tcs/server/CMakeFiles/CMakeTmp

Run Build Command:"/usr/bin/make" "cmTC_2fd5d/fast"
/usr/bin/make -f CMakeFiles/cmTC_2fd5d.dir/build.make CMakeFiles/cmTC_2fd5d.dir/build
make[1]: Entering directory '/home/tcs/server/CMakeFiles/CMakeTmp'
Building C object CMakeFiles/cmTC_2fd5d.dir/src.c.o
/usr/bin/cc -D_GNU_SOURCE  -pie -fPIC -Wl,-z,relro,-z,now -fstack-protector --param=ssp-buffer-size=4 -fPIC -Wno-shadow -Wno-implicit-fallthrough -Wno-missing-field-initializers -Wno-missing-field-initializers -Winit-self -Wswitch -Wtrampolines -Wlogical-op -Wno-error=missing-format-attribute -Wno-error=maybe-uninitialized -Dhave_C__Werror_extern_c_compat  -Werror=extern-c-compat   -o CMakeFiles/cmTC_2fd5d.dir/src.c.o   -c /home/tcs/server/CMakeFiles/CMakeTmp/src.c
cc1: error: -Werror=extern-c-compat: no option -Wextern-c-compat
CMakeFiles/cmTC_2fd5d.dir/build.make:65: recipe for target 'CMakeFiles/cmTC_2fd5d.dir/src.c.o' failed
make[1]: *** [CMakeFiles/cmTC_2fd5d.dir/src.c.o] Error 1
make[1]: Leaving directory '/home/tcs/server/CMakeFiles/CMakeTmp'
Makefile:126: recipe for target 'cmTC_2fd5d/fast' failed
make: *** [cmTC_2fd5d/fast] Error 2

Source file was:
int main(void) { return 0; }
Performing C++ SOURCE FILE Test have_CXX__Werror_extern_c_compat failed with the following output:
Change Dir: /home/tcs/server/CMakeFiles/CMakeTmp

Run Build Command:"/usr/bin/make" "cmTC_ca146/fast"
/usr/bin/make -f CMakeFiles/cmTC_ca146.dir/build.make CMakeFiles/cmTC_ca146.dir/build
make[1]: Entering directory '/home/tcs/server/CMakeFiles/CMakeTmp'
Building CXX object CMakeFiles/cmTC_ca146.dir/src.cxx.o
/usr/bin/c++  -D_GNU_SOURCE  -pie -fPIC -Wl,-z,relro,-z,now -fstack-protector --param=ssp-buffer-size=4 -fPIC -fno-rtti -Wno-shadow -Wno-implicit-fallthrough -std=c++11 -Wno-missing-field-initializers -Wno-missing-field-initializers -Wstrict-null-sentinel -Winit-self -Wswitch -Wtrampolines -Wlogical-op -Wno-error=missing-format-attribute -Wno-error=maybe-uninitialized -Dhave_CXX__Werror_extern_c_compat  -Werror=extern-c-compat   -o CMakeFiles/cmTC_ca146.dir/src.cxx.o -c /home/tcs/server/CMakeFiles/CMakeTmp/src.cxx
cc1plus: error: -Werror=extern-c-compat: no option -Wextern-c-compat
CMakeFiles/cmTC_ca146.dir/build.make:65: recipe for target 'CMakeFiles/cmTC_ca146.dir/src.cxx.o' failed
make[1]: *** [CMakeFiles/cmTC_ca146.dir/src.cxx.o] Error 1
make[1]: Leaving directory '/home/tcs/server/CMakeFiles/CMakeTmp'
Makefile:126: recipe for target 'cmTC_ca146/fast' failed
make: *** [cmTC_ca146/fast] Error 2

Source file was:
int main(void) { return 0; }
Performing C SOURCE FILE Test have_C__fno_rtti failed with the following output:
Change Dir: /home/tcs/server/CMakeFiles/CMakeTmp

Run Build Command:"/usr/bin/make" "cmTC_d0cf7/fast"
/usr/bin/make -f CMakeFiles/cmTC_d0cf7.dir/build.make CMakeFiles/cmTC_d0cf7.dir/build
make[1]: Entering directory '/home/tcs/server/CMakeFiles/CMakeTmp'
Building C object CMakeFiles/cmTC_d0cf7.dir/src.c.o
/usr/bin/cc -D_GNU_SOURCE  -pie -fPIC -Wl,-z,relro,-z,now -fstack-protector --param=ssp-buffer-size=4 -fPIC -Wno-shadow -Wno-implicit-fallthrough -Wno-missing-field-initializers -Wno-missing-field-initializers -Winit-self -Wswitch -Wtrampolines -Wlogical-op -Wno-error=missing-format-attribute -Wno-error=maybe-uninitialized -Dhave_C__fno_rtti  -fno-rtti   -o CMakeFiles/cmTC_d0cf7.dir/src.c.o   -c /home/tcs/server/CMakeFiles/CMakeTmp/src.c
cc1: warning: command line option ‘-fno-rtti’ is valid for C++/ObjC++ but not for C
Linking C executable cmTC_d0cf7
/usr/bin/cmake -E cmake_link_script CMakeFiles/cmTC_d0cf7.dir/link.txt --verbose=1
/usr/bin/cc  -pie -fPIC -Wl,-z,relro,-z,now -fstack-protector --param=ssp-buffer-size=4 -fPIC -Wno-shadow -Wno-implicit-fallthrough -Wno-missing-field-initializers -Wno-missing-field-initializers -Winit-self -Wswitch -Wtrampolines -Wlogical-op -Wno-error=missing-format-attribute -Wno-error=maybe-uninitialized -Dhave_C__fno_rtti  -fno-rtti    -rdynamic CMakeFiles/cmTC_d0cf7.dir/src.c.o  -o cmTC_d0cf7 -lpthread 
make[1]: Leaving directory '/home/tcs/server/CMakeFiles/CMakeTmp'

Source file was:
int main(void) { return 0; }
Performing C++ SOURCE FILE Test have_CXX__Wstrict_prototypes failed with the following output:
Change Dir: /home/tcs/server/CMakeFiles/CMakeTmp

Run Build Command:"/usr/bin/make" "cmTC_9c6fc/fast"
/usr/bin/make -f CMakeFiles/cmTC_9c6fc.dir/build.make CMakeFiles/cmTC_9c6fc.dir/build
make[1]: Entering directory '/home/tcs/server/CMakeFiles/CMakeTmp'
Building CXX object CMakeFiles/cmTC_9c6fc.dir/src.cxx.o
/usr/bin/c++  -D_GNU_SOURCE  -pie -fPIC -Wl,-z,relro,-z,now -fstack-protector --param=ssp-buffer-size=4 -fPIC -fno-rtti -Wno-shadow -Wno-implicit-fallthrough -std=c++11 -Wno-missing-field-initializers -Wno-missing-field-initializers -Wstrict-null-sentinel -Winit-self -Wswitch -Wtrampolines -Wlogical-op -Wno-error=missing-format-attribute -Wno-error=maybe-uninitialized -fno-rtti -fno-exceptions -Wno-error=nonnull-compare -Wpacked -fno-omit-frame-pointer -Wno-error=strict-overflow -Wextra -Wno-missing-noreturn -Dhave_CXX__Wstrict_prototypes  -Wstrict-prototypes   -o CMakeFiles/cmTC_9c6fc.dir/src.cxx.o -c /home/tcs/server/CMakeFiles/CMakeTmp/src.cxx
cc1plus: warning: command line option ‘-Wstrict-prototypes’ is valid for C/ObjC but not for C++
Linking CXX executable cmTC_9c6fc
/usr/bin/cmake -E cmake_link_script CMakeFiles/cmTC_9c6fc.dir/link.txt --verbose=1
/usr/bin/c++   -pie -fPIC -Wl,-z,relro,-z,now -fstack-protector --param=ssp-buffer-size=4 -fPIC -fno-rtti -Wno-shadow -Wno-implicit-fallthrough -std=c++11 -Wno-missing-field-initializers -Wno-missing-field-initializers -Wstrict-null-sentinel -Winit-self -Wswitch -Wtrampolines -Wlogical-op -Wno-error=missing-format-attribute -Wno-error=maybe-uninitialized -fno-rtti -fno-exceptions -Wno-error=nonnull-compare -Wpacked -fno-omit-frame-pointer -Wno-error=strict-overflow -Wextra -Wno-missing-noreturn -Dhave_CXX__Wstrict_prototypes  -Wstrict-prototypes    -rdynamic CMakeFiles/cmTC_9c6fc.dir/src.cxx.o  -o cmTC_9c6fc -lpthread 
make[1]: Leaving directory '/home/tcs/server/CMakeFiles/CMakeTmp'

Source file was:
int main(void) { return 0; }
Performing C++ SOURCE FILE Test have_CXX__Wmissing_prototypes failed with the following output:
Change Dir: /home/tcs/server/CMakeFiles/CMakeTmp

Run Build Command:"/usr/bin/make" "cmTC_c3575/fast"
/usr/bin/make -f CMakeFiles/cmTC_c3575.dir/build.make CMakeFiles/cmTC_c3575.dir/build
make[1]: Entering directory '/home/tcs/server/CMakeFiles/CMakeTmp'
Building CXX object CMakeFiles/cmTC_c3575.dir/src.cxx.o
/usr/bin/c++  -D_GNU_SOURCE  -pie -fPIC -Wl,-z,relro,-z,now -fstack-protector --param=ssp-buffer-size=4 -fPIC -fno-rtti -Wno-shadow -Wno-implicit-fallthrough -std=c++11 -Wno-missing-field-initializers -Wno-missing-field-initializers -Wstrict-null-sentinel -Winit-self -Wswitch -Wtrampolines -Wlogical-op -Wno-error=missing-format-attribute -Wno-error=maybe-uninitialized -fno-rtti -fno-exceptions -Wno-error=nonnull-compare -Wpacked -fno-omit-frame-pointer -Wno-error=strict-overflow -Wextra -Wno-missing-noreturn -Dhave_CXX__Wmissing_prototypes  -Wmissing-prototypes   -o CMakeFiles/cmTC_c3575.dir/src.cxx.o -c /home/tcs/server/CMakeFiles/CMakeTmp/src.cxx
cc1plus: warning: command line option ‘-Wmissing-prototypes’ is valid for C/ObjC but not for C++
Linking CXX executable cmTC_c3575
/usr/bin/cmake -E cmake_link_script CMakeFiles/cmTC_c3575.dir/link.txt --verbose=1
/usr/bin/c++   -pie -fPIC -Wl,-z,relro,-z,now -fstack-protector --param=ssp-buffer-size=4 -fPIC -fno-rtti -Wno-shadow -Wno-implicit-fallthrough -std=c++11 -Wno-missing-field-initializers -Wno-missing-field-initializers -Wstrict-null-sentinel -Winit-self -Wswitch -Wtrampolines -Wlogical-op -Wno-error=missing-format-attribute -Wno-error=maybe-uninitialized -fno-rtti -fno-exceptions -Wno-error=nonnull-compare -Wpacked -fno-omit-frame-pointer -Wno-error=strict-overflow -Wextra -Wno-missing-noreturn -Dhave_CXX__Wmissing_prototypes  -Wmissing-prototypes    -rdynamic CMakeFiles/cmTC_c3575.dir/src.cxx.o  -o cmTC_c3575 -lpthread 
make[1]: Leaving directory '/home/tcs/server/CMakeFiles/CMakeTmp'

Source file was:
int main(void) { return 0; }
Determining if the include file event.h exists failed with the following output:
Change Dir: /home/tcs/server/CMakeFiles/CMakeTmp

Run Build Command:"/usr/bin/make" "cmTC_45d01/fast"
/usr/bin/make -f CMakeFiles/cmTC_45d01.dir/build.make CMakeFiles/cmTC_45d01.dir/build
make[1]: Entering directory '/home/tcs/server/CMakeFiles/CMakeTmp'
Building C object CMakeFiles/cmTC_45d01.dir/CheckIncludeFile.c.o
/usr/bin/cc -DPACKAGE=test -D_FILE_OFFSET_BITS=64 -D_GNU_SOURCE=1 -D_LARGEFILE_SOURCE -D_LARGE_FILES -D__STDC_CONSTANT_MACROS -D__STDC_FORMAT_MACROS -D__STDC_LIMIT_MACROS  -pie -fPIC -Wl,-z,relro,-z,now -fstack-protector --param=ssp-buffer-size=4 -fPIC    -o CMakeFiles/cmTC_45d01.dir/CheckIncludeFile.c.o   -c /home/tcs/server/CMakeFiles/CMakeTmp/CheckIncludeFile.c
/home/tcs/server/CMakeFiles/CMakeTmp/CheckIncludeFile.c:1:10: fatal error: event.h: No such file or directory
 #include <event.h>
          ^~~~~~~~~
compilation terminated.
CMakeFiles/cmTC_45d01.dir/build.make:65: recipe for target 'CMakeFiles/cmTC_45d01.dir/CheckIncludeFile.c.o' failed
make[1]: *** [CMakeFiles/cmTC_45d01.dir/CheckIncludeFile.c.o] Error 1
make[1]: Leaving directory '/home/tcs/server/CMakeFiles/CMakeTmp'
Makefile:126: recipe for target 'cmTC_45d01/fast' failed
make: *** [cmTC_45d01/fast] Error 2


